<?xml version="1.0" encoding="UTF-8"?>
<testsuite xmlns:xsi="http://www.w3.org/2001/XMLSchema-instance" xsi:noNamespaceSchemaLocation="https://maven.apache.org/surefire/maven-surefire-plugin/xsd/surefire-test-report.xsd" version="3.0.2" name="com.google.gson.internal.LinkedTreeMapSuiteTest" time="0.982" tests="1852" errors="0" skipped="0" failures="0">
  <properties>
[...]
</properties>
  <testcase name="testClear[nullValues=true [collection size: zero]]" classname="com.google.common.collect.testing.testers.MapClearTester" time="0.001"/>
  <testcase name="testClear[nullValues=true [collection size: one]]" classname="com.google.common.collect.testing.testers.MapClearTester" time="0.0"/>
  <testcase name="testClear[nullValues=true [collection size: several]]" classname="com.google.common.collect.testing.testers.MapClearTester" time="0.0"/>
  <testcase name="testClear[nullValues=false [collection size: zero]]" classname="com.google.common.collect.testing.testers.MapClearTester" time="0.0"/>
  <testcase name="testClear[nullValues=false [collection size: one]]" classname="com.google.common.collect.testing.testers.MapClearTester" time="0.0"/>
  <testcase name="testClear[nullValues=false [collection size: several]]" classname="com.google.common.collect.testing.testers.MapClearTester" time="0.0"/>
  <testcase name="testCompute_absentToAbsent[nullValues=true [collection size: zero]]" classname="com.google.common.collect.testing.testers.MapComputeTester" time="0.001"/>
  <testcase name="testCompute_absentToPresent[nullValues=true [collection size: zero]]" classname="com.google.common.collect.testing.testers.MapComputeTester" time="0.0"/>
  <testcase name="testCompute_absentFunctionThrows[nullValues=true [collection size: zero]]" classname="com.google.common.collect.testing.testers.MapComputeTester" time="0.03"/>
  <testcase name="testCompute_absentToAbsent[nullValues=true [collection size: one]]" classname="com.google.common.collect.testing.testers.MapComputeTester" time="0.001"/>
  <testcase name="testCompute_presentToPresent[nullValues=true [collection size: one]]" classname="com.google.common.collect.testing.testers.MapComputeTester" time="0.001"/>
  <testcase name="testCompute_absentToPresent[nullValues=true [collection size: one]]" classname="com.google.common.collect.testing.testers.MapComputeTester" time="0.001"/>
  <testcase name="testCompute_presentFunctionThrows[nullValues=true [collection size: one]]" classname="com.google.common.collect.testing.testers.MapComputeTester" time="0.001"/>
  <testcase name="testCompute_absentFunctionThrows[nullValues=true [collection size: one]]" classname="com.google.common.collect.testing.testers.MapComputeTester" time="0.0"/>
  <testcase name="testCompute_presentNullToNull[nullValues=true [collection size: one]]" classname="com.google.common.collect.testing.testers.MapComputeTester" time="0.004"/>
  <testcase name="testCompute_presentToAbsent[nullValues=true [collection size: one]]" classname="com.google.common.collect.testing.testers.MapComputeTester" time="0.0"/>
  <testcase name="testCompute_presentNullToPresentNonnull[nullValues=true [collection size: one]]" classname="com.google.common.collect.testing.testers.MapComputeTester" time="0.0"/>
  <testcase name="testCompute_absentToAbsent[nullValues=true [collection size: several]]" classname="com.google.common.collect.testing.testers.MapComputeTester" time="0.0"/>
  <testcase name="testCompute_presentToPresent[nullValues=true [collection size: several]]" classname="com.google.common.collect.testing.testers.MapComputeTester" time="0.0"/>
  <testcase name="testCompute_absentToPresent[nullValues=true [collection size: several]]" classname="com.google.common.collect.testing.testers.MapComputeTester" time="0.0"/>
  <testcase name="testCompute_presentFunctionThrows[nullValues=true [collection size: several]]" classname="com.google.common.collect.testing.testers.MapComputeTester" time="0.0"/>
  <testcase name="testCompute_absentFunctionThrows[nullValues=true [collection size: several]]" classname="com.google.common.collect.testing.testers.MapComputeTester" time="0.0"/>
  <testcase name="testCompute_presentNullToNull[nullValues=true [collection size: several]]" classname="com.google.common.collect.testing.testers.MapComputeTester" time="0.0"/>
  <testcase name="testCompute_presentToAbsent[nullValues=true [collection size: several]]" classname="com.google.common.collect.testing.testers.MapComputeTester" time="0.0"/>
  <testcase name="testCompute_presentNullToPresentNonnull[nullValues=true [collection size: several]]" classname="com.google.common.collect.testing.testers.MapComputeTester" time="0.0"/>
  <testcase name="testCompute_absentToAbsent[nullValues=false [collection size: zero]]" classname="com.google.common.collect.testing.testers.MapComputeTester" time="0.0"/>
  <testcase name="testCompute_absentToPresent[nullValues=false [collection size: zero]]" classname="com.google.common.collect.testing.testers.MapComputeTester" time="0.0"/>
  <testcase name="testCompute_absentFunctionThrows[nullValues=false [collection size: zero]]" classname="com.google.common.collect.testing.testers.MapComputeTester" time="0.0"/>
  <testcase name="testCompute_absentToAbsent[nullValues=false [collection size: one]]" classname="com.google.common.collect.testing.testers.MapComputeTester" time="0.0"/>
  <testcase name="testCompute_presentToPresent[nullValues=false [collection size: one]]" classname="com.google.common.collect.testing.testers.MapComputeTester" time="0.0"/>
  <testcase name="testCompute_absentToPresent[nullValues=false [collection size: one]]" classname="com.google.common.collect.testing.testers.MapComputeTester" time="0.0"/>
  <testcase name="testCompute_presentFunctionThrows[nullValues=false [collection size: one]]" classname="com.google.common.collect.testing.testers.MapComputeTester" time="0.0"/>
  <testcase name="testCompute_absentFunctionThrows[nullValues=false [collection size: one]]" classname="com.google.common.collect.testing.testers.MapComputeTester" time="0.0"/>
  <testcase name="testCompute_presentToAbsent[nullValues=false [collection size: one]]" classname="com.google.common.collect.testing.testers.MapComputeTester" time="0.0"/>
  <testcase name="testCompute_absentToAbsent[nullValues=false [collection size: several]]" classname="com.google.common.collect.testing.testers.MapComputeTester" time="0.0"/>
  <testcase name="testCompute_presentToPresent[nullValues=false [collection size: several]]" classname="com.google.common.collect.testing.testers.MapComputeTester" time="0.0"/>
  <testcase name="testCompute_absentToPresent[nullValues=false [collection size: several]]" classname="com.google.common.collect.testing.testers.MapComputeTester" time="0.0"/>
  <testcase name="testCompute_presentFunctionThrows[nullValues=false [collection size: several]]" classname="com.google.common.collect.testing.testers.MapComputeTester" time="0.0"/>
  <testcase name="testCompute_absentFunctionThrows[nullValues=false [collection size: several]]" classname="com.google.common.collect.testing.testers.MapComputeTester" time="0.0"/>
  <testcase name="testCompute_presentToAbsent[nullValues=false [collection size: several]]" classname="com.google.common.collect.testing.testers.MapComputeTester" time="0.0"/>
  <testcase name="testComputeIfAbsent_functionReturnsNullNotInserted[nullValues=true [collection size: zero]]" classname="com.google.common.collect.testing.testers.MapComputeIfAbsentTester" time="0.0"/>
  <testcase name="testComputeIfAbsent_supportedAbsent[nullValues=true [collection size: zero]]" classname="com.google.common.collect.testing.testers.MapComputeIfAbsentTester" time="0.0"/>
  <testcase name="testComputeIfAbsent_nullKeyUnsupported[nullValues=true [collection size: zero]]" classname="com.google.common.collect.testing.testers.MapComputeIfAbsentTester" time="0.001"/>
  <testcase name="testComputeIfAbsent_functionThrows[nullValues=true [collection size: zero]]" classname="com.google.common.collect.testing.testers.MapComputeIfAbsentTester" time="0.002"/>
  <testcase name="testComputeIfAbsent_supportedPresent[nullValues=true [collection size: one]]" classname="com.google.common.collect.testing.testers.MapComputeIfAbsentTester" time="0.0"/>
  <testcase name="testComputeIfAbsent_functionReturnsNullNotInserted[nullValues=true [collection size: one]]" classname="com.google.common.collect.testing.testers.MapComputeIfAbsentTester" time="0.0"/>
  <testcase name="testComputeIfAbsent_nullTreatedAsAbsent[nullValues=true [collection size: one]]" classname="com.google.common.collect.testing.testers.MapComputeIfAbsentTester" time="0.0"/>
  <testcase name="testComputeIfAbsent_supportedAbsent[nullValues=true [collection size: one]]" classname="com.google.common.collect.testing.testers.MapComputeIfAbsentTester" time="0.0"/>
  <testcase name="testComputeIfAbsent_nullKeyUnsupported[nullValues=true [collection size: one]]" classname="com.google.common.collect.testing.testers.MapComputeIfAbsentTester" time="0.0"/>
  <testcase name="testComputeIfAbsent_functionThrows[nullValues=true [collection size: one]]" classname="com.google.common.collect.testing.testers.MapComputeIfAbsentTester" time="0.0"/>
  <testcase name="testComputeIfAbsent_supportedPresent[nullValues=true [collection size: several]]" classname="com.google.common.collect.testing.testers.MapComputeIfAbsentTester" time="0.0"/>
  <testcase name="testComputeIfAbsent_functionReturnsNullNotInserted[nullValues=true [collection size: several]]" classname="com.google.common.collect.testing.testers.MapComputeIfAbsentTester" time="0.0"/>
  <testcase name="testComputeIfAbsent_nullTreatedAsAbsent[nullValues=true [collection size: several]]" classname="com.google.common.collect.testing.testers.MapComputeIfAbsentTester" time="0.0"/>
  <testcase name="testComputeIfAbsent_supportedAbsent[nullValues=true [collection size: several]]" classname="com.google.common.collect.testing.testers.MapComputeIfAbsentTester" time="0.0"/>
  <testcase name="testComputeIfAbsent_nullKeyUnsupported[nullValues=true [collection size: several]]" classname="com.google.common.collect.testing.testers.MapComputeIfAbsentTester" time="0.0"/>
  <testcase name="testComputeIfAbsent_functionThrows[nullValues=true [collection size: several]]" classname="com.google.common.collect.testing.testers.MapComputeIfAbsentTester" time="0.0"/>
  <testcase name="testComputeIfAbsent_functionReturnsNullNotInserted[nullValues=false [collection size: zero]]" classname="com.google.common.collect.testing.testers.MapComputeIfAbsentTester" time="0.0"/>
  <testcase name="testComputeIfAbsent_supportedAbsent[nullValues=false [collection size: zero]]" classname="com.google.common.collect.testing.testers.MapComputeIfAbsentTester" time="0.0"/>
  <testcase name="testComputeIfAbsent_nullKeyUnsupported[nullValues=false [collection size: zero]]" classname="com.google.common.collect.testing.testers.MapComputeIfAbsentTester" time="0.0"/>
  <testcase name="testComputeIfAbsent_functionThrows[nullValues=false [collection size: zero]]" classname="com.google.common.collect.testing.testers.MapComputeIfAbsentTester" time="0.0"/>
  <testcase name="testComputeIfAbsent_supportedPresent[nullValues=false [collection size: one]]" classname="com.google.common.collect.testing.testers.MapComputeIfAbsentTester" time="0.0"/>
  <testcase name="testComputeIfAbsent_functionReturnsNullNotInserted[nullValues=false [collection size: one]]" classname="com.google.common.collect.testing.testers.MapComputeIfAbsentTester" time="0.0"/>
  <testcase name="testComputeIfAbsent_supportedAbsent[nullValues=false [collection size: one]]" classname="com.google.common.collect.testing.testers.MapComputeIfAbsentTester" time="0.0"/>
  <testcase name="testComputeIfAbsent_nullKeyUnsupported[nullValues=false [collection size: one]]" classname="com.google.common.collect.testing.testers.MapComputeIfAbsentTester" time="0.0"/>
  <testcase name="testComputeIfAbsent_functionThrows[nullValues=false [collection size: one]]" classname="com.google.common.collect.testing.testers.MapComputeIfAbsentTester" time="0.0"/>
  <testcase name="testComputeIfAbsent_supportedPresent[nullValues=false [collection size: several]]" classname="com.google.common.collect.testing.testers.MapComputeIfAbsentTester" time="0.0"/>
  <testcase name="testComputeIfAbsent_functionReturnsNullNotInserted[nullValues=false [collection size: several]]" classname="com.google.common.collect.testing.testers.MapComputeIfAbsentTester" time="0.0"/>
  <testcase name="testComputeIfAbsent_supportedAbsent[nullValues=false [collection size: several]]" classname="com.google.common.collect.testing.testers.MapComputeIfAbsentTester" time="0.0"/>
  <testcase name="testComputeIfAbsent_nullKeyUnsupported[nullValues=false [collection size: several]]" classname="com.google.common.collect.testing.testers.MapComputeIfAbsentTester" time="0.0"/>
  <testcase name="testComputeIfAbsent_functionThrows[nullValues=false [collection size: several]]" classname="com.google.common.collect.testing.testers.MapComputeIfAbsentTester" time="0.0"/>
  <testcase name="testComputeIfPresent_supportedAbsent[nullValues=true [collection size: zero]]" classname="com.google.common.collect.testing.testers.MapComputeIfPresentTester" time="0.001"/>
  <testcase name="testComputeIfPresent_supportedAbsent[nullValues=true [collection size: one]]" classname="com.google.common.collect.testing.testers.MapComputeIfPresentTester" time="0.0"/>
  <testcase name="testComputeIfPresent_functionReturnsNull[nullValues=true [collection size: one]]" classname="com.google.common.collect.testing.testers.MapComputeIfPresentTester" time="0.003"/>
  <testcase name="testComputeIfPresent_nullTreatedAsAbsent[nullValues=true [collection size: one]]" classname="com.google.common.collect.testing.testers.MapComputeIfPresentTester" time="0.0"/>
  <testcase name="testComputeIfPresent_functionThrows[nullValues=true [collection size: one]]" classname="com.google.common.collect.testing.testers.MapComputeIfPresentTester" time="0.001"/>
  <testcase name="testComputeIfPresent_supportedPresent[nullValues=true [collection size: one]]" classname="com.google.common.collect.testing.testers.MapComputeIfPresentTester" time="0.0"/>
  <testcase name="testComputeIfPresent_supportedAbsent[nullValues=true [collection size: several]]" classname="com.google.common.collect.testing.testers.MapComputeIfPresentTester" time="0.0"/>
  <testcase name="testComputeIfPresent_functionReturnsNull[nullValues=true [collection size: several]]" classname="com.google.common.collect.testing.testers.MapComputeIfPresentTester" time="0.0"/>
  <testcase name="testComputeIfPresent_nullTreatedAsAbsent[nullValues=true [collection size: several]]" classname="com.google.common.collect.testing.testers.MapComputeIfPresentTester" time="0.0"/>
  <testcase name="testComputeIfPresent_functionThrows[nullValues=true [collection size: several]]" classname="com.google.common.collect.testing.testers.MapComputeIfPresentTester" time="0.0"/>
  <testcase name="testComputeIfPresent_supportedPresent[nullValues=true [collection size: several]]" classname="com.google.common.collect.testing.testers.MapComputeIfPresentTester" time="0.0"/>
  <testcase name="testComputeIfPresent_supportedAbsent[nullValues=false [collection size: zero]]" classname="com.google.common.collect.testing.testers.MapComputeIfPresentTester" time="0.0"/>
  <testcase name="testComputeIfPresent_supportedAbsent[nullValues=false [collection size: one]]" classname="com.google.common.collect.testing.testers.MapComputeIfPresentTester" time="0.0"/>
  <testcase name="testComputeIfPresent_functionReturnsNull[nullValues=false [collection size: one]]" classname="com.google.common.collect.testing.testers.MapComputeIfPresentTester" time="0.0"/>
  <testcase name="testComputeIfPresent_functionThrows[nullValues=false [collection size: one]]" classname="com.google.common.collect.testing.testers.MapComputeIfPresentTester" time="0.0"/>
  <testcase name="testComputeIfPresent_supportedPresent[nullValues=false [collection size: one]]" classname="com.google.common.collect.testing.testers.MapComputeIfPresentTester" time="0.0"/>
  <testcase name="testComputeIfPresent_supportedAbsent[nullValues=false [collection size: several]]" classname="com.google.common.collect.testing.testers.MapComputeIfPresentTester" time="0.0"/>
  <testcase name="testComputeIfPresent_functionReturnsNull[nullValues=false [collection size: several]]" classname="com.google.common.collect.testing.testers.MapComputeIfPresentTester" time="0.0"/>
  <testcase name="testComputeIfPresent_functionThrows[nullValues=false [collection size: several]]" classname="com.google.common.collect.testing.testers.MapComputeIfPresentTester" time="0.001"/>
  <testcase name="testComputeIfPresent_supportedPresent[nullValues=false [collection size: several]]" classname="com.google.common.collect.testing.testers.MapComputeIfPresentTester" time="0.0"/>
  <testcase name="testContains_no[nullValues=true [collection size: zero]]" classname="com.google.common.collect.testing.testers.MapContainsKeyTester" time="0.0"/>
  <testcase name="testContains_nullNotContainedButAllowed[nullValues=true [collection size: zero]]" classname="com.google.common.collect.testing.testers.MapContainsKeyTester" time="0.0"/>
  <testcase name="testContains_wrongType[nullValues=true [collection size: zero]]" classname="com.google.common.collect.testing.testers.MapContainsKeyTester" time="0.0"/>
  <testcase name="testContains_keyWithNullValueContained[nullValues=true [collection size: one]]" classname="com.google.common.collect.testing.testers.MapContainsKeyTester" time="0.0"/>
  <testcase name="testContains_yes[nullValues=true [collection size: one]]" classname="com.google.common.collect.testing.testers.MapContainsKeyTester" time="0.001"/>
  <testcase name="testContains_no[nullValues=true [collection size: one]]" classname="com.google.common.collect.testing.testers.MapContainsKeyTester" time="0.0"/>
  <testcase name="testContains_nullNotContainedButAllowed[nullValues=true [collection size: one]]" classname="com.google.common.collect.testing.testers.MapContainsKeyTester" time="0.0"/>
  <testcase name="testContains_wrongType[nullValues=true [collection size: one]]" classname="com.google.common.collect.testing.testers.MapContainsKeyTester" time="0.0"/>
  <testcase name="testContains_keyWithNullValueContained[nullValues=true [collection size: several]]" classname="com.google.common.collect.testing.testers.MapContainsKeyTester" time="0.0"/>
  <testcase name="testContains_yes[nullValues=true [collection size: several]]" classname="com.google.common.collect.testing.testers.MapContainsKeyTester" time="0.0"/>
  <testcase name="testContains_no[nullValues=true [collection size: several]]" classname="com.google.common.collect.testing.testers.MapContainsKeyTester" time="0.0"/>
  <testcase name="testContains_nullNotContainedButAllowed[nullValues=true [collection size: several]]" classname="com.google.common.collect.testing.testers.MapContainsKeyTester" time="0.0"/>
  <testcase name="testContains_wrongType[nullValues=true [collection size: several]]" classname="com.google.common.collect.testing.testers.MapContainsKeyTester" time="0.0"/>
  <testcase name="testContains_no[nullValues=false [collection size: zero]]" classname="com.google.common.collect.testing.testers.MapContainsKeyTester" time="0.0"/>
  <testcase name="testContains_nullNotContainedButAllowed[nullValues=false [collection size: zero]]" classname="com.google.common.collect.testing.testers.MapContainsKeyTester" time="0.0"/>
  <testcase name="testContains_wrongType[nullValues=false [collection size: zero]]" classname="com.google.common.collect.testing.testers.MapContainsKeyTester" time="0.0"/>
  <testcase name="testContains_yes[nullValues=false [collection size: one]]" classname="com.google.common.collect.testing.testers.MapContainsKeyTester" time="0.0"/>
  <testcase name="testContains_no[nullValues=false [collection size: one]]" classname="com.google.common.collect.testing.testers.MapContainsKeyTester" time="0.0"/>
  <testcase name="testContains_nullNotContainedButAllowed[nullValues=false [collection size: one]]" classname="com.google.common.collect.testing.testers.MapContainsKeyTester" time="0.0"/>
  <testcase name="testContains_wrongType[nullValues=false [collection size: one]]" classname="com.google.common.collect.testing.testers.MapContainsKeyTester" time="0.0"/>
  <testcase name="testContains_yes[nullValues=false [collection size: several]]" classname="com.google.common.collect.testing.testers.MapContainsKeyTester" time="0.0"/>
  <testcase name="testContains_no[nullValues=false [collection size: several]]" classname="com.google.common.collect.testing.testers.MapContainsKeyTester" time="0.0"/>
  <testcase name="testContains_nullNotContainedButAllowed[nullValues=false [collection size: several]]" classname="com.google.common.collect.testing.testers.MapContainsKeyTester" time="0.0"/>
  <testcase name="testContains_wrongType[nullValues=false [collection size: several]]" classname="com.google.common.collect.testing.testers.MapContainsKeyTester" time="0.0"/>
  <testcase name="testContains_no[nullValues=true [collection size: zero]]" classname="com.google.common.collect.testing.testers.MapContainsValueTester" time="0.0"/>
  <testcase name="testContains_nullNotContainedButAllowed[nullValues=true [collection size: zero]]" classname="com.google.common.collect.testing.testers.MapContainsValueTester" time="0.0"/>
  <testcase name="testContains_wrongType[nullValues=true [collection size: zero]]" classname="com.google.common.collect.testing.testers.MapContainsValueTester" time="0.0"/>
  <testcase name="testContains_nonNullWhenNullContained[nullValues=true [collection size: one]]" classname="com.google.common.collect.testing.testers.MapContainsValueTester" time="0.0"/>
  <testcase name="testContains_yes[nullValues=true [collection size: one]]" classname="com.google.common.collect.testing.testers.MapContainsValueTester" time="0.0"/>
  <testcase name="testContains_no[nullValues=true [collection size: one]]" classname="com.google.common.collect.testing.testers.MapContainsValueTester" time="0.0"/>
  <testcase name="testContains_nullNotContainedButAllowed[nullValues=true [collection size: one]]" classname="com.google.common.collect.testing.testers.MapContainsValueTester" time="0.0"/>
  <testcase name="testContains_nullContained[nullValues=true [collection size: one]]" classname="com.google.common.collect.testing.testers.MapContainsValueTester" time="0.001"/>
  <testcase name="testContains_wrongType[nullValues=true [collection size: one]]" classname="com.google.common.collect.testing.testers.MapContainsValueTester" time="0.0"/>
  <testcase name="testContains_nonNullWhenNullContained[nullValues=true [collection size: several]]" classname="com.google.common.collect.testing.testers.MapContainsValueTester" time="0.0"/>
  <testcase name="testContains_yes[nullValues=true [collection size: several]]" classname="com.google.common.collect.testing.testers.MapContainsValueTester" time="0.0"/>
  <testcase name="testContains_no[nullValues=true [collection size: several]]" classname="com.google.common.collect.testing.testers.MapContainsValueTester" time="0.0"/>
  <testcase name="testContains_nullNotContainedButAllowed[nullValues=true [collection size: several]]" classname="com.google.common.collect.testing.testers.MapContainsValueTester" time="0.0"/>
  <testcase name="testContains_nullContained[nullValues=true [collection size: several]]" classname="com.google.common.collect.testing.testers.MapContainsValueTester" time="0.0"/>
  <testcase name="testContains_wrongType[nullValues=true [collection size: several]]" classname="com.google.common.collect.testing.testers.MapContainsValueTester" time="0.0"/>
  <testcase name="testContains_no[nullValues=false [collection size: zero]]" classname="com.google.common.collect.testing.testers.MapContainsValueTester" time="0.0"/>
  <testcase name="testContains_nullNotContainedButAllowed[nullValues=false [collection size: zero]]" classname="com.google.common.collect.testing.testers.MapContainsValueTester" time="0.0"/>
  <testcase name="testContains_wrongType[nullValues=false [collection size: zero]]" classname="com.google.common.collect.testing.testers.MapContainsValueTester" time="0.0"/>
  <testcase name="testContains_yes[nullValues=false [collection size: one]]" classname="com.google.common.collect.testing.testers.MapContainsValueTester" time="0.0"/>
  <testcase name="testContains_no[nullValues=false [collection size: one]]" classname="com.google.common.collect.testing.testers.MapContainsValueTester" time="0.0"/>
  <testcase name="testContains_nullNotContainedButAllowed[nullValues=false [collection size: one]]" classname="com.google.common.collect.testing.testers.MapContainsValueTester" time="0.0"/>
  <testcase name="testContains_wrongType[nullValues=false [collection size: one]]" classname="com.google.common.collect.testing.testers.MapContainsValueTester" time="0.0"/>
  <testcase name="testContains_yes[nullValues=false [collection size: several]]" classname="com.google.common.collect.testing.testers.MapContainsValueTester" time="0.0"/>
  <testcase name="testContains_no[nullValues=false [collection size: several]]" classname="com.google.common.collect.testing.testers.MapContainsValueTester" time="0.0"/>
  <testcase name="testContains_nullNotContainedButAllowed[nullValues=false [collection size: several]]" classname="com.google.common.collect.testing.testers.MapContainsValueTester" time="0.0"/>
  <testcase name="testContains_wrongType[nullValues=false [collection size: several]]" classname="com.google.common.collect.testing.testers.MapContainsValueTester" time="0.0"/>
  <testcase name="testContainsEntryWithNullKeyAbsent[nullValues=true [collection size: zero]]" classname="com.google.common.collect.testing.testers.MapEntrySetTester" time="0.0"/>
  <testcase name="testContainsEntryWithIncomparableKey[nullValues=true [collection size: zero]]" classname="com.google.common.collect.testing.testers.MapEntrySetTester" time="0.001"/>
  <testcase name="testContainsEntryWithIncomparableValue[nullValues=true [collection size: zero]]" classname="com.google.common.collect.testing.testers.MapEntrySetTester" time="0.0"/>
  <testcase name="testContainsEntryWithNullValueAbsent[nullValues=true [collection size: zero]]" classname="com.google.common.collect.testing.testers.MapEntrySetTester" time="0.0"/>
  <testcase name="testEntrySetIteratorRemove[nullValues=true [collection size: one]]" classname="com.google.common.collect.testing.testers.MapEntrySetTester" time="0.001"/>
  <testcase name="testContainsEntryWithNullKeyAbsent[nullValues=true [collection size: one]]" classname="com.google.common.collect.testing.testers.MapEntrySetTester" time="0.0"/>
  <testcase name="testContainsEntryWithIncomparableKey[nullValues=true [collection size: one]]" classname="com.google.common.collect.testing.testers.MapEntrySetTester" time="0.0"/>
  <testcase name="testContainsEntryWithIncomparableValue[nullValues=true [collection size: one]]" classname="com.google.common.collect.testing.testers.MapEntrySetTester" time="0.0"/>
  <testcase name="testContainsEntryWithNullValuePresent[nullValues=true [collection size: one]]" classname="com.google.common.collect.testing.testers.MapEntrySetTester" time="0.0"/>
  <testcase name="testSetValueWithNullValuesPresent[nullValues=true [collection size: one]]" classname="com.google.common.collect.testing.testers.MapEntrySetTester" time="0.0"/>
  <testcase name="testContainsEntryWithNullValueAbsent[nullValues=true [collection size: one]]" classname="com.google.common.collect.testing.testers.MapEntrySetTester" time="0.0"/>
  <testcase name="testSetValue[nullValues=true [collection size: one]]" classname="com.google.common.collect.testing.testers.MapEntrySetTester" time="0.0"/>
  <testcase name="testContainsEntryWithNullKeyAbsent[nullValues=true [collection size: several]]" classname="com.google.common.collect.testing.testers.MapEntrySetTester" time="0.0"/>
  <testcase name="testContainsEntryWithIncomparableKey[nullValues=true [collection size: several]]" classname="com.google.common.collect.testing.testers.MapEntrySetTester" time="0.0"/>
  <testcase name="testContainsEntryWithIncomparableValue[nullValues=true [collection size: several]]" classname="com.google.common.collect.testing.testers.MapEntrySetTester" time="0.0"/>
  <testcase name="testContainsEntryWithNullValuePresent[nullValues=true [collection size: several]]" classname="com.google.common.collect.testing.testers.MapEntrySetTester" time="0.0"/>
  <testcase name="testSetValueWithNullValuesPresent[nullValues=true [collection size: several]]" classname="com.google.common.collect.testing.testers.MapEntrySetTester" time="0.0"/>
  <testcase name="testContainsEntryWithNullValueAbsent[nullValues=true [collection size: several]]" classname="com.google.common.collect.testing.testers.MapEntrySetTester" time="0.0"/>
  <testcase name="testSetValue[nullValues=true [collection size: several]]" classname="com.google.common.collect.testing.testers.MapEntrySetTester" time="0.0"/>
  <testcase name="testContainsEntryWithNullKeyAbsent[nullValues=false [collection size: zero]]" classname="com.google.common.collect.testing.testers.MapEntrySetTester" time="0.0"/>
  <testcase name="testContainsEntryWithIncomparableKey[nullValues=false [collection size: zero]]" classname="com.google.common.collect.testing.testers.MapEntrySetTester" time="0.0"/>
  <testcase name="testContainsEntryWithIncomparableValue[nullValues=false [collection size: zero]]" classname="com.google.common.collect.testing.testers.MapEntrySetTester" time="0.0"/>
  <testcase name="testContainsEntryWithNullValueAbsent[nullValues=false [collection size: zero]]" classname="com.google.common.collect.testing.testers.MapEntrySetTester" time="0.0"/>
  <testcase name="testEntrySetIteratorRemove[nullValues=false [collection size: one]]" classname="com.google.common.collect.testing.testers.MapEntrySetTester" time="0.0"/>
  <testcase name="testContainsEntryWithNullKeyAbsent[nullValues=false [collection size: one]]" classname="com.google.common.collect.testing.testers.MapEntrySetTester" time="0.0"/>
  <testcase name="testContainsEntryWithIncomparableKey[nullValues=false [collection size: one]]" classname="com.google.common.collect.testing.testers.MapEntrySetTester" time="0.0"/>
  <testcase name="testContainsEntryWithIncomparableValue[nullValues=false [collection size: one]]" classname="com.google.common.collect.testing.testers.MapEntrySetTester" time="0.0"/>
  <testcase name="testSetValueWithNullValuesAbsent[nullValues=false [collection size: one]]" classname="com.google.common.collect.testing.testers.MapEntrySetTester" time="0.001"/>
  <testcase name="testContainsEntryWithNullValueAbsent[nullValues=false [collection size: one]]" classname="com.google.common.collect.testing.testers.MapEntrySetTester" time="0.0"/>
  <testcase name="testSetValue[nullValues=false [collection size: one]]" classname="com.google.common.collect.testing.testers.MapEntrySetTester" time="0.0"/>
  <testcase name="testContainsEntryWithNullKeyAbsent[nullValues=false [collection size: several]]" classname="com.google.common.collect.testing.testers.MapEntrySetTester" time="0.0"/>
  <testcase name="testContainsEntryWithIncomparableKey[nullValues=false [collection size: several]]" classname="com.google.common.collect.testing.testers.MapEntrySetTester" time="0.001"/>
  <testcase name="testContainsEntryWithIncomparableValue[nullValues=false [collection size: several]]" classname="com.google.common.collect.testing.testers.MapEntrySetTester" time="0.0"/>
  <testcase name="testSetValueWithNullValuesAbsent[nullValues=false [collection size: several]]" classname="com.google.common.collect.testing.testers.MapEntrySetTester" time="0.0"/>
  <testcase name="testContainsEntryWithNullValueAbsent[nullValues=false [collection size: several]]" classname="com.google.common.collect.testing.testers.MapEntrySetTester" time="0.0"/>
  <testcase name="testSetValue[nullValues=false [collection size: several]]" classname="com.google.common.collect.testing.testers.MapEntrySetTester" time="0.0"/>
  <testcase name="testEquals_list[nullValues=true [collection size: zero]]" classname="com.google.common.collect.testing.testers.MapEqualsTester" time="0.0"/>
  <testcase name="testEquals_otherMapWithSameEntries[nullValues=true [collection size: zero]]" classname="com.google.common.collect.testing.testers.MapEqualsTester" time="0.0"/>
  <testcase name="testEquals_largerMap[nullValues=true [collection size: zero]]" classname="com.google.common.collect.testing.testers.MapEqualsTester" time="0.001"/>
  <testcase name="testEquals_list[nullValues=true [collection size: one]]" classname="com.google.common.collect.testing.testers.MapEqualsTester" time="0.0"/>
  <testcase name="testEquals_otherMapWithDifferentEntries[nullValues=true [collection size: one]]" classname="com.google.common.collect.testing.testers.MapEqualsTester" time="0.0"/>
  <testcase name="testEquals_otherMapWithSameEntries[nullValues=true [collection size: one]]" classname="com.google.common.collect.testing.testers.MapEqualsTester" time="0.0"/>
  <testcase name="testEquals_otherContainsNullValue[nullValues=true [collection size: one]]" classname="com.google.common.collect.testing.testers.MapEqualsTester" time="0.0"/>
  <testcase name="testEquals_largerMap[nullValues=true [collection size: one]]" classname="com.google.common.collect.testing.testers.MapEqualsTester" time="0.0"/>
  <testcase name="testEquals_otherContainsNullKey[nullValues=true [collection size: one]]" classname="com.google.common.collect.testing.testers.MapEqualsTester" time="0.001"/>
  <testcase name="testEquals_smallerMap[nullValues=true [collection size: one]]" classname="com.google.common.collect.testing.testers.MapEqualsTester" time="0.0"/>
  <testcase name="testEquals_containingNullValue[nullValues=true [collection size: one]]" classname="com.google.common.collect.testing.testers.MapEqualsTester" time="0.0"/>
  <testcase name="testEquals_list[nullValues=true [collection size: several]]" classname="com.google.common.collect.testing.testers.MapEqualsTester" time="0.0"/>
  <testcase name="testEquals_otherMapWithDifferentEntries[nullValues=true [collection size: several]]" classname="com.google.common.collect.testing.testers.MapEqualsTester" time="0.0"/>
  <testcase name="testEquals_otherMapWithSameEntries[nullValues=true [collection size: several]]" classname="com.google.common.collect.testing.testers.MapEqualsTester" time="0.002"/>
  <testcase name="testEquals_otherContainsNullValue[nullValues=true [collection size: several]]" classname="com.google.common.collect.testing.testers.MapEqualsTester" time="0.0"/>
  <testcase name="testEquals_largerMap[nullValues=true [collection size: several]]" classname="com.google.common.collect.testing.testers.MapEqualsTester" time="0.0"/>
  <testcase name="testEquals_otherContainsNullKey[nullValues=true [collection size: several]]" classname="com.google.common.collect.testing.testers.MapEqualsTester" time="0.0"/>
  <testcase name="testEquals_smallerMap[nullValues=true [collection size: several]]" classname="com.google.common.collect.testing.testers.MapEqualsTester" time="0.0"/>
  <testcase name="testEquals_containingNullValue[nullValues=true [collection size: several]]" classname="com.google.common.collect.testing.testers.MapEqualsTester" time="0.0"/>
  <testcase name="testEquals_list[nullValues=false [collection size: zero]]" classname="com.google.common.collect.testing.testers.MapEqualsTester" time="0.0"/>
  <testcase name="testEquals_otherMapWithSameEntries[nullValues=false [collection size: zero]]" classname="com.google.common.collect.testing.testers.MapEqualsTester" time="0.0"/>
  <testcase name="testEquals_largerMap[nullValues=false [collection size: zero]]" classname="com.google.common.collect.testing.testers.MapEqualsTester" time="0.0"/>
  <testcase name="testEquals_list[nullValues=false [collection size: one]]" classname="com.google.common.collect.testing.testers.MapEqualsTester" time="0.0"/>
  <testcase name="testEquals_otherMapWithDifferentEntries[nullValues=false [collection size: one]]" classname="com.google.common.collect.testing.testers.MapEqualsTester" time="0.0"/>
  <testcase name="testEquals_otherMapWithSameEntries[nullValues=false [collection size: one]]" classname="com.google.common.collect.testing.testers.MapEqualsTester" time="0.0"/>
  <testcase name="testEquals_otherContainsNullValue[nullValues=false [collection size: one]]" classname="com.google.common.collect.testing.testers.MapEqualsTester" time="0.0"/>
  <testcase name="testEquals_largerMap[nullValues=false [collection size: one]]" classname="com.google.common.collect.testing.testers.MapEqualsTester" time="0.0"/>
  <testcase name="testEquals_otherContainsNullKey[nullValues=false [collection size: one]]" classname="com.google.common.collect.testing.testers.MapEqualsTester" time="0.0"/>
  <testcase name="testEquals_smallerMap[nullValues=false [collection size: one]]" classname="com.google.common.collect.testing.testers.MapEqualsTester" time="0.0"/>
  <testcase name="testEquals_list[nullValues=false [collection size: several]]" classname="com.google.common.collect.testing.testers.MapEqualsTester" time="0.0"/>
  <testcase name="testEquals_otherMapWithDifferentEntries[nullValues=false [collection size: several]]" classname="com.google.common.collect.testing.testers.MapEqualsTester" time="0.0"/>
  <testcase name="testEquals_otherMapWithSameEntries[nullValues=false [collection size: several]]" classname="com.google.common.collect.testing.testers.MapEqualsTester" time="0.0"/>
  <testcase name="testEquals_otherContainsNullValue[nullValues=false [collection size: several]]" classname="com.google.common.collect.testing.testers.MapEqualsTester" time="0.0"/>
  <testcase name="testEquals_largerMap[nullValues=false [collection size: several]]" classname="com.google.common.collect.testing.testers.MapEqualsTester" time="0.0"/>
  <testcase name="testEquals_otherContainsNullKey[nullValues=false [collection size: several]]" classname="com.google.common.collect.testing.testers.MapEqualsTester" time="0.0"/>
  <testcase name="testEquals_smallerMap[nullValues=false [collection size: several]]" classname="com.google.common.collect.testing.testers.MapEqualsTester" time="0.0"/>
  <testcase name="testForEachKnownOrder[nullValues=true [collection size: zero]]" classname="com.google.common.collect.testing.testers.MapForEachTester" time="0.0"/>
  <testcase name="testForEachKnownOrder[nullValues=true [collection size: one]]" classname="com.google.common.collect.testing.testers.MapForEachTester" time="0.0"/>
  <testcase name="testForEach_nullValues[nullValues=true [collection size: one]]" classname="com.google.common.collect.testing.testers.MapForEachTester" time="0.0"/>
  <testcase name="testForEachKnownOrder[nullValues=true [collection size: several]]" classname="com.google.common.collect.testing.testers.MapForEachTester" time="0.0"/>
  <testcase name="testForEach_nullValues[nullValues=true [collection size: several]]" classname="com.google.common.collect.testing.testers.MapForEachTester" time="0.0"/>
  <testcase name="testForEachKnownOrder[nullValues=false [collection size: zero]]" classname="com.google.common.collect.testing.testers.MapForEachTester" time="0.0"/>
  <testcase name="testForEachKnownOrder[nullValues=false [collection size: one]]" classname="com.google.common.collect.testing.testers.MapForEachTester" time="0.0"/>
  <testcase name="testForEachKnownOrder[nullValues=false [collection size: several]]" classname="com.google.common.collect.testing.testers.MapForEachTester" time="0.0"/>
  <testcase name="testGet_no[nullValues=true [collection size: zero]]" classname="com.google.common.collect.testing.testers.MapGetTester" time="0.0"/>
  <testcase name="testGet_nullNotContainedButAllowed[nullValues=true [collection size: zero]]" classname="com.google.common.collect.testing.testers.MapGetTester" time="0.0"/>
  <testcase name="testGet_wrongType[nullValues=true [collection size: zero]]" classname="com.google.common.collect.testing.testers.MapGetTester" time="0.0"/>
  <testcase name="testGet_yes[nullValues=true [collection size: one]]" classname="com.google.common.collect.testing.testers.MapGetTester" time="0.0"/>
  <testcase name="testGet_no[nullValues=true [collection size: one]]" classname="com.google.common.collect.testing.testers.MapGetTester" time="0.0"/>
  <testcase name="testGet_nullNotContainedButAllowed[nullValues=true [collection size: one]]" classname="com.google.common.collect.testing.testers.MapGetTester" time="0.0"/>
  <testcase name="testGet_wrongType[nullValues=true [collection size: one]]" classname="com.google.common.collect.testing.testers.MapGetTester" time="0.0"/>
  <testcase name="testGet_yes[nullValues=true [collection size: several]]" classname="com.google.common.collect.testing.testers.MapGetTester" time="0.0"/>
  <testcase name="testGet_no[nullValues=true [collection size: several]]" classname="com.google.common.collect.testing.testers.MapGetTester" time="0.0"/>
  <testcase name="testGet_nullNotContainedButAllowed[nullValues=true [collection size: several]]" classname="com.google.common.collect.testing.testers.MapGetTester" time="0.0"/>
  <testcase name="testGet_wrongType[nullValues=true [collection size: several]]" classname="com.google.common.collect.testing.testers.MapGetTester" time="0.0"/>
  <testcase name="testGet_no[nullValues=false [collection size: zero]]" classname="com.google.common.collect.testing.testers.MapGetTester" time="0.0"/>
  <testcase name="testGet_nullNotContainedButAllowed[nullValues=false [collection size: zero]]" classname="com.google.common.collect.testing.testers.MapGetTester" time="0.0"/>
  <testcase name="testGet_wrongType[nullValues=false [collection size: zero]]" classname="com.google.common.collect.testing.testers.MapGetTester" time="0.0"/>
  <testcase name="testGet_yes[nullValues=false [collection size: one]]" classname="com.google.common.collect.testing.testers.MapGetTester" time="0.0"/>
  <testcase name="testGet_no[nullValues=false [collection size: one]]" classname="com.google.common.collect.testing.testers.MapGetTester" time="0.0"/>
  <testcase name="testGet_nullNotContainedButAllowed[nullValues=false [collection size: one]]" classname="com.google.common.collect.testing.testers.MapGetTester" time="0.0"/>
  <testcase name="testGet_wrongType[nullValues=false [collection size: one]]" classname="com.google.common.collect.testing.testers.MapGetTester" time="0.0"/>
  <testcase name="testGet_yes[nullValues=false [collection size: several]]" classname="com.google.common.collect.testing.testers.MapGetTester" time="0.0"/>
  <testcase name="testGet_no[nullValues=false [collection size: several]]" classname="com.google.common.collect.testing.testers.MapGetTester" time="0.0"/>
  <testcase name="testGet_nullNotContainedButAllowed[nullValues=false [collection size: several]]" classname="com.google.common.collect.testing.testers.MapGetTester" time="0.0"/>
  <testcase name="testGet_wrongType[nullValues=false [collection size: several]]" classname="com.google.common.collect.testing.testers.MapGetTester" time="0.0"/>
  <testcase name="testGetOrDefault_absentNull[nullValues=true [collection size: zero]]" classname="com.google.common.collect.testing.testers.MapGetOrDefaultTester" time="0.0"/>
  <testcase name="testGetOrDefault_absent[nullValues=true [collection size: zero]]" classname="com.google.common.collect.testing.testers.MapGetOrDefaultTester" time="0.001"/>
  <testcase name="testGetOrDefault_absentNullDefault[nullValues=true [collection size: zero]]" classname="com.google.common.collect.testing.testers.MapGetOrDefaultTester" time="0.0"/>
  <testcase name="testGet_wrongType[nullValues=true [collection size: zero]]" classname="com.google.common.collect.testing.testers.MapGetOrDefaultTester" time="0.0"/>
  <testcase name="testGetOrDefault_absentNull[nullValues=true [collection size: one]]" classname="com.google.common.collect.testing.testers.MapGetOrDefaultTester" time="0.0"/>
  <testcase name="testGetOrDefault_present[nullValues=true [collection size: one]]" classname="com.google.common.collect.testing.testers.MapGetOrDefaultTester" time="0.002"/>
  <testcase name="testGetOrDefault_absent[nullValues=true [collection size: one]]" classname="com.google.common.collect.testing.testers.MapGetOrDefaultTester" time="0.0"/>
  <testcase name="testGetOrDefault_absentNullDefault[nullValues=true [collection size: one]]" classname="com.google.common.collect.testing.testers.MapGetOrDefaultTester" time="0.0"/>
  <testcase name="testGetOrDefault_presentNullDefault[nullValues=true [collection size: one]]" classname="com.google.common.collect.testing.testers.MapGetOrDefaultTester" time="0.0"/>
  <testcase name="testGetOrDefault_presentMappedToNull[nullValues=true [collection size: one]]" classname="com.google.common.collect.testing.testers.MapGetOrDefaultTester" time="0.0"/>
  <testcase name="testGet_wrongType[nullValues=true [collection size: one]]" classname="com.google.common.collect.testing.testers.MapGetOrDefaultTester" time="0.0"/>
  <testcase name="testGetOrDefault_absentNull[nullValues=true [collection size: several]]" classname="com.google.common.collect.testing.testers.MapGetOrDefaultTester" time="0.0"/>
  <testcase name="testGetOrDefault_present[nullValues=true [collection size: several]]" classname="com.google.common.collect.testing.testers.MapGetOrDefaultTester" time="0.0"/>
  <testcase name="testGetOrDefault_absent[nullValues=true [collection size: several]]" classname="com.google.common.collect.testing.testers.MapGetOrDefaultTester" time="0.0"/>
  <testcase name="testGetOrDefault_absentNullDefault[nullValues=true [collection size: several]]" classname="com.google.common.collect.testing.testers.MapGetOrDefaultTester" time="0.0"/>
  <testcase name="testGetOrDefault_presentNullDefault[nullValues=true [collection size: several]]" classname="com.google.common.collect.testing.testers.MapGetOrDefaultTester" time="0.0"/>
  <testcase name="testGetOrDefault_presentMappedToNull[nullValues=true [collection size: several]]" classname="com.google.common.collect.testing.testers.MapGetOrDefaultTester" time="0.0"/>
  <testcase name="testGet_wrongType[nullValues=true [collection size: several]]" classname="com.google.common.collect.testing.testers.MapGetOrDefaultTester" time="0.0"/>
  <testcase name="testGetOrDefault_absentNull[nullValues=false [collection size: zero]]" classname="com.google.common.collect.testing.testers.MapGetOrDefaultTester" time="0.0"/>
  <testcase name="testGetOrDefault_absent[nullValues=false [collection size: zero]]" classname="com.google.common.collect.testing.testers.MapGetOrDefaultTester" time="0.0"/>
  <testcase name="testGetOrDefault_absentNullDefault[nullValues=false [collection size: zero]]" classname="com.google.common.collect.testing.testers.MapGetOrDefaultTester" time="0.0"/>
  <testcase name="testGet_wrongType[nullValues=false [collection size: zero]]" classname="com.google.common.collect.testing.testers.MapGetOrDefaultTester" time="0.0"/>
  <testcase name="testGetOrDefault_absentNull[nullValues=false [collection size: one]]" classname="com.google.common.collect.testing.testers.MapGetOrDefaultTester" time="0.0"/>
  <testcase name="testGetOrDefault_present[nullValues=false [collection size: one]]" classname="com.google.common.collect.testing.testers.MapGetOrDefaultTester" time="0.0"/>
  <testcase name="testGetOrDefault_absent[nullValues=false [collection size: one]]" classname="com.google.common.collect.testing.testers.MapGetOrDefaultTester" time="0.0"/>
  <testcase name="testGetOrDefault_absentNullDefault[nullValues=false [collection size: one]]" classname="com.google.common.collect.testing.testers.MapGetOrDefaultTester" time="0.0"/>
  <testcase name="testGetOrDefault_presentNullDefault[nullValues=false [collection size: one]]" classname="com.google.common.collect.testing.testers.MapGetOrDefaultTester" time="0.0"/>
  <testcase name="testGet_wrongType[nullValues=false [collection size: one]]" classname="com.google.common.collect.testing.testers.MapGetOrDefaultTester" time="0.0"/>
  <testcase name="testGetOrDefault_absentNull[nullValues=false [collection size: several]]" classname="com.google.common.collect.testing.testers.MapGetOrDefaultTester" time="0.0"/>
  <testcase name="testGetOrDefault_present[nullValues=false [collection size: several]]" classname="com.google.common.collect.testing.testers.MapGetOrDefaultTester" time="0.0"/>
  <testcase name="testGetOrDefault_absent[nullValues=false [collection size: several]]" classname="com.google.common.collect.testing.testers.MapGetOrDefaultTester" time="0.0"/>
  <testcase name="testGetOrDefault_absentNullDefault[nullValues=false [collection size: several]]" classname="com.google.common.collect.testing.testers.MapGetOrDefaultTester" time="0.0"/>
  <testcase name="testGetOrDefault_presentNullDefault[nullValues=false [collection size: several]]" classname="com.google.common.collect.testing.testers.MapGetOrDefaultTester" time="0.001"/>
  <testcase name="testGet_wrongType[nullValues=false [collection size: several]]" classname="com.google.common.collect.testing.testers.MapGetOrDefaultTester" time="0.0"/>
  <testcase name="testHashCode[nullValues=true [collection size: zero]]" classname="com.google.common.collect.testing.testers.MapHashCodeTester" time="0.0"/>
  <testcase name="testHashCode_containingNullValue[nullValues=true [collection size: one]]" classname="com.google.common.collect.testing.testers.MapHashCodeTester" time="0.0"/>
  <testcase name="testHashCode[nullValues=true [collection size: one]]" classname="com.google.common.collect.testing.testers.MapHashCodeTester" time="0.0"/>
  <testcase name="testHashCode_containingNullValue[nullValues=true [collection size: several]]" classname="com.google.common.collect.testing.testers.MapHashCodeTester" time="0.0"/>
  <testcase name="testHashCode[nullValues=true [collection size: several]]" classname="com.google.common.collect.testing.testers.MapHashCodeTester" time="0.0"/>
  <testcase name="testHashCode[nullValues=false [collection size: zero]]" classname="com.google.common.collect.testing.testers.MapHashCodeTester" time="0.0"/>
  <testcase name="testHashCode[nullValues=false [collection size: one]]" classname="com.google.common.collect.testing.testers.MapHashCodeTester" time="0.0"/>
  <testcase name="testHashCode[nullValues=false [collection size: several]]" classname="com.google.common.collect.testing.testers.MapHashCodeTester" time="0.0"/>
  <testcase name="testIsEmpty_yes[nullValues=true [collection size: zero]]" classname="com.google.common.collect.testing.testers.MapIsEmptyTester" time="0.0"/>
  <testcase name="testIsEmpty_no[nullValues=true [collection size: one]]" classname="com.google.common.collect.testing.testers.MapIsEmptyTester" time="0.0"/>
  <testcase name="testIsEmpty_no[nullValues=true [collection size: several]]" classname="com.google.common.collect.testing.testers.MapIsEmptyTester" time="0.0"/>
  <testcase name="testIsEmpty_yes[nullValues=false [collection size: zero]]" classname="com.google.common.collect.testing.testers.MapIsEmptyTester" time="0.0"/>
  <testcase name="testIsEmpty_no[nullValues=false [collection size: one]]" classname="com.google.common.collect.testing.testers.MapIsEmptyTester" time="0.0"/>
  <testcase name="testIsEmpty_no[nullValues=false [collection size: several]]" classname="com.google.common.collect.testing.testers.MapIsEmptyTester" time="0.0"/>
  <testcase name="testMergeNullFunction[nullValues=true [collection size: zero]]" classname="com.google.common.collect.testing.testers.MapMergeTester" time="0.0"/>
  <testcase name="testAbsent[nullValues=true [collection size: zero]]" classname="com.google.common.collect.testing.testers.MapMergeTester" time="0.0"/>
  <testcase name="testMergeNullValue[nullValues=true [collection size: zero]]" classname="com.google.common.collect.testing.testers.MapMergeTester" time="0.002"/>
  <testcase name="testMappedToNull[nullValues=true [collection size: one]]" classname="com.google.common.collect.testing.testers.MapMergeTester" time="0.001"/>
  <testcase name="testMergePresentToNull[nullValues=true [collection size: one]]" classname="com.google.common.collect.testing.testers.MapMergeTester" time="0.001"/>
  <testcase name="testMergePresent[nullValues=true [collection size: one]]" classname="com.google.common.collect.testing.testers.MapMergeTester" time="0.001"/>
  <testcase name="testMergeNullFunction[nullValues=true [collection size: one]]" classname="com.google.common.collect.testing.testers.MapMergeTester" time="0.0"/>
  <testcase name="testAbsent[nullValues=true [collection size: one]]" classname="com.google.common.collect.testing.testers.MapMergeTester" time="0.0"/>
  <testcase name="testMergeFunctionThrows[nullValues=true [collection size: one]]" classname="com.google.common.collect.testing.testers.MapMergeTester" time="0.001"/>
  <testcase name="testMergeNullValue[nullValues=true [collection size: one]]" classname="com.google.common.collect.testing.testers.MapMergeTester" time="0.0"/>
  <testcase name="testMappedToNull[nullValues=true [collection size: several]]" classname="com.google.common.collect.testing.testers.MapMergeTester" time="0.001"/>
  <testcase name="testMergePresentToNull[nullValues=true [collection size: several]]" classname="com.google.common.collect.testing.testers.MapMergeTester" time="0.0"/>
  <testcase name="testMergePresent[nullValues=true [collection size: several]]" classname="com.google.common.collect.testing.testers.MapMergeTester" time="0.0"/>
  <testcase name="testMergeNullFunction[nullValues=true [collection size: several]]" classname="com.google.common.collect.testing.testers.MapMergeTester" time="0.0"/>
  <testcase name="testAbsent[nullValues=true [collection size: several]]" classname="com.google.common.collect.testing.testers.MapMergeTester" time="0.0"/>
  <testcase name="testMergeFunctionThrows[nullValues=true [collection size: several]]" classname="com.google.common.collect.testing.testers.MapMergeTester" time="0.0"/>
  <testcase name="testMergeNullValue[nullValues=true [collection size: several]]" classname="com.google.common.collect.testing.testers.MapMergeTester" time="0.0"/>
  <testcase name="testMergeNullFunction[nullValues=false [collection size: zero]]" classname="com.google.common.collect.testing.testers.MapMergeTester" time="0.0"/>
  <testcase name="testAbsent[nullValues=false [collection size: zero]]" classname="com.google.common.collect.testing.testers.MapMergeTester" time="0.0"/>
  <testcase name="testMergeNullValue[nullValues=false [collection size: zero]]" classname="com.google.common.collect.testing.testers.MapMergeTester" time="0.0"/>
  <testcase name="testMergePresentToNull[nullValues=false [collection size: one]]" classname="com.google.common.collect.testing.testers.MapMergeTester" time="0.0"/>
  <testcase name="testMergePresent[nullValues=false [collection size: one]]" classname="com.google.common.collect.testing.testers.MapMergeTester" time="0.0"/>
  <testcase name="testMergeNullFunction[nullValues=false [collection size: one]]" classname="com.google.common.collect.testing.testers.MapMergeTester" time="0.0"/>
  <testcase name="testAbsent[nullValues=false [collection size: one]]" classname="com.google.common.collect.testing.testers.MapMergeTester" time="0.0"/>
  <testcase name="testMergeFunctionThrows[nullValues=false [collection size: one]]" classname="com.google.common.collect.testing.testers.MapMergeTester" time="0.0"/>
  <testcase name="testMergeNullValue[nullValues=false [collection size: one]]" classname="com.google.common.collect.testing.testers.MapMergeTester" time="0.0"/>
  <testcase name="testMergePresentToNull[nullValues=false [collection size: several]]" classname="com.google.common.collect.testing.testers.MapMergeTester" time="0.0"/>
  <testcase name="testMergePresent[nullValues=false [collection size: several]]" classname="com.google.common.collect.testing.testers.MapMergeTester" time="0.0"/>
  <testcase name="testMergeNullFunction[nullValues=false [collection size: several]]" classname="com.google.common.collect.testing.testers.MapMergeTester" time="0.0"/>
  <testcase name="testAbsent[nullValues=false [collection size: several]]" classname="com.google.common.collect.testing.testers.MapMergeTester" time="0.0"/>
  <testcase name="testMergeFunctionThrows[nullValues=false [collection size: several]]" classname="com.google.common.collect.testing.testers.MapMergeTester" time="0.0"/>
  <testcase name="testMergeNullValue[nullValues=false [collection size: several]]" classname="com.google.common.collect.testing.testers.MapMergeTester" time="0.0"/>
  <testcase name="testPut_nullKeyUnsupported[nullValues=true [collection size: zero]]" classname="com.google.common.collect.testing.testers.MapPutTester" time="0.0"/>
  <testcase name="testPut_nullValueSupported[nullValues=true [collection size: zero]]" classname="com.google.common.collect.testing.testers.MapPutTester" time="0.0"/>
  <testcase name="testPut_supportedNotPresent[nullValues=true [collection size: zero]]" classname="com.google.common.collect.testing.testers.MapPutTester" time="0.0"/>
  <testcase name="testPut_nullKeyUnsupported[nullValues=true [collection size: one]]" classname="com.google.common.collect.testing.testers.MapPutTester" time="0.0"/>
  <testcase name="testPut_replaceWithNullValueSupported[nullValues=true [collection size: one]]" classname="com.google.common.collect.testing.testers.MapPutTester" time="0.0"/>
  <testcase name="testPut_nullValueSupported[nullValues=true [collection size: one]]" classname="com.google.common.collect.testing.testers.MapPutTester" time="0.0"/>
  <testcase name="testPut_supportedNotPresent[nullValues=true [collection size: one]]" classname="com.google.common.collect.testing.testers.MapPutTester" time="0.0"/>
  <testcase name="testPut_replaceNullValueWithNonNullSupported[nullValues=true [collection size: one]]" classname="com.google.common.collect.testing.testers.MapPutTester" time="0.0"/>
  <testcase name="testPut_supportedPresent[nullValues=true [collection size: one]]" classname="com.google.common.collect.testing.testers.MapPutTester" time="0.0"/>
  <testcase name="testPut_replaceNullValueWithNullSupported[nullValues=true [collection size: one]]" classname="com.google.common.collect.testing.testers.MapPutTester" time="0.0"/>
  <testcase name="testPut_nullKeyUnsupported[nullValues=true [collection size: several]]" classname="com.google.common.collect.testing.testers.MapPutTester" time="0.0"/>
  <testcase name="testPut_replaceWithNullValueSupported[nullValues=true [collection size: several]]" classname="com.google.common.collect.testing.testers.MapPutTester" time="0.0"/>
  <testcase name="testPut_nullValueSupported[nullValues=true [collection size: several]]" classname="com.google.common.collect.testing.testers.MapPutTester" time="0.0"/>
  <testcase name="testPut_supportedNotPresent[nullValues=true [collection size: several]]" classname="com.google.common.collect.testing.testers.MapPutTester" time="0.0"/>
  <testcase name="testPut_replaceNullValueWithNonNullSupported[nullValues=true [collection size: several]]" classname="com.google.common.collect.testing.testers.MapPutTester" time="0.0"/>
  <testcase name="testPut_supportedPresent[nullValues=true [collection size: several]]" classname="com.google.common.collect.testing.testers.MapPutTester" time="0.0"/>
  <testcase name="testPut_replaceNullValueWithNullSupported[nullValues=true [collection size: several]]" classname="com.google.common.collect.testing.testers.MapPutTester" time="0.0"/>
  <testcase name="testPut_nullKeyUnsupported[nullValues=false [collection size: zero]]" classname="com.google.common.collect.testing.testers.MapPutTester" time="0.0"/>
  <testcase name="testPut_supportedNotPresent[nullValues=false [collection size: zero]]" classname="com.google.common.collect.testing.testers.MapPutTester" time="0.0"/>
  <testcase name="testPut_nullValueUnsupported[nullValues=false [collection size: zero]]" classname="com.google.common.collect.testing.testers.MapPutTester" time="0.003"/>
  <testcase name="testPut_nullKeyUnsupported[nullValues=false [collection size: one]]" classname="com.google.common.collect.testing.testers.MapPutTester" time="0.0"/>
  <testcase name="testPut_replaceWithNullValueUnsupported[nullValues=false [collection size: one]]" classname="com.google.common.collect.testing.testers.MapPutTester" time="0.001"/>
  <testcase name="testPut_supportedNotPresent[nullValues=false [collection size: one]]" classname="com.google.common.collect.testing.testers.MapPutTester" time="0.0"/>
  <testcase name="testPut_nullValueUnsupported[nullValues=false [collection size: one]]" classname="com.google.common.collect.testing.testers.MapPutTester" time="0.0"/>
  <testcase name="testPut_supportedPresent[nullValues=false [collection size: one]]" classname="com.google.common.collect.testing.testers.MapPutTester" time="0.0"/>
  <testcase name="testPut_nullKeyUnsupported[nullValues=false [collection size: several]]" classname="com.google.common.collect.testing.testers.MapPutTester" time="0.0"/>
  <testcase name="testPut_replaceWithNullValueUnsupported[nullValues=false [collection size: several]]" classname="com.google.common.collect.testing.testers.MapPutTester" time="0.0"/>
  <testcase name="testPut_supportedNotPresent[nullValues=false [collection size: several]]" classname="com.google.common.collect.testing.testers.MapPutTester" time="0.0"/>
  <testcase name="testPut_nullValueUnsupported[nullValues=false [collection size: several]]" classname="com.google.common.collect.testing.testers.MapPutTester" time="0.0"/>
  <testcase name="testPut_supportedPresent[nullValues=false [collection size: several]]" classname="com.google.common.collect.testing.testers.MapPutTester" time="0.0"/>
  <testcase name="testPutAll_nullKeyUnsupported[nullValues=true [collection size: zero]]" classname="com.google.common.collect.testing.testers.MapPutAllTester" time="0.002"/>
  <testcase name="testPutAll_supportedNonePresent[nullValues=true [collection size: zero]]" classname="com.google.common.collect.testing.testers.MapPutAllTester" time="0.0"/>
  <testcase name="testPutAll_nullValueSupported[nullValues=true [collection size: zero]]" classname="com.google.common.collect.testing.testers.MapPutAllTester" time="0.0"/>
  <testcase name="testPutAll_supportedNothing[nullValues=true [collection size: zero]]" classname="com.google.common.collect.testing.testers.MapPutAllTester" time="0.0"/>
  <testcase name="testPutAll_nullCollectionReference[nullValues=true [collection size: zero]]" classname="com.google.common.collect.testing.testers.MapPutAllTester" time="0.003"/>
  <testcase name="testPutAll_nullKeyUnsupported[nullValues=true [collection size: one]]" classname="com.google.common.collect.testing.testers.MapPutAllTester" time="0.0"/>
  <testcase name="testPutAll_supportedNonePresent[nullValues=true [collection size: one]]" classname="com.google.common.collect.testing.testers.MapPutAllTester" time="0.0"/>
  <testcase name="testPutAll_nullValueSupported[nullValues=true [collection size: one]]" classname="com.google.common.collect.testing.testers.MapPutAllTester" time="0.0"/>
  <testcase name="testPutAll_supportedNothing[nullValues=true [collection size: one]]" classname="com.google.common.collect.testing.testers.MapPutAllTester" time="0.0"/>
  <testcase name="testPutAll_supportedSomePresent[nullValues=true [collection size: one]]" classname="com.google.common.collect.testing.testers.MapPutAllTester" time="0.001"/>
  <testcase name="testPutAll_nullCollectionReference[nullValues=true [collection size: one]]" classname="com.google.common.collect.testing.testers.MapPutAllTester" time="0.0"/>
  <testcase name="testPutAll_nullKeyUnsupported[nullValues=true [collection size: several]]" classname="com.google.common.collect.testing.testers.MapPutAllTester" time="0.001"/>
  <testcase name="testPutAll_supportedNonePresent[nullValues=true [collection size: several]]" classname="com.google.common.collect.testing.testers.MapPutAllTester" time="0.0"/>
  <testcase name="testPutAll_nullValueSupported[nullValues=true [collection size: several]]" classname="com.google.common.collect.testing.testers.MapPutAllTester" time="0.0"/>
  <testcase name="testPutAll_supportedNothing[nullValues=true [collection size: several]]" classname="com.google.common.collect.testing.testers.MapPutAllTester" time="0.0"/>
  <testcase name="testPutAll_supportedSomePresent[nullValues=true [collection size: several]]" classname="com.google.common.collect.testing.testers.MapPutAllTester" time="0.0"/>
  <testcase name="testPutAll_nullCollectionReference[nullValues=true [collection size: several]]" classname="com.google.common.collect.testing.testers.MapPutAllTester" time="0.0"/>
  <testcase name="testPutAll_nullKeyUnsupported[nullValues=false [collection size: zero]]" classname="com.google.common.collect.testing.testers.MapPutAllTester" time="0.0"/>
  <testcase name="testPutAll_supportedNonePresent[nullValues=false [collection size: zero]]" classname="com.google.common.collect.testing.testers.MapPutAllTester" time="0.0"/>
  <testcase name="testPutAll_nullValueUnsupported[nullValues=false [collection size: zero]]" classname="com.google.common.collect.testing.testers.MapPutAllTester" time="0.001"/>
  <testcase name="testPutAll_supportedNothing[nullValues=false [collection size: zero]]" classname="com.google.common.collect.testing.testers.MapPutAllTester" time="0.0"/>
  <testcase name="testPutAll_nullCollectionReference[nullValues=false [collection size: zero]]" classname="com.google.common.collect.testing.testers.MapPutAllTester" time="0.0"/>
  <testcase name="testPutAll_nullKeyUnsupported[nullValues=false [collection size: one]]" classname="com.google.common.collect.testing.testers.MapPutAllTester" time="0.0"/>
  <testcase name="testPutAll_supportedNonePresent[nullValues=false [collection size: one]]" classname="com.google.common.collect.testing.testers.MapPutAllTester" time="0.0"/>
  <testcase name="testPutAll_nullValueUnsupported[nullValues=false [collection size: one]]" classname="com.google.common.collect.testing.testers.MapPutAllTester" time="0.0"/>
  <testcase name="testPutAll_supportedNothing[nullValues=false [collection size: one]]" classname="com.google.common.collect.testing.testers.MapPutAllTester" time="0.0"/>
  <testcase name="testPutAll_supportedSomePresent[nullValues=false [collection size: one]]" classname="com.google.common.collect.testing.testers.MapPutAllTester" time="0.0"/>
  <testcase name="testPutAll_nullCollectionReference[nullValues=false [collection size: one]]" classname="com.google.common.collect.testing.testers.MapPutAllTester" time="0.0"/>
  <testcase name="testPutAll_nullKeyUnsupported[nullValues=false [collection size: several]]" classname="com.google.common.collect.testing.testers.MapPutAllTester" time="0.0"/>
  <testcase name="testPutAll_supportedNonePresent[nullValues=false [collection size: several]]" classname="com.google.common.collect.testing.testers.MapPutAllTester" time="0.0"/>
  <testcase name="testPutAll_nullValueUnsupported[nullValues=false [collection size: several]]" classname="com.google.common.collect.testing.testers.MapPutAllTester" time="0.0"/>
  <testcase name="testPutAll_supportedNothing[nullValues=false [collection size: several]]" classname="com.google.common.collect.testing.testers.MapPutAllTester" time="0.0"/>
  <testcase name="testPutAll_supportedSomePresent[nullValues=false [collection size: several]]" classname="com.google.common.collect.testing.testers.MapPutAllTester" time="0.0"/>
  <testcase name="testPutAll_nullCollectionReference[nullValues=false [collection size: several]]" classname="com.google.common.collect.testing.testers.MapPutAllTester" time="0.001"/>
  <testcase name="testPut_nullValueSupported[nullValues=true [collection size: zero]]" classname="com.google.common.collect.testing.testers.MapPutIfAbsentTester" time="0.0"/>
  <testcase name="testPutIfAbsent_nullKeyUnsupported[nullValues=true [collection size: zero]]" classname="com.google.common.collect.testing.testers.MapPutIfAbsentTester" time="0.002"/>
  <testcase name="testPutIfAbsent_supportedAbsent[nullValues=true [collection size: zero]]" classname="com.google.common.collect.testing.testers.MapPutIfAbsentTester" time="0.0"/>
  <testcase name="testPut_nullValueSupported[nullValues=true [collection size: one]]" classname="com.google.common.collect.testing.testers.MapPutIfAbsentTester" time="0.0"/>
  <testcase name="testPutIfAbsent_nullKeyUnsupported[nullValues=true [collection size: one]]" classname="com.google.common.collect.testing.testers.MapPutIfAbsentTester" time="0.0"/>
  <testcase name="testPutIfAbsent_supportedAbsent[nullValues=true [collection size: one]]" classname="com.google.common.collect.testing.testers.MapPutIfAbsentTester" time="0.0"/>
  <testcase name="testPutIfAbsent_supportedPresent[nullValues=true [collection size: one]]" classname="com.google.common.collect.testing.testers.MapPutIfAbsentTester" time="0.0"/>
  <testcase name="testPut_nullValueSupported[nullValues=true [collection size: several]]" classname="com.google.common.collect.testing.testers.MapPutIfAbsentTester" time="0.0"/>
  <testcase name="testPutIfAbsent_nullKeyUnsupported[nullValues=true [collection size: several]]" classname="com.google.common.collect.testing.testers.MapPutIfAbsentTester" time="0.0"/>
  <testcase name="testPutIfAbsent_supportedAbsent[nullValues=true [collection size: several]]" classname="com.google.common.collect.testing.testers.MapPutIfAbsentTester" time="0.0"/>
  <testcase name="testPutIfAbsent_supportedPresent[nullValues=true [collection size: several]]" classname="com.google.common.collect.testing.testers.MapPutIfAbsentTester" time="0.0"/>
  <testcase name="testPutIfAbsent_nullValueUnsupportedAndKeyAbsent[nullValues=false [collection size: zero]]" classname="com.google.common.collect.testing.testers.MapPutIfAbsentTester" time="0.0"/>
  <testcase name="testPutIfAbsent_nullKeyUnsupported[nullValues=false [collection size: zero]]" classname="com.google.common.collect.testing.testers.MapPutIfAbsentTester" time="0.0"/>
  <testcase name="testPutIfAbsent_supportedAbsent[nullValues=false [collection size: zero]]" classname="com.google.common.collect.testing.testers.MapPutIfAbsentTester" time="0.0"/>
  <testcase name="testPutIfAbsent_nullValueUnsupportedAndKeyPresent[nullValues=false [collection size: one]]" classname="com.google.common.collect.testing.testers.MapPutIfAbsentTester" time="0.001"/>
  <testcase name="testPutIfAbsent_nullValueUnsupportedAndKeyAbsent[nullValues=false [collection size: one]]" classname="com.google.common.collect.testing.testers.MapPutIfAbsentTester" time="0.0"/>
  <testcase name="testPutIfAbsent_nullKeyUnsupported[nullValues=false [collection size: one]]" classname="com.google.common.collect.testing.testers.MapPutIfAbsentTester" time="0.0"/>
  <testcase name="testPutIfAbsent_supportedAbsent[nullValues=false [collection size: one]]" classname="com.google.common.collect.testing.testers.MapPutIfAbsentTester" time="0.0"/>
  <testcase name="testPutIfAbsent_supportedPresent[nullValues=false [collection size: one]]" classname="com.google.common.collect.testing.testers.MapPutIfAbsentTester" time="0.0"/>
  <testcase name="testPutIfAbsent_nullValueUnsupportedAndKeyPresent[nullValues=false [collection size: several]]" classname="com.google.common.collect.testing.testers.MapPutIfAbsentTester" time="0.0"/>
  <testcase name="testPutIfAbsent_nullValueUnsupportedAndKeyAbsent[nullValues=false [collection size: several]]" classname="com.google.common.collect.testing.testers.MapPutIfAbsentTester" time="0.0"/>
  <testcase name="testPutIfAbsent_nullKeyUnsupported[nullValues=false [collection size: several]]" classname="com.google.common.collect.testing.testers.MapPutIfAbsentTester" time="0.0"/>
  <testcase name="testPutIfAbsent_supportedAbsent[nullValues=false [collection size: several]]" classname="com.google.common.collect.testing.testers.MapPutIfAbsentTester" time="0.0"/>
  <testcase name="testPutIfAbsent_supportedPresent[nullValues=false [collection size: several]]" classname="com.google.common.collect.testing.testers.MapPutIfAbsentTester" time="0.0"/>
  <testcase name="testRemove_nullSupportedMissing[nullValues=true [collection size: zero]]" classname="com.google.common.collect.testing.testers.MapRemoveTester" time="0.0"/>
  <testcase name="testRemove_wrongType[nullValues=true [collection size: zero]]" classname="com.google.common.collect.testing.testers.MapRemoveTester" time="0.0"/>
  <testcase name="testRemove_notPresent[nullValues=true [collection size: zero]]" classname="com.google.common.collect.testing.testers.MapRemoveTester" time="0.0"/>
  <testcase name="testRemove_present[nullValues=true [collection size: one]]" classname="com.google.common.collect.testing.testers.MapRemoveTester" time="0.0"/>
  <testcase name="testRemove_nullSupportedMissing[nullValues=true [collection size: one]]" classname="com.google.common.collect.testing.testers.MapRemoveTester" time="0.0"/>
  <testcase name="testRemove_wrongType[nullValues=true [collection size: one]]" classname="com.google.common.collect.testing.testers.MapRemoveTester" time="0.0"/>
  <testcase name="testRemove_notPresent[nullValues=true [collection size: one]]" classname="com.google.common.collect.testing.testers.MapRemoveTester" time="0.001"/>
  <testcase name="testRemove_present[nullValues=true [collection size: several]]" classname="com.google.common.collect.testing.testers.MapRemoveTester" time="0.001"/>
  <testcase name="testRemove_nullSupportedMissing[nullValues=true [collection size: several]]" classname="com.google.common.collect.testing.testers.MapRemoveTester" time="0.0"/>
  <testcase name="testRemove_wrongType[nullValues=true [collection size: several]]" classname="com.google.common.collect.testing.testers.MapRemoveTester" time="0.0"/>
  <testcase name="testRemove_notPresent[nullValues=true [collection size: several]]" classname="com.google.common.collect.testing.testers.MapRemoveTester" time="0.0"/>
  <testcase name="testRemove_nullSupportedMissing[nullValues=false [collection size: zero]]" classname="com.google.common.collect.testing.testers.MapRemoveTester" time="0.0"/>
  <testcase name="testRemove_wrongType[nullValues=false [collection size: zero]]" classname="com.google.common.collect.testing.testers.MapRemoveTester" time="0.0"/>
  <testcase name="testRemove_notPresent[nullValues=false [collection size: zero]]" classname="com.google.common.collect.testing.testers.MapRemoveTester" time="0.0"/>
  <testcase name="testRemove_present[nullValues=false [collection size: one]]" classname="com.google.common.collect.testing.testers.MapRemoveTester" time="0.0"/>
  <testcase name="testRemove_nullSupportedMissing[nullValues=false [collection size: one]]" classname="com.google.common.collect.testing.testers.MapRemoveTester" time="0.0"/>
  <testcase name="testRemove_wrongType[nullValues=false [collection size: one]]" classname="com.google.common.collect.testing.testers.MapRemoveTester" time="0.0"/>
  <testcase name="testRemove_notPresent[nullValues=false [collection size: one]]" classname="com.google.common.collect.testing.testers.MapRemoveTester" time="0.0"/>
  <testcase name="testRemove_present[nullValues=false [collection size: several]]" classname="com.google.common.collect.testing.testers.MapRemoveTester" time="0.0"/>
  <testcase name="testRemove_nullSupportedMissing[nullValues=false [collection size: several]]" classname="com.google.common.collect.testing.testers.MapRemoveTester" time="0.0"/>
  <testcase name="testRemove_wrongType[nullValues=false [collection size: several]]" classname="com.google.common.collect.testing.testers.MapRemoveTester" time="0.0"/>
  <testcase name="testRemove_notPresent[nullValues=false [collection size: several]]" classname="com.google.common.collect.testing.testers.MapRemoveTester" time="0.002"/>
  <testcase name="testRemove_supportedWrongKeyPresentValue[nullValues=true [collection size: zero]]" classname="com.google.common.collect.testing.testers.MapRemoveEntryTester" time="0.0"/>
  <testcase name="testRemove_supportedPresentKeyWrongValue[nullValues=true [collection size: zero]]" classname="com.google.common.collect.testing.testers.MapRemoveEntryTester" time="0.0"/>
  <testcase name="testRemove_supportedAbsentKeyAbsentValue[nullValues=true [collection size: zero]]" classname="com.google.common.collect.testing.testers.MapRemoveEntryTester" time="0.0"/>
  <testcase name="testRemove_supportedWrongKeyPresentValue[nullValues=true [collection size: one]]" classname="com.google.common.collect.testing.testers.MapRemoveEntryTester" time="0.0"/>
  <testcase name="testRemove_supportedPresentKeyWrongValue[nullValues=true [collection size: one]]" classname="com.google.common.collect.testing.testers.MapRemoveEntryTester" time="0.0"/>
  <testcase name="testRemove_supportedAbsentKeyAbsentValue[nullValues=true [collection size: one]]" classname="com.google.common.collect.testing.testers.MapRemoveEntryTester" time="0.0"/>
  <testcase name="testRemove_supportedPresent[nullValues=true [collection size: one]]" classname="com.google.common.collect.testing.testers.MapRemoveEntryTester" time="0.0"/>
  <testcase name="testRemove_supportedWrongKeyPresentValue[nullValues=true [collection size: several]]" classname="com.google.common.collect.testing.testers.MapRemoveEntryTester" time="0.0"/>
  <testcase name="testRemove_supportedPresentKeyWrongValue[nullValues=true [collection size: several]]" classname="com.google.common.collect.testing.testers.MapRemoveEntryTester" time="0.0"/>
  <testcase name="testRemove_supportedAbsentKeyAbsentValue[nullValues=true [collection size: several]]" classname="com.google.common.collect.testing.testers.MapRemoveEntryTester" time="0.001"/>
  <testcase name="testRemove_supportedPresent[nullValues=true [collection size: several]]" classname="com.google.common.collect.testing.testers.MapRemoveEntryTester" time="0.0"/>
  <testcase name="testRemove_supportedWrongKeyPresentValue[nullValues=false [collection size: zero]]" classname="com.google.common.collect.testing.testers.MapRemoveEntryTester" time="0.0"/>
  <testcase name="testRemove_supportedPresentKeyWrongValue[nullValues=false [collection size: zero]]" classname="com.google.common.collect.testing.testers.MapRemoveEntryTester" time="0.0"/>
  <testcase name="testRemove_supportedAbsentKeyAbsentValue[nullValues=false [collection size: zero]]" classname="com.google.common.collect.testing.testers.MapRemoveEntryTester" time="0.0"/>
  <testcase name="testRemove_supportedWrongKeyPresentValue[nullValues=false [collection size: one]]" classname="com.google.common.collect.testing.testers.MapRemoveEntryTester" time="0.0"/>
  <testcase name="testRemove_supportedPresentKeyWrongValue[nullValues=false [collection size: one]]" classname="com.google.common.collect.testing.testers.MapRemoveEntryTester" time="0.0"/>
  <testcase name="testRemove_supportedAbsentKeyAbsentValue[nullValues=false [collection size: one]]" classname="com.google.common.collect.testing.testers.MapRemoveEntryTester" time="0.0"/>
  <testcase name="testRemove_supportedPresent[nullValues=false [collection size: one]]" classname="com.google.common.collect.testing.testers.MapRemoveEntryTester" time="0.0"/>
  <testcase name="testRemove_supportedWrongKeyPresentValue[nullValues=false [collection size: several]]" classname="com.google.common.collect.testing.testers.MapRemoveEntryTester" time="0.0"/>
  <testcase name="testRemove_supportedPresentKeyWrongValue[nullValues=false [collection size: several]]" classname="com.google.common.collect.testing.testers.MapRemoveEntryTester" time="0.0"/>
[...]
  <testcase name="testHashCode[nullValues=false [collection size: one] entrySet [collection size: one]]" classname="com.google.common.collect.testing.testers.SetHashCodeTester" time="0.0"/>
  <testcase name="testHashCode[nullValues=false [collection size: one] keys [collection size: one]]" classname="com.google.common.collect.testing.testers.SetHashCodeTester" time="0.0"/>
  <testcase name="testHashCode[nullValues=false [collection size: several] entrySet [collection size: several]]" classname="com.google.common.collect.testing.testers.SetHashCodeTester" time="0.0"/>
  <testcase name="testHashCode[nullValues=false [collection size: several] keys [collection size: several]]" classname="com.google.common.collect.testing.testers.SetHashCodeTester" time="0.0"/>
  <testcase name="testEquals_list[nullValues=true [collection size: zero] entrySet [collection size: zero]]" classname="com.google.common.collect.testing.testers.SetEqualsTester" time="0.0"/>
  <testcase name="testEquals_otherSetWithSameElements[nullValues=true [collection size: zero] entrySet [collection size: zero]]" classname="com.google.common.collect.testing.testers.SetEqualsTester" time="0.0"/>
  <testcase name="testEquals_largerSet[nullValues=true [collection size: zero] entrySet [collection size: zero]]" classname="com.google.common.collect.testing.testers.SetEqualsTester" time="0.0"/>
  <testcase name="testEquals_list[nullValues=true [collection size: zero] keys [collection size: zero]]" classname="com.google.common.collect.testing.testers.SetEqualsTester" time="0.0"/>
  <testcase name="testEquals_otherSetWithSameElements[nullValues=true [collection size: zero] keys [collection size: zero]]" classname="com.google.common.collect.testing.testers.SetEqualsTester" time="0.0"/>
  <testcase name="testEquals_largerSet[nullValues=true [collection size: zero] keys [collection size: zero]]" classname="com.google.common.collect.testing.testers.SetEqualsTester" time="0.005"/>
  <testcase name="testEquals_list[nullValues=true [collection size: one] entrySet [collection size: one]]" classname="com.google.common.collect.testing.testers.SetEqualsTester" time="0.001"/>
  <testcase name="testEquals_otherSetWithSameElements[nullValues=true [collection size: one] entrySet [collection size: one]]" classname="com.google.common.collect.testing.testers.SetEqualsTester" time="0.0"/>
  <testcase name="testEquals_largerSet[nullValues=true [collection size: one] entrySet [collection size: one]]" classname="com.google.common.collect.testing.testers.SetEqualsTester" time="0.0"/>
  <testcase name="testEquals_otherContainsNull[nullValues=true [collection size: one] entrySet [collection size: one]]" classname="com.google.common.collect.testing.testers.SetEqualsTester" time="0.0"/>
  <testcase name="testEquals_smallerSet[nullValues=true [collection size: one] entrySet [collection size: one]]" classname="com.google.common.collect.testing.testers.SetEqualsTester" time="0.0"/>
  <testcase name="testEquals_otherSetWithDifferentElements[nullValues=true [collection size: one] entrySet [collection size: one]]" classname="com.google.common.collect.testing.testers.SetEqualsTester" time="0.0"/>
  <testcase name="testEquals_list[nullValues=true [collection size: one] keys [collection size: one]]" classname="com.google.common.collect.testing.testers.SetEqualsTester" time="0.0"/>
  <testcase name="testEquals_otherSetWithSameElements[nullValues=true [collection size: one] keys [collection size: one]]" classname="com.google.common.collect.testing.testers.SetEqualsTester" time="0.0"/>
  <testcase name="testEquals_largerSet[nullValues=true [collection size: one] keys [collection size: one]]" classname="com.google.common.collect.testing.testers.SetEqualsTester" time="0.0"/>
  <testcase name="testEquals_otherContainsNull[nullValues=true [collection size: one] keys [collection size: one]]" classname="com.google.common.collect.testing.testers.SetEqualsTester" time="0.0"/>
  <testcase name="testEquals_smallerSet[nullValues=true [collection size: one] keys [collection size: one]]" classname="com.google.common.collect.testing.testers.SetEqualsTester" time="0.0"/>
  <testcase name="testEquals_otherSetWithDifferentElements[nullValues=true [collection size: one] keys [collection size: one]]" classname="com.google.common.collect.testing.testers.SetEqualsTester" time="0.0"/>
  <testcase name="testEquals_list[nullValues=true [collection size: several] entrySet [collection size: several]]" classname="com.google.common.collect.testing.testers.SetEqualsTester" time="0.0"/>
  <testcase name="testEquals_otherSetWithSameElements[nullValues=true [collection size: several] entrySet [collection size: several]]" classname="com.google.common.collect.testing.testers.SetEqualsTester" time="0.0"/>
  <testcase name="testEquals_largerSet[nullValues=true [collection size: several] entrySet [collection size: several]]" classname="com.google.common.collect.testing.testers.SetEqualsTester" time="0.0"/>
  <testcase name="testEquals_otherContainsNull[nullValues=true [collection size: several] entrySet [collection size: several]]" classname="com.google.common.collect.testing.testers.SetEqualsTester" time="0.0"/>
  <testcase name="testEquals_smallerSet[nullValues=true [collection size: several] entrySet [collection size: several]]" classname="com.google.common.collect.testing.testers.SetEqualsTester" time="0.0"/>
  <testcase name="testEquals_otherSetWithDifferentElements[nullValues=true [collection size: several] entrySet [collection size: several]]" classname="com.google.common.collect.testing.testers.SetEqualsTester" time="0.0"/>
  <testcase name="testEquals_list[nullValues=true [collection size: several] keys [collection size: several]]" classname="com.google.common.collect.testing.testers.SetEqualsTester" time="0.0"/>
  <testcase name="testEquals_otherSetWithSameElements[nullValues=true [collection size: several] keys [collection size: several]]" classname="com.google.common.collect.testing.testers.SetEqualsTester" time="0.0"/>
  <testcase name="testEquals_largerSet[nullValues=true [collection size: several] keys [collection size: several]]" classname="com.google.common.collect.testing.testers.SetEqualsTester" time="0.0"/>
  <testcase name="testEquals_otherContainsNull[nullValues=true [collection size: several] keys [collection size: several]]" classname="com.google.common.collect.testing.testers.SetEqualsTester" time="0.0"/>
  <testcase name="testEquals_smallerSet[nullValues=true [collection size: several] keys [collection size: several]]" classname="com.google.common.collect.testing.testers.SetEqualsTester" time="0.0"/>
  <testcase name="testEquals_otherSetWithDifferentElements[nullValues=true [collection size: several] keys [collection size: several]]" classname="com.google.common.collect.testing.testers.SetEqualsTester" time="0.003"/>
  <testcase name="testEquals_list[nullValues=false [collection size: zero] entrySet [collection size: zero]]" classname="com.google.common.collect.testing.testers.SetEqualsTester" time="0.0"/>
  <testcase name="testEquals_otherSetWithSameElements[nullValues=false [collection size: zero] entrySet [collection size: zero]]" classname="com.google.common.collect.testing.testers.SetEqualsTester" time="0.0"/>
  <testcase name="testEquals_largerSet[nullValues=false [collection size: zero] entrySet [collection size: zero]]" classname="com.google.common.collect.testing.testers.SetEqualsTester" time="0.0"/>
  <testcase name="testEquals_list[nullValues=false [collection size: zero] keys [collection size: zero]]" classname="com.google.common.collect.testing.testers.SetEqualsTester" time="0.0"/>
  <testcase name="testEquals_otherSetWithSameElements[nullValues=false [collection size: zero] keys [collection size: zero]]" classname="com.google.common.collect.testing.testers.SetEqualsTester" time="0.0"/>
  <testcase name="testEquals_largerSet[nullValues=false [collection size: zero] keys [collection size: zero]]" classname="com.google.common.collect.testing.testers.SetEqualsTester" time="0.0"/>
  <testcase name="testEquals_list[nullValues=false [collection size: one] entrySet [collection size: one]]" classname="com.google.common.collect.testing.testers.SetEqualsTester" time="0.001"/>
  <testcase name="testEquals_otherSetWithSameElements[nullValues=false [collection size: one] entrySet [collection size: one]]" classname="com.google.common.collect.testing.testers.SetEqualsTester" time="0.0"/>
  <testcase name="testEquals_largerSet[nullValues=false [collection size: one] entrySet [collection size: one]]" classname="com.google.common.collect.testing.testers.SetEqualsTester" time="0.0"/>
  <testcase name="testEquals_otherContainsNull[nullValues=false [collection size: one] entrySet [collection size: one]]" classname="com.google.common.collect.testing.testers.SetEqualsTester" time="0.0"/>
  <testcase name="testEquals_smallerSet[nullValues=false [collection size: one] entrySet [collection size: one]]" classname="com.google.common.collect.testing.testers.SetEqualsTester" time="0.0"/>
  <testcase name="testEquals_otherSetWithDifferentElements[nullValues=false [collection size: one] entrySet [collection size: one]]" classname="com.google.common.collect.testing.testers.SetEqualsTester" time="0.0"/>
  <testcase name="testEquals_list[nullValues=false [collection size: one] keys [collection size: one]]" classname="com.google.common.collect.testing.testers.SetEqualsTester" time="0.0"/>
  <testcase name="testEquals_otherSetWithSameElements[nullValues=false [collection size: one] keys [collection size: one]]" classname="com.google.common.collect.testing.testers.SetEqualsTester" time="0.0"/>
  <testcase name="testEquals_largerSet[nullValues=false [collection size: one] keys [collection size: one]]" classname="com.google.common.collect.testing.testers.SetEqualsTester" time="0.0"/>
  <testcase name="testEquals_otherContainsNull[nullValues=false [collection size: one] keys [collection size: one]]" classname="com.google.common.collect.testing.testers.SetEqualsTester" time="0.0"/>
  <testcase name="testEquals_smallerSet[nullValues=false [collection size: one] keys [collection size: one]]" classname="com.google.common.collect.testing.testers.SetEqualsTester" time="0.0"/>
  <testcase name="testEquals_otherSetWithDifferentElements[nullValues=false [collection size: one] keys [collection size: one]]" classname="com.google.common.collect.testing.testers.SetEqualsTester" time="0.0"/>
  <testcase name="testEquals_list[nullValues=false [collection size: several] entrySet [collection size: several]]" classname="com.google.common.collect.testing.testers.SetEqualsTester" time="0.0"/>
  <testcase name="testEquals_otherSetWithSameElements[nullValues=false [collection size: several] entrySet [collection size: several]]" classname="com.google.common.collect.testing.testers.SetEqualsTester" time="0.0"/>
  <testcase name="testEquals_largerSet[nullValues=false [collection size: several] entrySet [collection size: several]]" classname="com.google.common.collect.testing.testers.SetEqualsTester" time="0.0"/>
  <testcase name="testEquals_otherContainsNull[nullValues=false [collection size: several] entrySet [collection size: several]]" classname="com.google.common.collect.testing.testers.SetEqualsTester" time="0.0"/>
  <testcase name="testEquals_smallerSet[nullValues=false [collection size: several] entrySet [collection size: several]]" classname="com.google.common.collect.testing.testers.SetEqualsTester" time="0.0"/>
  <testcase name="testEquals_otherSetWithDifferentElements[nullValues=false [collection size: several] entrySet [collection size: several]]" classname="com.google.common.collect.testing.testers.SetEqualsTester" time="0.0"/>
  <testcase name="testEquals_list[nullValues=false [collection size: several] keys [collection size: several]]" classname="com.google.common.collect.testing.testers.SetEqualsTester" time="0.0"/>
  <testcase name="testEquals_otherSetWithSameElements[nullValues=false [collection size: several] keys [collection size: several]]" classname="com.google.common.collect.testing.testers.SetEqualsTester" time="0.0"/>
  <testcase name="testEquals_largerSet[nullValues=false [collection size: several] keys [collection size: several]]" classname="com.google.common.collect.testing.testers.SetEqualsTester" time="0.002"/>
  <testcase name="testEquals_otherContainsNull[nullValues=false [collection size: several] keys [collection size: several]]" classname="com.google.common.collect.testing.testers.SetEqualsTester" time="0.0"/>
  <testcase name="testEquals_smallerSet[nullValues=false [collection size: several] keys [collection size: several]]" classname="com.google.common.collect.testing.testers.SetEqualsTester" time="0.0"/>
  <testcase name="testEquals_otherSetWithDifferentElements[nullValues=false [collection size: several] keys [collection size: several]]" classname="com.google.common.collect.testing.testers.SetEqualsTester" time="0.0"/>
  <testcase name="testCreateWithNullKeyUnsupported[nullValues=true [collection size: one]]" classname="com.google.common.collect.testing.testers.MapCreationTester" time="0.0"/>
  <testcase name="testCreateWithNullValueSupported[nullValues=true [collection size: one]]" classname="com.google.common.collect.testing.testers.MapCreationTester" time="0.0"/>
  <testcase name="testCreateWithDuplicates_nonNullDuplicatesNotRejected[nullValues=true [collection size: several]]" classname="com.google.common.collect.testing.testers.MapCreationTester" time="0.0"/>
  <testcase name="testCreateWithNullKeyUnsupported[nullValues=true [collection size: several]]" classname="com.google.common.collect.testing.testers.MapCreationTester" time="0.001"/>
  <testcase name="testCreateWithNullValueSupported[nullValues=true [collection size: several]]" classname="com.google.common.collect.testing.testers.MapCreationTester" time="0.0"/>
  <testcase name="testCreateWithNullValueUnsupported[nullValues=false [collection size: one]]" classname="com.google.common.collect.testing.testers.MapCreationTester" time="0.001"/>
  <testcase name="testCreateWithNullKeyUnsupported[nullValues=false [collection size: one]]" classname="com.google.common.collect.testing.testers.MapCreationTester" time="0.0"/>
  <testcase name="testCreateWithNullValueUnsupported[nullValues=false [collection size: several]]" classname="com.google.common.collect.testing.testers.MapCreationTester" time="0.0"/>
  <testcase name="testCreateWithDuplicates_nonNullDuplicatesNotRejected[nullValues=false [collection size: several]]" classname="com.google.common.collect.testing.testers.MapCreationTester" time="0.0"/>
  <testcase name="testCreateWithNullKeyUnsupported[nullValues=false [collection size: several]]" classname="com.google.common.collect.testing.testers.MapCreationTester" time="0.0"/>
  <testcase name="testCreateWithNull_unsupported[nullValues=true [collection size: one] entrySet [collection size: one]]" classname="com.google.common.collect.testing.testers.CollectionCreationTester" time="0.002"/>
  <testcase name="testCreateWithNull_unsupported[nullValues=true [collection size: one] keys [collection size: one]]" classname="com.google.common.collect.testing.testers.CollectionCreationTester" time="0.0"/>
  <testcase name="testCreateWithNull_supported[nullValues=true [collection size: one] values [collection size: one]]" classname="com.google.common.collect.testing.testers.CollectionCreationTester" time="0.0"/>
  <testcase name="testCreateWithNull_unsupported[nullValues=true [collection size: several] entrySet [collection size: several]]" classname="com.google.common.collect.testing.testers.CollectionCreationTester" time="0.0"/>
  <testcase name="testCreateWithNull_unsupported[nullValues=true [collection size: several] keys [collection size: several]]" classname="com.google.common.collect.testing.testers.CollectionCreationTester" time="0.0"/>
  <testcase name="testCreateWithNull_supported[nullValues=true [collection size: several] values [collection size: several]]" classname="com.google.common.collect.testing.testers.CollectionCreationTester" time="0.0"/>
  <testcase name="testCreateWithNull_unsupported[nullValues=false [collection size: one] entrySet [collection size: one]]" classname="com.google.common.collect.testing.testers.CollectionCreationTester" time="0.001"/>
  <testcase name="testCreateWithNull_unsupported[nullValues=false [collection size: one] keys [collection size: one]]" classname="com.google.common.collect.testing.testers.CollectionCreationTester" time="0.0"/>
  <testcase name="testCreateWithNull_unsupported[nullValues=false [collection size: one] values [collection size: one]]" classname="com.google.common.collect.testing.testers.CollectionCreationTester" time="0.0"/>
  <testcase name="testCreateWithNull_unsupported[nullValues=false [collection size: several] entrySet [collection size: several]]" classname="com.google.common.collect.testing.testers.CollectionCreationTester" time="0.0"/>
  <testcase name="testCreateWithNull_unsupported[nullValues=false [collection size: several] keys [collection size: several]]" classname="com.google.common.collect.testing.testers.CollectionCreationTester" time="0.0"/>
  <testcase name="testCreateWithNull_unsupported[nullValues=false [collection size: several] values [collection size: several]]" classname="com.google.common.collect.testing.testers.CollectionCreationTester" time="0.0"/>
  <testcase name="testRemove_present[nullValues=true [collection size: one] entrySet [collection size: one]]" classname="com.google.common.collect.testing.testers.SetRemoveTester" time="0.0"/>
  <testcase name="testRemove_present[nullValues=true [collection size: one] keys [collection size: one]]" classname="com.google.common.collect.testing.testers.SetRemoveTester" time="0.0"/>
  <testcase name="testRemove_present[nullValues=true [collection size: several] entrySet [collection size: several]]" classname="com.google.common.collect.testing.testers.SetRemoveTester" time="0.0"/>
  <testcase name="testRemove_present[nullValues=true [collection size: several] keys [collection size: several]]" classname="com.google.common.collect.testing.testers.SetRemoveTester" time="0.0"/>
  <testcase name="testRemove_present[nullValues=false [collection size: one] entrySet [collection size: one]]" classname="com.google.common.collect.testing.testers.SetRemoveTester" time="0.0"/>
  <testcase name="testRemove_present[nullValues=false [collection size: one] keys [collection size: one]]" classname="com.google.common.collect.testing.testers.SetRemoveTester" time="0.0"/>
  <testcase name="testRemove_present[nullValues=false [collection size: several] entrySet [collection size: several]]" classname="com.google.common.collect.testing.testers.SetRemoveTester" time="0.0"/>
  <testcase name="testRemove_present[nullValues=false [collection size: several] keys [collection size: several]]" classname="com.google.common.collect.testing.testers.SetRemoveTester" time="0.0"/>
  <testcase name="testCreateWithDuplicates_nonNullDuplicatesNotRejected[nullValues=true [collection size: several] entrySet [collection size: several]]" classname="com.google.common.collect.testing.testers.SetCreationTester" time="0.0"/>
  <testcase name="testCreateWithDuplicates_nonNullDuplicatesNotRejected[nullValues=true [collection size: several] keys [collection size: several]]" classname="com.google.common.collect.testing.testers.SetCreationTester" time="0.0"/>
  <testcase name="testCreateWithDuplicates_nonNullDuplicatesNotRejected[nullValues=false [collection size: several] entrySet [collection size: several]]" classname="com.google.common.collect.testing.testers.SetCreationTester" time="0.0"/>
  <testcase name="testCreateWithDuplicates_nonNullDuplicatesNotRejected[nullValues=false [collection size: several] keys [collection size: several]]" classname="com.google.common.collect.testing.testers.SetCreationTester" time="0.0"/>
</testsuite>