<?xml version="1.0" encoding="UTF-8"?>
<testsuite xmlns:xsi="http://www.w3.org/2001/XMLSchema-instance" xsi:noNamespaceSchemaLocation="https://maven.apache.org/surefire/maven-surefire-plugin/xsd/surefire-test-report.xsd" version="3.0.2" name="com.google.gson.JsonObjectAsMapSuiteTest" time="0.235" tests="903" errors="0" skipped="0" failures="0">
  <properties>
[...]
</properties>
  <testcase name="testClear[JsonObject#asMap [collection size: zero]]" classname="com.google.common.collect.testing.testers.MapClearTester" time="0.0"/>
  <testcase name="testClear[JsonObject#asMap [collection size: one]]" classname="com.google.common.collect.testing.testers.MapClearTester" time="0.0"/>
  <testcase name="testClear[JsonObject#asMap [collection size: several]]" classname="com.google.common.collect.testing.testers.MapClearTester" time="0.0"/>
  <testcase name="testCompute_absentToAbsent[JsonObject#asMap [collection size: zero]]" classname="com.google.common.collect.testing.testers.MapComputeTester" time="0.0"/>
  <testcase name="testCompute_absentToPresent[JsonObject#asMap [collection size: zero]]" classname="com.google.common.collect.testing.testers.MapComputeTester" time="0.0"/>
  <testcase name="testCompute_absentFunctionThrows[JsonObject#asMap [collection size: zero]]" classname="com.google.common.collect.testing.testers.MapComputeTester" time="0.0"/>
  <testcase name="testCompute_absentToAbsent[JsonObject#asMap [collection size: one]]" classname="com.google.common.collect.testing.testers.MapComputeTester" time="0.0"/>
  <testcase name="testCompute_presentToPresent[JsonObject#asMap [collection size: one]]" classname="com.google.common.collect.testing.testers.MapComputeTester" time="0.0"/>
  <testcase name="testCompute_absentToPresent[JsonObject#asMap [collection size: one]]" classname="com.google.common.collect.testing.testers.MapComputeTester" time="0.0"/>
  <testcase name="testCompute_presentFunctionThrows[JsonObject#asMap [collection size: one]]" classname="com.google.common.collect.testing.testers.MapComputeTester" time="0.0"/>
  <testcase name="testCompute_absentFunctionThrows[JsonObject#asMap [collection size: one]]" classname="com.google.common.collect.testing.testers.MapComputeTester" time="0.0"/>
  <testcase name="testCompute_presentToAbsent[JsonObject#asMap [collection size: one]]" classname="com.google.common.collect.testing.testers.MapComputeTester" time="0.0"/>
  <testcase name="testCompute_absentToAbsent[JsonObject#asMap [collection size: several]]" classname="com.google.common.collect.testing.testers.MapComputeTester" time="0.0"/>
  <testcase name="testCompute_presentToPresent[JsonObject#asMap [collection size: several]]" classname="com.google.common.collect.testing.testers.MapComputeTester" time="0.0"/>
  <testcase name="testCompute_absentToPresent[JsonObject#asMap [collection size: several]]" classname="com.google.common.collect.testing.testers.MapComputeTester" time="0.0"/>
  <testcase name="testCompute_presentFunctionThrows[JsonObject#asMap [collection size: several]]" classname="com.google.common.collect.testing.testers.MapComputeTester" time="0.0"/>
  <testcase name="testCompute_absentFunctionThrows[JsonObject#asMap [collection size: several]]" classname="com.google.common.collect.testing.testers.MapComputeTester" time="0.0"/>
  <testcase name="testCompute_presentToAbsent[JsonObject#asMap [collection size: several]]" classname="com.google.common.collect.testing.testers.MapComputeTester" time="0.0"/>
  <testcase name="testComputeIfAbsent_functionReturnsNullNotInserted[JsonObject#asMap [collection size: zero]]" classname="com.google.common.collect.testing.testers.MapComputeIfAbsentTester" time="0.0"/>
  <testcase name="testComputeIfAbsent_supportedAbsent[JsonObject#asMap [collection size: zero]]" classname="com.google.common.collect.testing.testers.MapComputeIfAbsentTester" time="0.0"/>
  <testcase name="testComputeIfAbsent_nullKeyUnsupported[JsonObject#asMap [collection size: zero]]" classname="com.google.common.collect.testing.testers.MapComputeIfAbsentTester" time="0.0"/>
  <testcase name="testComputeIfAbsent_functionThrows[JsonObject#asMap [collection size: zero]]" classname="com.google.common.collect.testing.testers.MapComputeIfAbsentTester" time="0.0"/>
  <testcase name="testComputeIfAbsent_supportedPresent[JsonObject#asMap [collection size: one]]" classname="com.google.common.collect.testing.testers.MapComputeIfAbsentTester" time="0.0"/>
  <testcase name="testComputeIfAbsent_functionReturnsNullNotInserted[JsonObject#asMap [collection size: one]]" classname="com.google.common.collect.testing.testers.MapComputeIfAbsentTester" time="0.002"/>
  <testcase name="testComputeIfAbsent_supportedAbsent[JsonObject#asMap [collection size: one]]" classname="com.google.common.collect.testing.testers.MapComputeIfAbsentTester" time="0.0"/>
  <testcase name="testComputeIfAbsent_nullKeyUnsupported[JsonObject#asMap [collection size: one]]" classname="com.google.common.collect.testing.testers.MapComputeIfAbsentTester" time="0.0"/>
  <testcase name="testComputeIfAbsent_functionThrows[JsonObject#asMap [collection size: one]]" classname="com.google.common.collect.testing.testers.MapComputeIfAbsentTester" time="0.0"/>
  <testcase name="testComputeIfAbsent_supportedPresent[JsonObject#asMap [collection size: several]]" classname="com.google.common.collect.testing.testers.MapComputeIfAbsentTester" time="0.0"/>
  <testcase name="testComputeIfAbsent_functionReturnsNullNotInserted[JsonObject#asMap [collection size: several]]" classname="com.google.common.collect.testing.testers.MapComputeIfAbsentTester" time="0.0"/>
  <testcase name="testComputeIfAbsent_supportedAbsent[JsonObject#asMap [collection size: several]]" classname="com.google.common.collect.testing.testers.MapComputeIfAbsentTester" time="0.0"/>
  <testcase name="testComputeIfAbsent_nullKeyUnsupported[JsonObject#asMap [collection size: several]]" classname="com.google.common.collect.testing.testers.MapComputeIfAbsentTester" time="0.0"/>
  <testcase name="testComputeIfAbsent_functionThrows[JsonObject#asMap [collection size: several]]" classname="com.google.common.collect.testing.testers.MapComputeIfAbsentTester" time="0.0"/>
  <testcase name="testComputeIfPresent_supportedAbsent[JsonObject#asMap [collection size: zero]]" classname="com.google.common.collect.testing.testers.MapComputeIfPresentTester" time="0.0"/>
  <testcase name="testComputeIfPresent_supportedAbsent[JsonObject#asMap [collection size: one]]" classname="com.google.common.collect.testing.testers.MapComputeIfPresentTester" time="0.0"/>
  <testcase name="testComputeIfPresent_functionReturnsNull[JsonObject#asMap [collection size: one]]" classname="com.google.common.collect.testing.testers.MapComputeIfPresentTester" time="0.0"/>
  <testcase name="testComputeIfPresent_functionThrows[JsonObject#asMap [collection size: one]]" classname="com.google.common.collect.testing.testers.MapComputeIfPresentTester" time="0.0"/>
  <testcase name="testComputeIfPresent_supportedPresent[JsonObject#asMap [collection size: one]]" classname="com.google.common.collect.testing.testers.MapComputeIfPresentTester" time="0.0"/>
  <testcase name="testComputeIfPresent_supportedAbsent[JsonObject#asMap [collection size: several]]" classname="com.google.common.collect.testing.testers.MapComputeIfPresentTester" time="0.0"/>
  <testcase name="testComputeIfPresent_functionReturnsNull[JsonObject#asMap [collection size: several]]" classname="com.google.common.collect.testing.testers.MapComputeIfPresentTester" time="0.0"/>
  <testcase name="testComputeIfPresent_functionThrows[JsonObject#asMap [collection size: several]]" classname="com.google.common.collect.testing.testers.MapComputeIfPresentTester" time="0.0"/>
  <testcase name="testComputeIfPresent_supportedPresent[JsonObject#asMap [collection size: several]]" classname="com.google.common.collect.testing.testers.MapComputeIfPresentTester" time="0.0"/>
  <testcase name="testContains_no[JsonObject#asMap [collection size: zero]]" classname="com.google.common.collect.testing.testers.MapContainsKeyTester" time="0.0"/>
  <testcase name="testContains_nullNotContainedButAllowed[JsonObject#asMap [collection size: zero]]" classname="com.google.common.collect.testing.testers.MapContainsKeyTester" time="0.0"/>
  <testcase name="testContains_wrongType[JsonObject#asMap [collection size: zero]]" classname="com.google.common.collect.testing.testers.MapContainsKeyTester" time="0.0"/>
  <testcase name="testContains_yes[JsonObject#asMap [collection size: one]]" classname="com.google.common.collect.testing.testers.MapContainsKeyTester" time="0.0"/>
  <testcase name="testContains_no[JsonObject#asMap [collection size: one]]" classname="com.google.common.collect.testing.testers.MapContainsKeyTester" time="0.0"/>
  <testcase name="testContains_nullNotContainedButAllowed[JsonObject#asMap [collection size: one]]" classname="com.google.common.collect.testing.testers.MapContainsKeyTester" time="0.0"/>
  <testcase name="testContains_wrongType[JsonObject#asMap [collection size: one]]" classname="com.google.common.collect.testing.testers.MapContainsKeyTester" time="0.0"/>
  <testcase name="testContains_yes[JsonObject#asMap [collection size: several]]" classname="com.google.common.collect.testing.testers.MapContainsKeyTester" time="0.0"/>
  <testcase name="testContains_no[JsonObject#asMap [collection size: several]]" classname="com.google.common.collect.testing.testers.MapContainsKeyTester" time="0.0"/>
  <testcase name="testContains_nullNotContainedButAllowed[JsonObject#asMap [collection size: several]]" classname="com.google.common.collect.testing.testers.MapContainsKeyTester" time="0.0"/>
  <testcase name="testContains_wrongType[JsonObject#asMap [collection size: several]]" classname="com.google.common.collect.testing.testers.MapContainsKeyTester" time="0.0"/>
  <testcase name="testContains_no[JsonObject#asMap [collection size: zero]]" classname="com.google.common.collect.testing.testers.MapContainsValueTester" time="0.0"/>
  <testcase name="testContains_nullNotContainedButAllowed[JsonObject#asMap [collection size: zero]]" classname="com.google.common.collect.testing.testers.MapContainsValueTester" time="0.0"/>
  <testcase name="testContains_wrongType[JsonObject#asMap [collection size: zero]]" classname="com.google.common.collect.testing.testers.MapContainsValueTester" time="0.0"/>
  <testcase name="testContains_yes[JsonObject#asMap [collection size: one]]" classname="com.google.common.collect.testing.testers.MapContainsValueTester" time="0.0"/>
  <testcase name="testContains_no[JsonObject#asMap [collection size: one]]" classname="com.google.common.collect.testing.testers.MapContainsValueTester" time="0.0"/>
  <testcase name="testContains_nullNotContainedButAllowed[JsonObject#asMap [collection size: one]]" classname="com.google.common.collect.testing.testers.MapContainsValueTester" time="0.0"/>
  <testcase name="testContains_wrongType[JsonObject#asMap [collection size: one]]" classname="com.google.common.collect.testing.testers.MapContainsValueTester" time="0.0"/>
  <testcase name="testContains_yes[JsonObject#asMap [collection size: several]]" classname="com.google.common.collect.testing.testers.MapContainsValueTester" time="0.0"/>
  <testcase name="testContains_no[JsonObject#asMap [collection size: several]]" classname="com.google.common.collect.testing.testers.MapContainsValueTester" time="0.0"/>
  <testcase name="testContains_nullNotContainedButAllowed[JsonObject#asMap [collection size: several]]" classname="com.google.common.collect.testing.testers.MapContainsValueTester" time="0.0"/>
  <testcase name="testContains_wrongType[JsonObject#asMap [collection size: several]]" classname="com.google.common.collect.testing.testers.MapContainsValueTester" time="0.0"/>
  <testcase name="testContainsEntryWithNullKeyAbsent[JsonObject#asMap [collection size: zero]]" classname="com.google.common.collect.testing.testers.MapEntrySetTester" time="0.0"/>
  <testcase name="testContainsEntryWithIncomparableKey[JsonObject#asMap [collection size: zero]]" classname="com.google.common.collect.testing.testers.MapEntrySetTester" time="0.0"/>
  <testcase name="testContainsEntryWithIncomparableValue[JsonObject#asMap [collection size: zero]]" classname="com.google.common.collect.testing.testers.MapEntrySetTester" time="0.0"/>
  <testcase name="testContainsEntryWithNullValueAbsent[JsonObject#asMap [collection size: zero]]" classname="com.google.common.collect.testing.testers.MapEntrySetTester" time="0.0"/>
  <testcase name="testEntrySetIteratorRemove[JsonObject#asMap [collection size: one]]" classname="com.google.common.collect.testing.testers.MapEntrySetTester" time="0.0"/>
  <testcase name="testContainsEntryWithNullKeyAbsent[JsonObject#asMap [collection size: one]]" classname="com.google.common.collect.testing.testers.MapEntrySetTester" time="0.0"/>
  <testcase name="testContainsEntryWithIncomparableKey[JsonObject#asMap [collection size: one]]" classname="com.google.common.collect.testing.testers.MapEntrySetTester" time="0.001"/>
  <testcase name="testContainsEntryWithIncomparableValue[JsonObject#asMap [collection size: one]]" classname="com.google.common.collect.testing.testers.MapEntrySetTester" time="0.0"/>
  <testcase name="testSetValueWithNullValuesAbsent[JsonObject#asMap [collection size: one]]" classname="com.google.common.collect.testing.testers.MapEntrySetTester" time="0.0"/>
  <testcase name="testContainsEntryWithNullValueAbsent[JsonObject#asMap [collection size: one]]" classname="com.google.common.collect.testing.testers.MapEntrySetTester" time="0.0"/>
  <testcase name="testSetValue[JsonObject#asMap [collection size: one]]" classname="com.google.common.collect.testing.testers.MapEntrySetTester" time="0.0"/>
  <testcase name="testContainsEntryWithNullKeyAbsent[JsonObject#asMap [collection size: several]]" classname="com.google.common.collect.testing.testers.MapEntrySetTester" time="0.0"/>
  <testcase name="testContainsEntryWithIncomparableKey[JsonObject#asMap [collection size: several]]" classname="com.google.common.collect.testing.testers.MapEntrySetTester" time="0.0"/>
  <testcase name="testContainsEntryWithIncomparableValue[JsonObject#asMap [collection size: several]]" classname="com.google.common.collect.testing.testers.MapEntrySetTester" time="0.0"/>
  <testcase name="testSetValueWithNullValuesAbsent[JsonObject#asMap [collection size: several]]" classname="com.google.common.collect.testing.testers.MapEntrySetTester" time="0.0"/>
  <testcase name="testContainsEntryWithNullValueAbsent[JsonObject#asMap [collection size: several]]" classname="com.google.common.collect.testing.testers.MapEntrySetTester" time="0.0"/>
  <testcase name="testSetValue[JsonObject#asMap [collection size: several]]" classname="com.google.common.collect.testing.testers.MapEntrySetTester" time="0.0"/>
  <testcase name="testEquals_list[JsonObject#asMap [collection size: zero]]" classname="com.google.common.collect.testing.testers.MapEqualsTester" time="0.0"/>
  <testcase name="testEquals_otherMapWithSameEntries[JsonObject#asMap [collection size: zero]]" classname="com.google.common.collect.testing.testers.MapEqualsTester" time="0.0"/>
  <testcase name="testEquals_largerMap[JsonObject#asMap [collection size: zero]]" classname="com.google.common.collect.testing.testers.MapEqualsTester" time="0.0"/>
  <testcase name="testEquals_list[JsonObject#asMap [collection size: one]]" classname="com.google.common.collect.testing.testers.MapEqualsTester" time="0.0"/>
  <testcase name="testEquals_otherMapWithDifferentEntries[JsonObject#asMap [collection size: one]]" classname="com.google.common.collect.testing.testers.MapEqualsTester" time="0.0"/>
  <testcase name="testEquals_otherMapWithSameEntries[JsonObject#asMap [collection size: one]]" classname="com.google.common.collect.testing.testers.MapEqualsTester" time="0.0"/>
  <testcase name="testEquals_otherContainsNullValue[JsonObject#asMap [collection size: one]]" classname="com.google.common.collect.testing.testers.MapEqualsTester" time="0.0"/>
  <testcase name="testEquals_largerMap[JsonObject#asMap [collection size: one]]" classname="com.google.common.collect.testing.testers.MapEqualsTester" time="0.0"/>
  <testcase name="testEquals_otherContainsNullKey[JsonObject#asMap [collection size: one]]" classname="com.google.common.collect.testing.testers.MapEqualsTester" time="0.0"/>
  <testcase name="testEquals_smallerMap[JsonObject#asMap [collection size: one]]" classname="com.google.common.collect.testing.testers.MapEqualsTester" time="0.0"/>
  <testcase name="testEquals_list[JsonObject#asMap [collection size: several]]" classname="com.google.common.collect.testing.testers.MapEqualsTester" time="0.0"/>
  <testcase name="testEquals_otherMapWithDifferentEntries[JsonObject#asMap [collection size: several]]" classname="com.google.common.collect.testing.testers.MapEqualsTester" time="0.0"/>
  <testcase name="testEquals_otherMapWithSameEntries[JsonObject#asMap [collection size: several]]" classname="com.google.common.collect.testing.testers.MapEqualsTester" time="0.0"/>
  <testcase name="testEquals_otherContainsNullValue[JsonObject#asMap [collection size: several]]" classname="com.google.common.collect.testing.testers.MapEqualsTester" time="0.0"/>
  <testcase name="testEquals_largerMap[JsonObject#asMap [collection size: several]]" classname="com.google.common.collect.testing.testers.MapEqualsTester" time="0.0"/>
  <testcase name="testEquals_otherContainsNullKey[JsonObject#asMap [collection size: several]]" classname="com.google.common.collect.testing.testers.MapEqualsTester" time="0.0"/>
  <testcase name="testEquals_smallerMap[JsonObject#asMap [collection size: several]]" classname="com.google.common.collect.testing.testers.MapEqualsTester" time="0.0"/>
  <testcase name="testForEachKnownOrder[JsonObject#asMap [collection size: zero]]" classname="com.google.common.collect.testing.testers.MapForEachTester" time="0.0"/>
  <testcase name="testForEachKnownOrder[JsonObject#asMap [collection size: one]]" classname="com.google.common.collect.testing.testers.MapForEachTester" time="0.0"/>
  <testcase name="testForEachKnownOrder[JsonObject#asMap [collection size: several]]" classname="com.google.common.collect.testing.testers.MapForEachTester" time="0.0"/>
  <testcase name="testGet_no[JsonObject#asMap [collection size: zero]]" classname="com.google.common.collect.testing.testers.MapGetTester" time="0.0"/>
  <testcase name="testGet_nullNotContainedButAllowed[JsonObject#asMap [collection size: zero]]" classname="com.google.common.collect.testing.testers.MapGetTester" time="0.0"/>
  <testcase name="testGet_wrongType[JsonObject#asMap [collection size: zero]]" classname="com.google.common.collect.testing.testers.MapGetTester" time="0.0"/>
  <testcase name="testGet_yes[JsonObject#asMap [collection size: one]]" classname="com.google.common.collect.testing.testers.MapGetTester" time="0.0"/>
  <testcase name="testGet_no[JsonObject#asMap [collection size: one]]" classname="com.google.common.collect.testing.testers.MapGetTester" time="0.0"/>
  <testcase name="testGet_nullNotContainedButAllowed[JsonObject#asMap [collection size: one]]" classname="com.google.common.collect.testing.testers.MapGetTester" time="0.001"/>
  <testcase name="testGet_wrongType[JsonObject#asMap [collection size: one]]" classname="com.google.common.collect.testing.testers.MapGetTester" time="0.0"/>
  <testcase name="testGet_yes[JsonObject#asMap [collection size: several]]" classname="com.google.common.collect.testing.testers.MapGetTester" time="0.0"/>
  <testcase name="testGet_no[JsonObject#asMap [collection size: several]]" classname="com.google.common.collect.testing.testers.MapGetTester" time="0.0"/>
  <testcase name="testGet_nullNotContainedButAllowed[JsonObject#asMap [collection size: several]]" classname="com.google.common.collect.testing.testers.MapGetTester" time="0.0"/>
  <testcase name="testGet_wrongType[JsonObject#asMap [collection size: several]]" classname="com.google.common.collect.testing.testers.MapGetTester" time="0.0"/>
  <testcase name="testGetOrDefault_absentNull[JsonObject#asMap [collection size: zero]]" classname="com.google.common.collect.testing.testers.MapGetOrDefaultTester" time="0.0"/>
  <testcase name="testGetOrDefault_absent[JsonObject#asMap [collection size: zero]]" classname="com.google.common.collect.testing.testers.MapGetOrDefaultTester" time="0.0"/>
  <testcase name="testGetOrDefault_absentNullDefault[JsonObject#asMap [collection size: zero]]" classname="com.google.common.collect.testing.testers.MapGetOrDefaultTester" time="0.0"/>
  <testcase name="testGet_wrongType[JsonObject#asMap [collection size: zero]]" classname="com.google.common.collect.testing.testers.MapGetOrDefaultTester" time="0.0"/>
  <testcase name="testGetOrDefault_absentNull[JsonObject#asMap [collection size: one]]" classname="com.google.common.collect.testing.testers.MapGetOrDefaultTester" time="0.0"/>
  <testcase name="testGetOrDefault_present[JsonObject#asMap [collection size: one]]" classname="com.google.common.collect.testing.testers.MapGetOrDefaultTester" time="0.0"/>
  <testcase name="testGetOrDefault_absent[JsonObject#asMap [collection size: one]]" classname="com.google.common.collect.testing.testers.MapGetOrDefaultTester" time="0.0"/>
  <testcase name="testGetOrDefault_absentNullDefault[JsonObject#asMap [collection size: one]]" classname="com.google.common.collect.testing.testers.MapGetOrDefaultTester" time="0.0"/>
  <testcase name="testGetOrDefault_presentNullDefault[JsonObject#asMap [collection size: one]]" classname="com.google.common.collect.testing.testers.MapGetOrDefaultTester" time="0.0"/>
  <testcase name="testGet_wrongType[JsonObject#asMap [collection size: one]]" classname="com.google.common.collect.testing.testers.MapGetOrDefaultTester" time="0.0"/>
  <testcase name="testGetOrDefault_absentNull[JsonObject#asMap [collection size: several]]" classname="com.google.common.collect.testing.testers.MapGetOrDefaultTester" time="0.0"/>
  <testcase name="testGetOrDefault_present[JsonObject#asMap [collection size: several]]" classname="com.google.common.collect.testing.testers.MapGetOrDefaultTester" time="0.0"/>
  <testcase name="testGetOrDefault_absent[JsonObject#asMap [collection size: several]]" classname="com.google.common.collect.testing.testers.MapGetOrDefaultTester" time="0.0"/>
  <testcase name="testGetOrDefault_absentNullDefault[JsonObject#asMap [collection size: several]]" classname="com.google.common.collect.testing.testers.MapGetOrDefaultTester" time="0.0"/>
  <testcase name="testGetOrDefault_presentNullDefault[JsonObject#asMap [collection size: several]]" classname="com.google.common.collect.testing.testers.MapGetOrDefaultTester" time="0.0"/>
  <testcase name="testGet_wrongType[JsonObject#asMap [collection size: several]]" classname="com.google.common.collect.testing.testers.MapGetOrDefaultTester" time="0.0"/>
  <testcase name="testHashCode[JsonObject#asMap [collection size: zero]]" classname="com.google.common.collect.testing.testers.MapHashCodeTester" time="0.0"/>
  <testcase name="testHashCode[JsonObject#asMap [collection size: one]]" classname="com.google.common.collect.testing.testers.MapHashCodeTester" time="0.0"/>
  <testcase name="testHashCode[JsonObject#asMap [collection size: several]]" classname="com.google.common.collect.testing.testers.MapHashCodeTester" time="0.0"/>
  <testcase name="testIsEmpty_yes[JsonObject#asMap [collection size: zero]]" classname="com.google.common.collect.testing.testers.MapIsEmptyTester" time="0.0"/>
  <testcase name="testIsEmpty_no[JsonObject#asMap [collection size: one]]" classname="com.google.common.collect.testing.testers.MapIsEmptyTester" time="0.0"/>
  <testcase name="testIsEmpty_no[JsonObject#asMap [collection size: several]]" classname="com.google.common.collect.testing.testers.MapIsEmptyTester" time="0.0"/>
  <testcase name="testMergeNullFunction[JsonObject#asMap [collection size: zero]]" classname="com.google.common.collect.testing.testers.MapMergeTester" time="0.0"/>
  <testcase name="testAbsent[JsonObject#asMap [collection size: zero]]" classname="com.google.common.collect.testing.testers.MapMergeTester" time="0.0"/>
  <testcase name="testMergeNullValue[JsonObject#asMap [collection size: zero]]" classname="com.google.common.collect.testing.testers.MapMergeTester" time="0.0"/>
  <testcase name="testMergePresentToNull[JsonObject#asMap [collection size: one]]" classname="com.google.common.collect.testing.testers.MapMergeTester" time="0.0"/>
  <testcase name="testMergePresent[JsonObject#asMap [collection size: one]]" classname="com.google.common.collect.testing.testers.MapMergeTester" time="0.001"/>
  <testcase name="testMergeNullFunction[JsonObject#asMap [collection size: one]]" classname="com.google.common.collect.testing.testers.MapMergeTester" time="0.0"/>
  <testcase name="testAbsent[JsonObject#asMap [collection size: one]]" classname="com.google.common.collect.testing.testers.MapMergeTester" time="0.0"/>
  <testcase name="testMergeFunctionThrows[JsonObject#asMap [collection size: one]]" classname="com.google.common.collect.testing.testers.MapMergeTester" time="0.0"/>
  <testcase name="testMergeNullValue[JsonObject#asMap [collection size: one]]" classname="com.google.common.collect.testing.testers.MapMergeTester" time="0.0"/>
  <testcase name="testMergePresentToNull[JsonObject#asMap [collection size: several]]" classname="com.google.common.collect.testing.testers.MapMergeTester" time="0.0"/>
  <testcase name="testMergePresent[JsonObject#asMap [collection size: several]]" classname="com.google.common.collect.testing.testers.MapMergeTester" time="0.0"/>
  <testcase name="testMergeNullFunction[JsonObject#asMap [collection size: several]]" classname="com.google.common.collect.testing.testers.MapMergeTester" time="0.0"/>
  <testcase name="testAbsent[JsonObject#asMap [collection size: several]]" classname="com.google.common.collect.testing.testers.MapMergeTester" time="0.0"/>
  <testcase name="testMergeFunctionThrows[JsonObject#asMap [collection size: several]]" classname="com.google.common.collect.testing.testers.MapMergeTester" time="0.0"/>
  <testcase name="testMergeNullValue[JsonObject#asMap [collection size: several]]" classname="com.google.common.collect.testing.testers.MapMergeTester" time="0.001"/>
  <testcase name="testPut_nullKeyUnsupported[JsonObject#asMap [collection size: zero]]" classname="com.google.common.collect.testing.testers.MapPutTester" time="0.0"/>
  <testcase name="testPut_supportedNotPresent[JsonObject#asMap [collection size: zero]]" classname="com.google.common.collect.testing.testers.MapPutTester" time="0.0"/>
  <testcase name="testPut_nullValueUnsupported[JsonObject#asMap [collection size: zero]]" classname="com.google.common.collect.testing.testers.MapPutTester" time="0.0"/>
  <testcase name="testPut_nullKeyUnsupported[JsonObject#asMap [collection size: one]]" classname="com.google.common.collect.testing.testers.MapPutTester" time="0.0"/>
  <testcase name="testPut_replaceWithNullValueUnsupported[JsonObject#asMap [collection size: one]]" classname="com.google.common.collect.testing.testers.MapPutTester" time="0.0"/>
  <testcase name="testPut_supportedNotPresent[JsonObject#asMap [collection size: one]]" classname="com.google.common.collect.testing.testers.MapPutTester" time="0.001"/>
  <testcase name="testPut_nullValueUnsupported[JsonObject#asMap [collection size: one]]" classname="com.google.common.collect.testing.testers.MapPutTester" time="0.0"/>
  <testcase name="testPut_supportedPresent[JsonObject#asMap [collection size: one]]" classname="com.google.common.collect.testing.testers.MapPutTester" time="0.0"/>
  <testcase name="testPut_nullKeyUnsupported[JsonObject#asMap [collection size: several]]" classname="com.google.common.collect.testing.testers.MapPutTester" time="0.0"/>
  <testcase name="testPut_replaceWithNullValueUnsupported[JsonObject#asMap [collection size: several]]" classname="com.google.common.collect.testing.testers.MapPutTester" time="0.0"/>
  <testcase name="testPut_supportedNotPresent[JsonObject#asMap [collection size: several]]" classname="com.google.common.collect.testing.testers.MapPutTester" time="0.0"/>
  <testcase name="testPut_nullValueUnsupported[JsonObject#asMap [collection size: several]]" classname="com.google.common.collect.testing.testers.MapPutTester" time="0.0"/>
  <testcase name="testPut_supportedPresent[JsonObject#asMap [collection size: several]]" classname="com.google.common.collect.testing.testers.MapPutTester" time="0.0"/>
  <testcase name="testPutAll_nullKeyUnsupported[JsonObject#asMap [collection size: zero]]" classname="com.google.common.collect.testing.testers.MapPutAllTester" time="0.0"/>
  <testcase name="testPutAll_supportedNonePresent[JsonObject#asMap [collection size: zero]]" classname="com.google.common.collect.testing.testers.MapPutAllTester" time="0.002"/>
  <testcase name="testPutAll_nullValueUnsupported[JsonObject#asMap [collection size: zero]]" classname="com.google.common.collect.testing.testers.MapPutAllTester" time="0.0"/>
  <testcase name="testPutAll_supportedNothing[JsonObject#asMap [collection size: zero]]" classname="com.google.common.collect.testing.testers.MapPutAllTester" time="0.0"/>
  <testcase name="testPutAll_nullCollectionReference[JsonObject#asMap [collection size: zero]]" classname="com.google.common.collect.testing.testers.MapPutAllTester" time="0.0"/>
  <testcase name="testPutAll_nullKeyUnsupported[JsonObject#asMap [collection size: one]]" classname="com.google.common.collect.testing.testers.MapPutAllTester" time="0.0"/>
  <testcase name="testPutAll_supportedNonePresent[JsonObject#asMap [collection size: one]]" classname="com.google.common.collect.testing.testers.MapPutAllTester" time="0.0"/>
  <testcase name="testPutAll_nullValueUnsupported[JsonObject#asMap [collection size: one]]" classname="com.google.common.collect.testing.testers.MapPutAllTester" time="0.0"/>
  <testcase name="testPutAll_supportedNothing[JsonObject#asMap [collection size: one]]" classname="com.google.common.collect.testing.testers.MapPutAllTester" time="0.0"/>
  <testcase name="testPutAll_supportedSomePresent[JsonObject#asMap [collection size: one]]" classname="com.google.common.collect.testing.testers.MapPutAllTester" time="0.0"/>
  <testcase name="testPutAll_nullCollectionReference[JsonObject#asMap [collection size: one]]" classname="com.google.common.collect.testing.testers.MapPutAllTester" time="0.0"/>
  <testcase name="testPutAll_nullKeyUnsupported[JsonObject#asMap [collection size: several]]" classname="com.google.common.collect.testing.testers.MapPutAllTester" time="0.0"/>
  <testcase name="testPutAll_supportedNonePresent[JsonObject#asMap [collection size: several]]" classname="com.google.common.collect.testing.testers.MapPutAllTester" time="0.0"/>
  <testcase name="testPutAll_nullValueUnsupported[JsonObject#asMap [collection size: several]]" classname="com.google.common.collect.testing.testers.MapPutAllTester" time="0.0"/>
  <testcase name="testPutAll_supportedNothing[JsonObject#asMap [collection size: several]]" classname="com.google.common.collect.testing.testers.MapPutAllTester" time="0.0"/>
  <testcase name="testPutAll_supportedSomePresent[JsonObject#asMap [collection size: several]]" classname="com.google.common.collect.testing.testers.MapPutAllTester" time="0.0"/>
  <testcase name="testPutAll_nullCollectionReference[JsonObject#asMap [collection size: several]]" classname="com.google.common.collect.testing.testers.MapPutAllTester" time="0.0"/>
  <testcase name="testPutIfAbsent_nullValueUnsupportedAndKeyAbsent[JsonObject#asMap [collection size: zero]]" classname="com.google.common.collect.testing.testers.MapPutIfAbsentTester" time="0.0"/>
  <testcase name="testPutIfAbsent_nullKeyUnsupported[JsonObject#asMap [collection size: zero]]" classname="com.google.common.collect.testing.testers.MapPutIfAbsentTester" time="0.0"/>
  <testcase name="testPutIfAbsent_supportedAbsent[JsonObject#asMap [collection size: zero]]" classname="com.google.common.collect.testing.testers.MapPutIfAbsentTester" time="0.0"/>
  <testcase name="testPutIfAbsent_nullValueUnsupportedAndKeyPresent[JsonObject#asMap [collection size: one]]" classname="com.google.common.collect.testing.testers.MapPutIfAbsentTester" time="0.0"/>
  <testcase name="testPutIfAbsent_nullValueUnsupportedAndKeyAbsent[JsonObject#asMap [collection size: one]]" classname="com.google.common.collect.testing.testers.MapPutIfAbsentTester" time="0.0"/>
  <testcase name="testPutIfAbsent_nullKeyUnsupported[JsonObject#asMap [collection size: one]]" classname="com.google.common.collect.testing.testers.MapPutIfAbsentTester" time="0.0"/>
  <testcase name="testPutIfAbsent_supportedAbsent[JsonObject#asMap [collection size: one]]" classname="com.google.common.collect.testing.testers.MapPutIfAbsentTester" time="0.0"/>
  <testcase name="testPutIfAbsent_supportedPresent[JsonObject#asMap [collection size: one]]" classname="com.google.common.collect.testing.testers.MapPutIfAbsentTester" time="0.0"/>
  <testcase name="testPutIfAbsent_nullValueUnsupportedAndKeyPresent[JsonObject#asMap [collection size: several]]" classname="com.google.common.collect.testing.testers.MapPutIfAbsentTester" time="0.0"/>
  <testcase name="testPutIfAbsent_nullValueUnsupportedAndKeyAbsent[JsonObject#asMap [collection size: several]]" classname="com.google.common.collect.testing.testers.MapPutIfAbsentTester" time="0.0"/>
  <testcase name="testPutIfAbsent_nullKeyUnsupported[JsonObject#asMap [collection size: several]]" classname="com.google.common.collect.testing.testers.MapPutIfAbsentTester" time="0.0"/>
  <testcase name="testPutIfAbsent_supportedAbsent[JsonObject#asMap [collection size: several]]" classname="com.google.common.collect.testing.testers.MapPutIfAbsentTester" time="0.0"/>
  <testcase name="testPutIfAbsent_supportedPresent[JsonObject#asMap [collection size: several]]" classname="com.google.common.collect.testing.testers.MapPutIfAbsentTester" time="0.0"/>
  <testcase name="testRemove_nullSupportedMissing[JsonObject#asMap [collection size: zero]]" classname="com.google.common.collect.testing.testers.MapRemoveTester" time="0.0"/>
  <testcase name="testRemove_wrongType[JsonObject#asMap [collection size: zero]]" classname="com.google.common.collect.testing.testers.MapRemoveTester" time="0.0"/>
  <testcase name="testRemove_notPresent[JsonObject#asMap [collection size: zero]]" classname="com.google.common.collect.testing.testers.MapRemoveTester" time="0.0"/>
  <testcase name="testRemove_present[JsonObject#asMap [collection size: one]]" classname="com.google.common.collect.testing.testers.MapRemoveTester" time="0.0"/>
  <testcase name="testRemove_nullSupportedMissing[JsonObject#asMap [collection size: one]]" classname="com.google.common.collect.testing.testers.MapRemoveTester" time="0.0"/>
  <testcase name="testRemove_wrongType[JsonObject#asMap [collection size: one]]" classname="com.google.common.collect.testing.testers.MapRemoveTester" time="0.001"/>
  <testcase name="testRemove_notPresent[JsonObject#asMap [collection size: one]]" classname="com.google.common.collect.testing.testers.MapRemoveTester" time="0.0"/>
  <testcase name="testRemove_present[JsonObject#asMap [collection size: several]]" classname="com.google.common.collect.testing.testers.MapRemoveTester" time="0.0"/>
  <testcase name="testRemove_nullSupportedMissing[JsonObject#asMap [collection size: several]]" classname="com.google.common.collect.testing.testers.MapRemoveTester" time="0.0"/>
  <testcase name="testRemove_wrongType[JsonObject#asMap [collection size: several]]" classname="com.google.common.collect.testing.testers.MapRemoveTester" time="0.002"/>
  <testcase name="testRemove_notPresent[JsonObject#asMap [collection size: several]]" classname="com.google.common.collect.testing.testers.MapRemoveTester" time="0.0"/>
  <testcase name="testRemove_supportedWrongKeyPresentValue[JsonObject#asMap [collection size: zero]]" classname="com.google.common.collect.testing.testers.MapRemoveEntryTester" time="0.0"/>
  <testcase name="testRemove_supportedPresentKeyWrongValue[JsonObject#asMap [collection size: zero]]" classname="com.google.common.collect.testing.testers.MapRemoveEntryTester" time="0.0"/>
  <testcase name="testRemove_supportedAbsentKeyAbsentValue[JsonObject#asMap [collection size: zero]]" classname="com.google.common.collect.testing.testers.MapRemoveEntryTester" time="0.0"/>
  <testcase name="testRemove_supportedWrongKeyPresentValue[JsonObject#asMap [collection size: one]]" classname="com.google.common.collect.testing.testers.MapRemoveEntryTester" time="0.0"/>
  <testcase name="testRemove_supportedPresentKeyWrongValue[JsonObject#asMap [collection size: one]]" classname="com.google.common.collect.testing.testers.MapRemoveEntryTester" time="0.0"/>
  <testcase name="testRemove_supportedAbsentKeyAbsentValue[JsonObject#asMap [collection size: one]]" classname="com.google.common.collect.testing.testers.MapRemoveEntryTester" time="0.0"/>
  <testcase name="testRemove_supportedPresent[JsonObject#asMap [collection size: one]]" classname="com.google.common.collect.testing.testers.MapRemoveEntryTester" time="0.0"/>
  <testcase name="testRemove_supportedWrongKeyPresentValue[JsonObject#asMap [collection size: several]]" classname="com.google.common.collect.testing.testers.MapRemoveEntryTester" time="0.0"/>
  <testcase name="testRemove_supportedPresentKeyWrongValue[JsonObject#asMap [collection size: several]]" classname="com.google.common.collect.testing.testers.MapRemoveEntryTester" time="0.0"/>
  <testcase name="testRemove_supportedAbsentKeyAbsentValue[JsonObject#asMap [collection size: several]]" classname="com.google.common.collect.testing.testers.MapRemoveEntryTester" time="0.0"/>
  <testcase name="testRemove_supportedPresent[JsonObject#asMap [collection size: several]]" classname="com.google.common.collect.testing.testers.MapRemoveEntryTester" time="0.0"/>
  <testcase name="testReplace_supportedAbsent[JsonObject#asMap [collection size: zero]]" classname="com.google.common.collect.testing.testers.MapReplaceTester" time="0.0"/>
  <testcase name="testReplace_presentNullValueUnsupported[JsonObject#asMap [collection size: one]]" classname="com.google.common.collect.testing.testers.MapReplaceTester" time="0.0"/>
  <testcase name="testReplace_supportedPresent[JsonObject#asMap [collection size: one]]" classname="com.google.common.collect.testing.testers.MapReplaceTester" time="0.0"/>
  <testcase name="testReplace_supportedAbsent[JsonObject#asMap [collection size: one]]" classname="com.google.common.collect.testing.testers.MapReplaceTester" time="0.0"/>
  <testcase name="testReplace_supportedPresentNoChange[JsonObject#asMap [collection size: one]]" classname="com.google.common.collect.testing.testers.MapReplaceTester" time="0.0"/>
  <testcase name="testReplace_presentNullValueUnsupported[JsonObject#asMap [collection size: several]]" classname="com.google.common.collect.testing.testers.MapReplaceTester" time="0.0"/>
  <testcase name="testReplace_supportedPresent[JsonObject#asMap [collection size: several]]" classname="com.google.common.collect.testing.testers.MapReplaceTester" time="0.0"/>
  <testcase name="testReplace_supportedAbsent[JsonObject#asMap [collection size: several]]" classname="com.google.common.collect.testing.testers.MapReplaceTester" time="0.0"/>
  <testcase name="testReplace_supportedPresentNoChange[JsonObject#asMap [collection size: several]]" classname="com.google.common.collect.testing.testers.MapReplaceTester" time="0.0"/>
  <testcase name="testReplaceAllPreservesOrder[JsonObject#asMap [collection size: zero]]" classname="com.google.common.collect.testing.testers.MapReplaceAllTester" time="0.0"/>
  <testcase name="testReplaceAllRotate[JsonObject#asMap [collection size: zero]]" classname="com.google.common.collect.testing.testers.MapReplaceAllTester" time="0.001"/>
  <testcase name="testReplaceAllPreservesOrder[JsonObject#asMap [collection size: one]]" classname="com.google.common.collect.testing.testers.MapReplaceAllTester" time="0.0"/>
  <testcase name="testReplaceAllRotate[JsonObject#asMap [collection size: one]]" classname="com.google.common.collect.testing.testers.MapReplaceAllTester" time="0.0"/>
  <testcase name="testReplaceAllPreservesOrder[JsonObject#asMap [collection size: several]]" classname="com.google.common.collect.testing.testers.MapReplaceAllTester" time="0.0"/>
  <testcase name="testReplaceAllRotate[JsonObject#asMap [collection size: several]]" classname="com.google.common.collect.testing.testers.MapReplaceAllTester" time="0.002"/>
  <testcase name="testReplaceEntry_nullDifferentFromAbsent[JsonObject#asMap [collection size: zero]]" classname="com.google.common.collect.testing.testers.MapReplaceEntryTester" time="0.0"/>
  <testcase name="testReplaceEntry_supportedAbsentKey[JsonObject#asMap [collection size: zero]]" classname="com.google.common.collect.testing.testers.MapReplaceEntryTester" time="0.0"/>
  <testcase name="testReplaceEntry_supportedPresentUnchanged[JsonObject#asMap [collection size: one]]" classname="com.google.common.collect.testing.testers.MapReplaceEntryTester" time="0.0"/>
  <testcase name="testReplaceEntry_supportedPresent[JsonObject#asMap [collection size: one]]" classname="com.google.common.collect.testing.testers.MapReplaceEntryTester" time="0.0"/>
  <testcase name="testReplaceEntry_nullDifferentFromAbsent[JsonObject#asMap [collection size: one]]" classname="com.google.common.collect.testing.testers.MapReplaceEntryTester" time="0.0"/>
  <testcase name="testReplaceEntry_presentNullValueUnsupported[JsonObject#asMap [collection size: one]]" classname="com.google.common.collect.testing.testers.MapReplaceEntryTester" time="0.001"/>
  <testcase name="testReplaceEntry_supportedAbsentKey[JsonObject#asMap [collection size: one]]" classname="com.google.common.collect.testing.testers.MapReplaceEntryTester" time="0.0"/>
  <testcase name="testReplaceEntry_supportedWrongValue[JsonObject#asMap [collection size: one]]" classname="com.google.common.collect.testing.testers.MapReplaceEntryTester" time="0.0"/>
  <testcase name="testReplaceEntry_supportedPresentUnchanged[JsonObject#asMap [collection size: several]]" classname="com.google.common.collect.testing.testers.MapReplaceEntryTester" time="0.0"/>
  <testcase name="testReplaceEntry_supportedPresent[JsonObject#asMap [collection size: several]]" classname="com.google.common.collect.testing.testers.MapReplaceEntryTester" time="0.0"/>
  <testcase name="testReplaceEntry_nullDifferentFromAbsent[JsonObject#asMap [collection size: several]]" classname="com.google.common.collect.testing.testers.MapReplaceEntryTester" time="0.0"/>
  <testcase name="testReplaceEntry_presentNullValueUnsupported[JsonObject#asMap [collection size: several]]" classname="com.google.common.collect.testing.testers.MapReplaceEntryTester" time="0.0"/>
  <testcase name="testReplaceEntry_supportedAbsentKey[JsonObject#asMap [collection size: several]]" classname="com.google.common.collect.testing.testers.MapReplaceEntryTester" time="0.0"/>
  <testcase name="testReplaceEntry_supportedWrongValue[JsonObject#asMap [collection size: several]]" classname="com.google.common.collect.testing.testers.MapReplaceEntryTester" time="0.0"/>
  <testcase name="testSize[JsonObject#asMap [collection size: zero]]" classname="com.google.common.collect.testing.testers.MapSizeTester" time="0.0"/>
  <testcase name="testSize[JsonObject#asMap [collection size: one]]" classname="com.google.common.collect.testing.testers.MapSizeTester" time="0.0"/>
  <testcase name="testSize[JsonObject#asMap [collection size: several]]" classname="com.google.common.collect.testing.testers.MapSizeTester" time="0.0"/>
  <testcase name="testToString_size0[JsonObject#asMap [collection size: zero]]" classname="com.google.common.collect.testing.testers.MapToStringTester" time="0.0"/>
  <testcase name="testToString_formatting[JsonObject#asMap [collection size: zero]]" classname="com.google.common.collect.testing.testers.MapToStringTester" time="0.0"/>
  <testcase name="testToString_minimal[JsonObject#asMap [collection size: zero]]" classname="com.google.common.collect.testing.testers.MapToStringTester" time="0.0"/>
  <testcase name="testToString_size1[JsonObject#asMap [collection size: one]]" classname="com.google.common.collect.testing.testers.MapToStringTester" time="0.0"/>
  <testcase name="testToString_formatting[JsonObject#asMap [collection size: one]]" classname="com.google.common.collect.testing.testers.MapToStringTester" time="0.0"/>
  <testcase name="testToString_minimal[JsonObject#asMap [collection size: one]]" classname="com.google.common.collect.testing.testers.MapToStringTester" time="0.0"/>
  <testcase name="testToString_formatting[JsonObject#asMap [collection size: several]]" classname="com.google.common.collect.testing.testers.MapToStringTester" time="0.0"/>
  <testcase name="testToString_minimal[JsonObject#asMap [collection size: several]]" classname="com.google.common.collect.testing.testers.MapToStringTester" time="0.0"/>
  <testcase name="testAddAll_unsupportedNothing[JsonObject#asMap [collection size: zero] entrySet [collection size: zero]]" classname="com.google.common.collect.testing.testers.CollectionAddAllTester" time="0.0"/>
  <testcase name="testAddAll_unsupportedNonePresent[JsonObject#asMap [collection size: zero] entrySet [collection size: zero]]" classname="com.google.common.collect.testing.testers.CollectionAddAllTester" time="0.0"/>
  <testcase name="testAddAll_unsupportedNothing[JsonObject#asMap [collection size: zero] keys [collection size: zero]]" classname="com.google.common.collect.testing.testers.CollectionAddAllTester" time="0.0"/>
  <testcase name="testAddAll_unsupportedNonePresent[JsonObject#asMap [collection size: zero] keys [collection size: zero]]" classname="com.google.common.collect.testing.testers.CollectionAddAllTester" time="0.0"/>
  <testcase name="testAddAll_unsupportedNothing[JsonObject#asMap [collection size: zero] values [collection size: zero]]" classname="com.google.common.collect.testing.testers.CollectionAddAllTester" time="0.0"/>
  <testcase name="testAddAll_unsupportedNonePresent[JsonObject#asMap [collection size: zero] values [collection size: zero]]" classname="com.google.common.collect.testing.testers.CollectionAddAllTester" time="0.0"/>
  <testcase name="testAddAll_unsupportedSomePresent[JsonObject#asMap [collection size: one] entrySet [collection size: one]]" classname="com.google.common.collect.testing.testers.CollectionAddAllTester" time="0.0"/>
  <testcase name="testAddAll_unsupportedNothing[JsonObject#asMap [collection size: one] entrySet [collection size: one]]" classname="com.google.common.collect.testing.testers.CollectionAddAllTester" time="0.0"/>
  <testcase name="testAddAll_unsupportedNonePresent[JsonObject#asMap [collection size: one] entrySet [collection size: one]]" classname="com.google.common.collect.testing.testers.CollectionAddAllTester" time="0.0"/>
  <testcase name="testAddAll_unsupportedAllPresent[JsonObject#asMap [collection size: one] entrySet [collection size: one]]" classname="com.google.common.collect.testing.testers.CollectionAddAllTester" time="0.0"/>
  <testcase name="testAddAll_unsupportedSomePresent[JsonObject#asMap [collection size: one] keys [collection size: one]]" classname="com.google.common.collect.testing.testers.CollectionAddAllTester" time="0.001"/>
  <testcase name="testAddAll_unsupportedNothing[JsonObject#asMap [collection size: one] keys [collection size: one]]" classname="com.google.common.collect.testing.testers.CollectionAddAllTester" time="0.0"/>
  <testcase name="testAddAll_unsupportedNonePresent[JsonObject#asMap [collection size: one] keys [collection size: one]]" classname="com.google.common.collect.testing.testers.CollectionAddAllTester" time="0.0"/>
  <testcase name="testAddAll_unsupportedAllPresent[JsonObject#asMap [collection size: one] keys [collection size: one]]" classname="com.google.common.collect.testing.testers.CollectionAddAllTester" time="0.0"/>
  <testcase name="testAddAll_unsupportedSomePresent[JsonObject#asMap [collection size: one] values [collection size: one]]" classname="com.google.common.collect.testing.testers.CollectionAddAllTester" time="0.0"/>
  <testcase name="testAddAll_unsupportedNothing[JsonObject#asMap [collection size: one] values [collection size: one]]" classname="com.google.common.collect.testing.testers.CollectionAddAllTester" time="0.001"/>
  <testcase name="testAddAll_unsupportedNonePresent[JsonObject#asMap [collection size: one] values [collection size: one]]" classname="com.google.common.collect.testing.testers.CollectionAddAllTester" time="0.0"/>
  <testcase name="testAddAll_unsupportedAllPresent[JsonObject#asMap [collection size: one] values [collection size: one]]" classname="com.google.common.collect.testing.testers.CollectionAddAllTester" time="0.0"/>
  <testcase name="testAddAll_unsupportedSomePresent[JsonObject#asMap [collection size: several] entrySet [collection size: several]]" classname="com.google.common.collect.testing.testers.CollectionAddAllTester" time="0.001"/>
  <testcase name="testAddAll_unsupportedNothing[JsonObject#asMap [collection size: several] entrySet [collection size: several]]" classname="com.google.common.collect.testing.testers.CollectionAddAllTester" time="0.0"/>
  <testcase name="testAddAll_unsupportedNonePresent[JsonObject#asMap [collection size: several] entrySet [collection size: several]]" classname="com.google.common.collect.testing.testers.CollectionAddAllTester" time="0.0"/>
  <testcase name="testAddAll_unsupportedAllPresent[JsonObject#asMap [collection size: several] entrySet [collection size: several]]" classname="com.google.common.collect.testing.testers.CollectionAddAllTester" time="0.0"/>
  <testcase name="testAddAll_unsupportedSomePresent[JsonObject#asMap [collection size: several] keys [collection size: several]]" classname="com.google.common.collect.testing.testers.CollectionAddAllTester" time="0.0"/>
  <testcase name="testAddAll_unsupportedNothing[JsonObject#asMap [collection size: several] keys [collection size: several]]" classname="com.google.common.collect.testing.testers.CollectionAddAllTester" time="0.0"/>
  <testcase name="testAddAll_unsupportedNonePresent[JsonObject#asMap [collection size: several] keys [collection size: several]]" classname="com.google.common.collect.testing.testers.CollectionAddAllTester" time="0.0"/>
  <testcase name="testAddAll_unsupportedAllPresent[JsonObject#asMap [collection size: several] keys [collection size: several]]" classname="com.google.common.collect.testing.testers.CollectionAddAllTester" time="0.0"/>
  <testcase name="testAddAll_unsupportedSomePresent[JsonObject#asMap [collection size: several] values [collection size: several]]" classname="com.google.common.collect.testing.testers.CollectionAddAllTester" time="0.0"/>
  <testcase name="testAddAll_unsupportedNothing[JsonObject#asMap [collection size: several] values [collection size: several]]" classname="com.google.common.collect.testing.testers.CollectionAddAllTester" time="0.0"/>
  <testcase name="testAddAll_unsupportedNonePresent[JsonObject#asMap [collection size: several] values [collection size: several]]" classname="com.google.common.collect.testing.testers.CollectionAddAllTester" time="0.0"/>
  <testcase name="testAddAll_unsupportedAllPresent[JsonObject#asMap [collection size: several] values [collection size: several]]" classname="com.google.common.collect.testing.testers.CollectionAddAllTester" time="0.0"/>
  <testcase name="testAdd_unsupportedNotPresent[JsonObject#asMap [collection size: zero] entrySet [collection size: zero]]" classname="com.google.common.collect.testing.testers.CollectionAddTester" time="0.0"/>
  <testcase name="testAdd_unsupportedNotPresent[JsonObject#asMap [collection size: zero] keys [collection size: zero]]" classname="com.google.common.collect.testing.testers.CollectionAddTester" time="0.0"/>
  <testcase name="testAdd_unsupportedNotPresent[JsonObject#asMap [collection size: zero] values [collection size: zero]]" classname="com.google.common.collect.testing.testers.CollectionAddTester" time="0.0"/>
  <testcase name="testAdd_unsupportedNotPresent[JsonObject#asMap [collection size: one] entrySet [collection size: one]]" classname="com.google.common.collect.testing.testers.CollectionAddTester" time="0.0"/>
  <testcase name="testAdd_unsupportedPresent[JsonObject#asMap [collection size: one] entrySet [collection size: one]]" classname="com.google.common.collect.testing.testers.CollectionAddTester" time="0.0"/>
  <testcase name="testAdd_unsupportedNotPresent[JsonObject#asMap [collection size: one] keys [collection size: one]]" classname="com.google.common.collect.testing.testers.CollectionAddTester" time="0.0"/>
  <testcase name="testAdd_unsupportedPresent[JsonObject#asMap [collection size: one] keys [collection size: one]]" classname="com.google.common.collect.testing.testers.CollectionAddTester" time="0.0"/>
  <testcase name="testAdd_unsupportedNotPresent[JsonObject#asMap [collection size: one] values [collection size: one]]" classname="com.google.common.collect.testing.testers.CollectionAddTester" time="0.0"/>
  <testcase name="testAdd_unsupportedPresent[JsonObject#asMap [collection size: one] values [collection size: one]]" classname="com.google.common.collect.testing.testers.CollectionAddTester" time="0.0"/>
  <testcase name="testAdd_unsupportedNotPresent[JsonObject#asMap [collection size: several] entrySet [collection size: several]]" classname="com.google.common.collect.testing.testers.CollectionAddTester" time="0.0"/>
  <testcase name="testAdd_unsupportedPresent[JsonObject#asMap [collection size: several] entrySet [collection size: several]]" classname="com.google.common.collect.testing.testers.CollectionAddTester" time="0.0"/>
  <testcase name="testAdd_unsupportedNotPresent[JsonObject#asMap [collection size: several] keys [collection size: several]]" classname="com.google.common.collect.testing.testers.CollectionAddTester" time="0.0"/>
  <testcase name="testAdd_unsupportedPresent[JsonObject#asMap [collection size: several] keys [collection size: several]]" classname="com.google.common.collect.testing.testers.CollectionAddTester" time="0.0"/>
  <testcase name="testAdd_unsupportedNotPresent[JsonObject#asMap [collection size: several] values [collection size: several]]" classname="com.google.common.collect.testing.testers.CollectionAddTester" time="0.0"/>
  <testcase name="testAdd_unsupportedPresent[JsonObject#asMap [collection size: several] values [collection size: several]]" classname="com.google.common.collect.testing.testers.CollectionAddTester" time="0.0"/>
  <testcase name="testClear[JsonObject#asMap [collection size: zero] entrySet [collection size: zero]]" classname="com.google.common.collect.testing.testers.CollectionClearTester" time="0.0"/>
  <testcase name="testClear[JsonObject#asMap [collection size: zero] keys [collection size: zero]]" classname="com.google.common.collect.testing.testers.CollectionClearTester" time="0.0"/>
  <testcase name="testClear[JsonObject#asMap [collection size: zero] values [collection size: zero]]" classname="com.google.common.collect.testing.testers.CollectionClearTester" time="0.0"/>
  <testcase name="testClear[JsonObject#asMap [collection size: one] entrySet [collection size: one]]" classname="com.google.common.collect.testing.testers.CollectionClearTester" time="0.0"/>
  <testcase name="testClear[JsonObject#asMap [collection size: one] keys [collection size: one]]" classname="com.google.common.collect.testing.testers.CollectionClearTester" time="0.002"/>
  <testcase name="testClear[JsonObject#asMap [collection size: one] values [collection size: one]]" classname="com.google.common.collect.testing.testers.CollectionClearTester" time="0.0"/>
  <testcase name="testClear[JsonObject#asMap [collection size: several] entrySet [collection size: several]]" classname="com.google.common.collect.testing.testers.CollectionClearTester" time="0.0"/>
  <testcase name="testClear[JsonObject#asMap [collection size: several] keys [collection size: several]]" classname="com.google.common.collect.testing.testers.CollectionClearTester" time="0.0"/>
  <testcase name="testClear[JsonObject#asMap [collection size: several] values [collection size: several]]" classname="com.google.common.collect.testing.testers.CollectionClearTester" time="0.0"/>
  <testcase name="testContainsAll_nullAllowed[JsonObject#asMap [collection size: zero] entrySet [collection size: zero]]" classname="com.google.common.collect.testing.testers.CollectionContainsAllTester" time="0.0"/>
  <testcase name="testContainsAll_disjoint[JsonObject#asMap [collection size: zero] entrySet [collection size: zero]]" classname="com.google.common.collect.testing.testers.CollectionContainsAllTester" time="0.0"/>
  <testcase name="testContainsAll_self[JsonObject#asMap [collection size: zero] entrySet [collection size: zero]]" classname="com.google.common.collect.testing.testers.CollectionContainsAllTester" time="0.0"/>
  <testcase name="testContainsAll_wrongType[JsonObject#asMap [collection size: zero] entrySet [collection size: zero]]" classname="com.google.common.collect.testing.testers.CollectionContainsAllTester" time="0.0"/>
  <testcase name="testContainsAll_empty[JsonObject#asMap [collection size: zero] entrySet [collection size: zero]]" classname="com.google.common.collect.testing.testers.CollectionContainsAllTester" time="0.0"/>
  <testcase name="testContainsAll_sameElements[JsonObject#asMap [collection size: zero] entrySet [collection size: zero]]" classname="com.google.common.collect.testing.testers.CollectionContainsAllTester" time="0.0"/>
  <testcase name="testContainsAll_partialOverlap[JsonObject#asMap [collection size: zero] entrySet [collection size: zero]]" classname="com.google.common.collect.testing.testers.CollectionContainsAllTester" time="0.0"/>
  <testcase name="testContainsAll_nullAllowed[JsonObject#asMap [collection size: zero] keys [collection size: zero]]" classname="com.google.common.collect.testing.testers.CollectionContainsAllTester" time="0.0"/>
  <testcase name="testContainsAll_disjoint[JsonObject#asMap [collection size: zero] keys [collection size: zero]]" classname="com.google.common.collect.testing.testers.CollectionContainsAllTester" time="0.0"/>
  <testcase name="testContainsAll_self[JsonObject#asMap [collection size: zero] keys [collection size: zero]]" classname="com.google.common.collect.testing.testers.CollectionContainsAllTester" time="0.0"/>
  <testcase name="testContainsAll_wrongType[JsonObject#asMap [collection size: zero] keys [collection size: zero]]" classname="com.google.common.collect.testing.testers.CollectionContainsAllTester" time="0.0"/>
  <testcase name="testContainsAll_empty[JsonObject#asMap [collection size: zero] keys [collection size: zero]]" classname="com.google.common.collect.testing.testers.CollectionContainsAllTester" time="0.0"/>
  <testcase name="testContainsAll_sameElements[JsonObject#asMap [collection size: zero] keys [collection size: zero]]" classname="com.google.common.collect.testing.testers.CollectionContainsAllTester" time="0.0"/>
  <testcase name="testContainsAll_partialOverlap[JsonObject#asMap [collection size: zero] keys [collection size: zero]]" classname="com.google.common.collect.testing.testers.CollectionContainsAllTester" time="0.0"/>
  <testcase name="testContainsAll_nullAllowed[JsonObject#asMap [collection size: zero] values [collection size: zero]]" classname="com.google.common.collect.testing.testers.CollectionContainsAllTester" time="0.0"/>
  <testcase name="testContainsAll_disjoint[JsonObject#asMap [collection size: zero] values [collection size: zero]]" classname="com.google.common.collect.testing.testers.CollectionContainsAllTester" time="0.0"/>
  <testcase name="testContainsAll_self[JsonObject#asMap [collection size: zero] values [collection size: zero]]" classname="com.google.common.collect.testing.testers.CollectionContainsAllTester" time="0.0"/>
  <testcase name="testContainsAll_wrongType[JsonObject#asMap [collection size: zero] values [collection size: zero]]" classname="com.google.common.collect.testing.testers.CollectionContainsAllTester" time="0.0"/>
  <testcase name="testContainsAll_empty[JsonObject#asMap [collection size: zero] values [collection size: zero]]" classname="com.google.common.collect.testing.testers.CollectionContainsAllTester" time="0.0"/>
  <testcase name="testContainsAll_sameElements[JsonObject#asMap [collection size: zero] values [collection size: zero]]" classname="com.google.common.collect.testing.testers.CollectionContainsAllTester" time="0.0"/>
  <testcase name="testContainsAll_partialOverlap[JsonObject#asMap [collection size: zero] values [collection size: zero]]" classname="com.google.common.collect.testing.testers.CollectionContainsAllTester" time="0.0"/>
  <testcase name="testContainsAll_subset[JsonObject#asMap [collection size: one] entrySet [collection size: one]]" classname="com.google.common.collect.testing.testers.CollectionContainsAllTester" time="0.0"/>
  <testcase name="testContainsAll_nullAllowed[JsonObject#asMap [collection size: one] entrySet [collection size: one]]" classname="com.google.common.collect.testing.testers.CollectionContainsAllTester" time="0.0"/>
  <testcase name="testContainsAll_disjoint[JsonObject#asMap [collection size: one] entrySet [collection size: one]]" classname="com.google.common.collect.testing.testers.CollectionContainsAllTester" time="0.0"/>
  <testcase name="testContainsAll_self[JsonObject#asMap [collection size: one] entrySet [collection size: one]]" classname="com.google.common.collect.testing.testers.CollectionContainsAllTester" time="0.001"/>
  <testcase name="testContainsAll_wrongType[JsonObject#asMap [collection size: one] entrySet [collection size: one]]" classname="com.google.common.collect.testing.testers.CollectionContainsAllTester" time="0.0"/>
  <testcase name="testContainsAll_empty[JsonObject#asMap [collection size: one] entrySet [collection size: one]]" classname="com.google.common.collect.testing.testers.CollectionContainsAllTester" time="0.0"/>
  <testcase name="testContainsAll_sameElements[JsonObject#asMap [collection size: one] entrySet [collection size: one]]" classname="com.google.common.collect.testing.testers.CollectionContainsAllTester" time="0.0"/>
  <testcase name="testContainsAll_partialOverlap[JsonObject#asMap [collection size: one] entrySet [collection size: one]]" classname="com.google.common.collect.testing.testers.CollectionContainsAllTester" time="0.0"/>
  <testcase name="testContainsAll_subset[JsonObject#asMap [collection size: one] keys [collection size: one]]" classname="com.google.common.collect.testing.testers.CollectionContainsAllTester" time="0.0"/>
  <testcase name="testContainsAll_nullAllowed[JsonObject#asMap [collection size: one] keys [collection size: one]]" classname="com.google.common.collect.testing.testers.CollectionContainsAllTester" time="0.0"/>
  <testcase name="testContainsAll_disjoint[JsonObject#asMap [collection size: one] keys [collection size: one]]" classname="com.google.common.collect.testing.testers.CollectionContainsAllTester" time="0.0"/>
  <testcase name="testContainsAll_self[JsonObject#asMap [collection size: one] keys [collection size: one]]" classname="com.google.common.collect.testing.testers.CollectionContainsAllTester" time="0.0"/>
  <testcase name="testContainsAll_wrongType[JsonObject#asMap [collection size: one] keys [collection size: one]]" classname="com.google.common.collect.testing.testers.CollectionContainsAllTester" time="0.0"/>
  <testcase name="testContainsAll_empty[JsonObject#asMap [collection size: one] keys [collection size: one]]" classname="com.google.common.collect.testing.testers.CollectionContainsAllTester" time="0.001"/>
  <testcase name="testContainsAll_sameElements[JsonObject#asMap [collection size: one] keys [collection size: one]]" classname="com.google.common.collect.testing.testers.CollectionContainsAllTester" time="0.0"/>
  <testcase name="testContainsAll_partialOverlap[JsonObject#asMap [collection size: one] keys [collection size: one]]" classname="com.google.common.collect.testing.testers.CollectionContainsAllTester" time="0.0"/>
  <testcase name="testContainsAll_subset[JsonObject#asMap [collection size: one] values [collection size: one]]" classname="com.google.common.collect.testing.testers.CollectionContainsAllTester" time="0.002"/>
  <testcase name="testContainsAll_nullAllowed[JsonObject#asMap [collection size: one] values [collection size: one]]" classname="com.google.common.collect.testing.testers.CollectionContainsAllTester" time="0.0"/>
  <testcase name="testContainsAll_disjoint[JsonObject#asMap [collection size: one] values [collection size: one]]" classname="com.google.common.collect.testing.testers.CollectionContainsAllTester" time="0.0"/>
  <testcase name="testContainsAll_self[JsonObject#asMap [collection size: one] values [collection size: one]]" classname="com.google.common.collect.testing.testers.CollectionContainsAllTester" time="0.0"/>
  <testcase name="testContainsAll_wrongType[JsonObject#asMap [collection size: one] values [collection size: one]]" classname="com.google.common.collect.testing.testers.CollectionContainsAllTester" time="0.0"/>
  <testcase name="testContainsAll_empty[JsonObject#asMap [collection size: one] values [collection size: one]]" classname="com.google.common.collect.testing.testers.CollectionContainsAllTester" time="0.0"/>
  <testcase name="testContainsAll_sameElements[JsonObject#asMap [collection size: one] values [collection size: one]]" classname="com.google.common.collect.testing.testers.CollectionContainsAllTester" time="0.0"/>
  <testcase name="testContainsAll_partialOverlap[JsonObject#asMap [collection size: one] values [collection size: one]]" classname="com.google.common.collect.testing.testers.CollectionContainsAllTester" time="0.0"/>
  <testcase name="testContainsAll_subset[JsonObject#asMap [collection size: several] entrySet [collection size: several]]" classname="com.google.common.collect.testing.testers.CollectionContainsAllTester" time="0.0"/>
  <testcase name="testContainsAll_nullAllowed[JsonObject#asMap [collection size: several] entrySet [collection size: several]]" classname="com.google.common.collect.testing.testers.CollectionContainsAllTester" time="0.0"/>
  <testcase name="testContainsAll_disjoint[JsonObject#asMap [collection size: several] entrySet [collection size: several]]" classname="com.google.common.collect.testing.testers.CollectionContainsAllTester" time="0.0"/>
  <testcase name="testContainsAll_self[JsonObject#asMap [collection size: several] entrySet [collection size: several]]" classname="com.google.common.collect.testing.testers.CollectionContainsAllTester" time="0.0"/>
  <testcase name="testContainsAll_wrongType[JsonObject#asMap [collection size: several] entrySet [collection size: several]]" classname="com.google.common.collect.testing.testers.CollectionContainsAllTester" time="0.0"/>
  <testcase name="testContainsAll_empty[JsonObject#asMap [collection size: several] entrySet [collection size: several]]" classname="com.google.common.collect.testing.testers.CollectionContainsAllTester" time="0.0"/>
  <testcase name="testContainsAll_sameElements[JsonObject#asMap [collection size: several] entrySet [collection size: several]]" classname="com.google.common.collect.testing.testers.CollectionContainsAllTester" time="0.001"/>
  <testcase name="testContainsAll_partialOverlap[JsonObject#asMap [collection size: several] entrySet [collection size: several]]" classname="com.google.common.collect.testing.testers.CollectionContainsAllTester" time="0.0"/>
  <testcase name="testContainsAll_subset[JsonObject#asMap [collection size: several] keys [collection size: several]]" classname="com.google.common.collect.testing.testers.CollectionContainsAllTester" time="0.0"/>
  <testcase name="testContainsAll_nullAllowed[JsonObject#asMap [collection size: several] keys [collection size: several]]" classname="com.google.common.collect.testing.testers.CollectionContainsAllTester" time="0.0"/>
  <testcase name="testContainsAll_disjoint[JsonObject#asMap [collection size: several] keys [collection size: several]]" classname="com.google.common.collect.testing.testers.CollectionContainsAllTester" time="0.0"/>
  <testcase name="testContainsAll_self[JsonObject#asMap [collection size: several] keys [collection size: several]]" classname="com.google.common.collect.testing.testers.CollectionContainsAllTester" time="0.0"/>
  <testcase name="testContainsAll_wrongType[JsonObject#asMap [collection size: several] keys [collection size: several]]" classname="com.google.common.collect.testing.testers.CollectionContainsAllTester" time="0.0"/>
  <testcase name="testContainsAll_empty[JsonObject#asMap [collection size: several] keys [collection size: several]]" classname="com.google.common.collect.testing.testers.CollectionContainsAllTester" time="0.0"/>
  <testcase name="testContainsAll_sameElements[JsonObject#asMap [collection size: several] keys [collection size: several]]" classname="com.google.common.collect.testing.testers.CollectionContainsAllTester" time="0.0"/>
  <testcase name="testContainsAll_partialOverlap[JsonObject#asMap [collection size: several] keys [collection size: several]]" classname="com.google.common.collect.testing.testers.CollectionContainsAllTester" time="0.0"/>
  <testcase name="testContainsAll_subset[JsonObject#asMap [collection size: several] values [collection size: several]]" classname="com.google.common.collect.testing.testers.CollectionContainsAllTester" time="0.0"/>
  <testcase name="testContainsAll_nullAllowed[JsonObject#asMap [collection size: several] values [collection size: several]]" classname="com.google.common.collect.testing.testers.CollectionContainsAllTester" time="0.0"/>
  <testcase name="testContainsAll_disjoint[JsonObject#asMap [collection size: several] values [collection size: several]]" classname="com.google.common.collect.testing.testers.CollectionContainsAllTester" time="0.0"/>
  <testcase name="testContainsAll_self[JsonObject#asMap [collection size: several] values [collection size: several]]" classname="com.google.common.collect.testing.testers.CollectionContainsAllTester" time="0.0"/>
  <testcase name="testContainsAll_wrongType[JsonObject#asMap [collection size: several] values [collection size: several]]" classname="com.google.common.collect.testing.testers.CollectionContainsAllTester" time="0.0"/>
  <testcase name="testContainsAll_empty[JsonObject#asMap [collection size: several] values [collection size: several]]" classname="com.google.common.collect.testing.testers.CollectionContainsAllTester" time="0.0"/>
  <testcase name="testContainsAll_sameElements[JsonObject#asMap [collection size: several] values [collection size: several]]" classname="com.google.common.collect.testing.testers.CollectionContainsAllTester" time="0.002"/>
  <testcase name="testContainsAll_partialOverlap[JsonObject#asMap [collection size: several] values [collection size: several]]" classname="com.google.common.collect.testing.testers.CollectionContainsAllTester" time="0.0"/>
  <testcase name="testContains_nullNotContainedButQueriesSupported[JsonObject#asMap [collection size: zero] entrySet [collection size: zero]]" classname="com.google.common.collect.testing.testers.CollectionContainsTester" time="0.0"/>
  <testcase name="testContains_no[JsonObject#asMap [collection size: zero] entrySet [collection size: zero]]" classname="com.google.common.collect.testing.testers.CollectionContainsTester" time="0.0"/>
  <testcase name="testContains_wrongType[JsonObject#asMap [collection size: zero] entrySet [collection size: zero]]" classname="com.google.common.collect.testing.testers.CollectionContainsTester" time="0.0"/>
  <testcase name="testContains_nullNotContainedButQueriesSupported[JsonObject#asMap [collection size: zero] keys [collection size: zero]]" classname="com.google.common.collect.testing.testers.CollectionContainsTester" time="0.0"/>
  <testcase name="testContains_no[JsonObject#asMap [collection size: zero] keys [collection size: zero]]" classname="com.google.common.collect.testing.testers.CollectionContainsTester" time="0.0"/>
  <testcase name="testContains_wrongType[JsonObject#asMap [collection size: zero] keys [collection size: zero]]" classname="com.google.common.collect.testing.testers.CollectionContainsTester" time="0.0"/>
  <testcase name="testContains_nullNotContainedButQueriesSupported[JsonObject#asMap [collection size: zero] values [collection size: zero]]" classname="com.google.common.collect.testing.testers.CollectionContainsTester" time="0.0"/>
  <testcase name="testContains_no[JsonObject#asMap [collection size: zero] values [collection size: zero]]" classname="com.google.common.collect.testing.testers.CollectionContainsTester" time="0.001"/>
  <testcase name="testContains_wrongType[JsonObject#asMap [collection size: zero] values [collection size: zero]]" classname="com.google.common.collect.testing.testers.CollectionContainsTester" time="0.0"/>
  <testcase name="testContains_nullNotContainedButQueriesSupported[JsonObject#asMap [collection size: one] entrySet [collection size: one]]" classname="com.google.common.collect.testing.testers.CollectionContainsTester" time="0.0"/>
  <testcase name="testContains_yes[JsonObject#asMap [collection size: one] entrySet [collection size: one]]" classname="com.google.common.collect.testing.testers.CollectionContainsTester" time="0.0"/>
  <testcase name="testContains_no[JsonObject#asMap [collection size: one] entrySet [collection size: one]]" classname="com.google.common.collect.testing.testers.CollectionContainsTester" time="0.0"/>
  <testcase name="testContains_wrongType[JsonObject#asMap [collection size: one] entrySet [collection size: one]]" classname="com.google.common.collect.testing.testers.CollectionContainsTester" time="0.0"/>
  <testcase name="testContains_nullNotContainedButQueriesSupported[JsonObject#asMap [collection size: one] keys [collection size: one]]" classname="com.google.common.collect.testing.testers.CollectionContainsTester" time="0.0"/>
  <testcase name="testContains_yes[JsonObject#asMap [collection size: one] keys [collection size: one]]" classname="com.google.common.collect.testing.testers.CollectionContainsTester" time="0.0"/>
  <testcase name="testContains_no[JsonObject#asMap [collection size: one] keys [collection size: one]]" classname="com.google.common.collect.testing.testers.CollectionContainsTester" time="0.0"/>
  <testcase name="testContains_wrongType[JsonObject#asMap [collection size: one] keys [collection size: one]]" classname="com.google.common.collect.testing.testers.CollectionContainsTester" time="0.0"/>
  <testcase name="testContains_nullNotContainedButQueriesSupported[JsonObject#asMap [collection size: one] values [collection size: one]]" classname="com.google.common.collect.testing.testers.CollectionContainsTester" time="0.0"/>
  <testcase name="testContains_yes[JsonObject#asMap [collection size: one] values [collection size: one]]" classname="com.google.common.collect.testing.testers.CollectionContainsTester" time="0.0"/>
  <testcase name="testContains_no[JsonObject#asMap [collection size: one] values [collection size: one]]" classname="com.google.common.collect.testing.testers.CollectionContainsTester" time="0.0"/>
  <testcase name="testContains_wrongType[JsonObject#asMap [collection size: one] values [collection size: one]]" classname="com.google.common.collect.testing.testers.CollectionContainsTester" time="0.0"/>
  <testcase name="testContains_nullNotContainedButQueriesSupported[JsonObject#asMap [collection size: several] entrySet [collection size: several]]" classname="com.google.common.collect.testing.testers.CollectionContainsTester" time="0.0"/>
  <testcase name="testContains_yes[JsonObject#asMap [collection size: several] entrySet [collection size: several]]" classname="com.google.common.collect.testing.testers.CollectionContainsTester" time="0.0"/>
  <testcase name="testContains_no[JsonObject#asMap [collection size: several] entrySet [collection size: several]]" classname="com.google.common.collect.testing.testers.CollectionContainsTester" time="0.0"/>
  <testcase name="testContains_wrongType[JsonObject#asMap [collection size: several] entrySet [collection size: several]]" classname="com.google.common.collect.testing.testers.CollectionContainsTester" time="0.0"/>
  <testcase name="testContains_nullNotContainedButQueriesSupported[JsonObject#asMap [collection size: several] keys [collection size: several]]" classname="com.google.common.collect.testing.testers.CollectionContainsTester" time="0.0"/>
  <testcase name="testContains_yes[JsonObject#asMap [collection size: several] keys [collection size: several]]" classname="com.google.common.collect.testing.testers.CollectionContainsTester" time="0.0"/>
  <testcase name="testContains_no[JsonObject#asMap [collection size: several] keys [collection size: several]]" classname="com.google.common.collect.testing.testers.CollectionContainsTester" time="0.0"/>
  <testcase name="testContains_wrongType[JsonObject#asMap [collection size: several] keys [collection size: several]]" classname="com.google.common.collect.testing.testers.CollectionContainsTester" time="0.0"/>
  <testcase name="testContains_nullNotContainedButQueriesSupported[JsonObject#asMap [collection size: several] values [collection size: several]]" classname="com.google.common.collect.testing.testers.CollectionContainsTester" time="0.0"/>
  <testcase name="testContains_yes[JsonObject#asMap [collection size: several] values [collection size: several]]" classname="com.google.common.collect.testing.testers.CollectionContainsTester" time="0.0"/>
  <testcase name="testContains_no[JsonObject#asMap [collection size: several] values [collection size: several]]" classname="com.google.common.collect.testing.testers.CollectionContainsTester" time="0.0"/>
  <testcase name="testContains_wrongType[JsonObject#asMap [collection size: several] values [collection size: several]]" classname="com.google.common.collect.testing.testers.CollectionContainsTester" time="0.0"/>
  <testcase name="testEquals_null[JsonObject#asMap [collection size: zero] entrySet [collection size: zero]]" classname="com.google.common.collect.testing.testers.CollectionEqualsTester" time="0.0"/>
  <testcase name="testEquals_self[JsonObject#asMap [collection size: zero] entrySet [collection size: zero]]" classname="com.google.common.collect.testing.testers.CollectionEqualsTester" time="0.0"/>
  <testcase name="testEquals_notACollection[JsonObject#asMap [collection size: zero] entrySet [collection size: zero]]" classname="com.google.common.collect.testing.testers.CollectionEqualsTester" time="0.0"/>
  <testcase name="testEquals_null[JsonObject#asMap [collection size: zero] keys [collection size: zero]]" classname="com.google.common.collect.testing.testers.CollectionEqualsTester" time="0.0"/>
  <testcase name="testEquals_self[JsonObject#asMap [collection size: zero] keys [collection size: zero]]" classname="com.google.common.collect.testing.testers.CollectionEqualsTester" time="0.0"/>
  <testcase name="testEquals_notACollection[JsonObject#asMap [collection size: zero] keys [collection size: zero]]" classname="com.google.common.collect.testing.testers.CollectionEqualsTester" time="0.0"/>
  <testcase name="testEquals_null[JsonObject#asMap [collection size: zero] values [collection size: zero]]" classname="com.google.common.collect.testing.testers.CollectionEqualsTester" time="0.0"/>
  <testcase name="testEquals_self[JsonObject#asMap [collection size: zero] values [collection size: zero]]" classname="com.google.common.collect.testing.testers.CollectionEqualsTester" time="0.0"/>
[...]
  <testcase name="testToArray_rightSizedArray[JsonObject#asMap [collection size: several] entrySet [collection size: several]]" classname="com.google.common.collect.testing.testers.CollectionToArrayTester" time="0.0"/>
  <testcase name="testToArray_emptyArray[JsonObject#asMap [collection size: several] keys [collection size: several]]" classname="com.google.common.collect.testing.testers.CollectionToArrayTester" time="0.0"/>
  <testcase name="testToArray_oversizedArray[JsonObject#asMap [collection size: several] keys [collection size: several]]" classname="com.google.common.collect.testing.testers.CollectionToArrayTester" time="0.0"/>
  <testcase name="testToArray_rightSizedArray_ordered[JsonObject#asMap [collection size: several] keys [collection size: several]]" classname="com.google.common.collect.testing.testers.CollectionToArrayTester" time="0.0"/>
  <testcase name="testToArray_emptyArrayOfObject[JsonObject#asMap [collection size: several] keys [collection size: several]]" classname="com.google.common.collect.testing.testers.CollectionToArrayTester" time="0.0"/>
  <testcase name="testToArray_rightSizedArrayOfObject_ordered[JsonObject#asMap [collection size: several] keys [collection size: several]]" classname="com.google.common.collect.testing.testers.CollectionToArrayTester" time="0.0"/>
  <testcase name="testToArray_emptyArrayOfWrongTypeForNonEmptyCollection[JsonObject#asMap [collection size: several] keys [collection size: several]]" classname="com.google.common.collect.testing.testers.CollectionToArrayTester" time="0.0"/>
  <testcase name="testToArray_noArgs[JsonObject#asMap [collection size: several] keys [collection size: several]]" classname="com.google.common.collect.testing.testers.CollectionToArrayTester" time="0.0"/>
  <testcase name="testToArray_oversizedArray_ordered[JsonObject#asMap [collection size: several] keys [collection size: several]]" classname="com.google.common.collect.testing.testers.CollectionToArrayTester" time="0.0"/>
  <testcase name="testToArray_isPlainObjectArray[JsonObject#asMap [collection size: several] keys [collection size: several]]" classname="com.google.common.collect.testing.testers.CollectionToArrayTester" time="0.0"/>
  <testcase name="testToArray_rightSizedArrayOfObject[JsonObject#asMap [collection size: several] keys [collection size: several]]" classname="com.google.common.collect.testing.testers.CollectionToArrayTester" time="0.0"/>
  <testcase name="testToArray_emptyArray_ordered[JsonObject#asMap [collection size: several] keys [collection size: several]]" classname="com.google.common.collect.testing.testers.CollectionToArrayTester" time="0.0"/>
  <testcase name="testToArray_rightSizedArray[JsonObject#asMap [collection size: several] keys [collection size: several]]" classname="com.google.common.collect.testing.testers.CollectionToArrayTester" time="0.0"/>
  <testcase name="testToArray_emptyArray[JsonObject#asMap [collection size: several] values [collection size: several]]" classname="com.google.common.collect.testing.testers.CollectionToArrayTester" time="0.0"/>
  <testcase name="testToArray_oversizedArray[JsonObject#asMap [collection size: several] values [collection size: several]]" classname="com.google.common.collect.testing.testers.CollectionToArrayTester" time="0.0"/>
  <testcase name="testToArray_rightSizedArray_ordered[JsonObject#asMap [collection size: several] values [collection size: several]]" classname="com.google.common.collect.testing.testers.CollectionToArrayTester" time="0.0"/>
  <testcase name="testToArray_emptyArrayOfObject[JsonObject#asMap [collection size: several] values [collection size: several]]" classname="com.google.common.collect.testing.testers.CollectionToArrayTester" time="0.0"/>
  <testcase name="testToArray_rightSizedArrayOfObject_ordered[JsonObject#asMap [collection size: several] values [collection size: several]]" classname="com.google.common.collect.testing.testers.CollectionToArrayTester" time="0.0"/>
  <testcase name="testToArray_emptyArrayOfWrongTypeForNonEmptyCollection[JsonObject#asMap [collection size: several] values [collection size: several]]" classname="com.google.common.collect.testing.testers.CollectionToArrayTester" time="0.0"/>
  <testcase name="testToArray_noArgs[JsonObject#asMap [collection size: several] values [collection size: several]]" classname="com.google.common.collect.testing.testers.CollectionToArrayTester" time="0.0"/>
  <testcase name="testToArray_oversizedArray_ordered[JsonObject#asMap [collection size: several] values [collection size: several]]" classname="com.google.common.collect.testing.testers.CollectionToArrayTester" time="0.0"/>
  <testcase name="testToArray_isPlainObjectArray[JsonObject#asMap [collection size: several] values [collection size: several]]" classname="com.google.common.collect.testing.testers.CollectionToArrayTester" time="0.0"/>
  <testcase name="testToArray_rightSizedArrayOfObject[JsonObject#asMap [collection size: several] values [collection size: several]]" classname="com.google.common.collect.testing.testers.CollectionToArrayTester" time="0.0"/>
  <testcase name="testToArray_emptyArray_ordered[JsonObject#asMap [collection size: several] values [collection size: several]]" classname="com.google.common.collect.testing.testers.CollectionToArrayTester" time="0.0"/>
  <testcase name="testToArray_rightSizedArray[JsonObject#asMap [collection size: several] values [collection size: several]]" classname="com.google.common.collect.testing.testers.CollectionToArrayTester" time="0.0"/>
  <testcase name="testToString_size0[JsonObject#asMap [collection size: zero] entrySet [collection size: zero]]" classname="com.google.common.collect.testing.testers.CollectionToStringTester" time="0.0"/>
  <testcase name="testToString_minimal[JsonObject#asMap [collection size: zero] entrySet [collection size: zero]]" classname="com.google.common.collect.testing.testers.CollectionToStringTester" time="0.0"/>
  <testcase name="testToString_size0[JsonObject#asMap [collection size: zero] keys [collection size: zero]]" classname="com.google.common.collect.testing.testers.CollectionToStringTester" time="0.0"/>
  <testcase name="testToString_minimal[JsonObject#asMap [collection size: zero] keys [collection size: zero]]" classname="com.google.common.collect.testing.testers.CollectionToStringTester" time="0.0"/>
  <testcase name="testToString_size0[JsonObject#asMap [collection size: zero] values [collection size: zero]]" classname="com.google.common.collect.testing.testers.CollectionToStringTester" time="0.0"/>
  <testcase name="testToString_minimal[JsonObject#asMap [collection size: zero] values [collection size: zero]]" classname="com.google.common.collect.testing.testers.CollectionToStringTester" time="0.0"/>
  <testcase name="testToString_size1[JsonObject#asMap [collection size: one] entrySet [collection size: one]]" classname="com.google.common.collect.testing.testers.CollectionToStringTester" time="0.0"/>
  <testcase name="testToString_minimal[JsonObject#asMap [collection size: one] entrySet [collection size: one]]" classname="com.google.common.collect.testing.testers.CollectionToStringTester" time="0.001"/>
  <testcase name="testToString_size1[JsonObject#asMap [collection size: one] keys [collection size: one]]" classname="com.google.common.collect.testing.testers.CollectionToStringTester" time="0.0"/>
  <testcase name="testToString_minimal[JsonObject#asMap [collection size: one] keys [collection size: one]]" classname="com.google.common.collect.testing.testers.CollectionToStringTester" time="0.0"/>
  <testcase name="testToString_size1[JsonObject#asMap [collection size: one] values [collection size: one]]" classname="com.google.common.collect.testing.testers.CollectionToStringTester" time="0.0"/>
  <testcase name="testToString_minimal[JsonObject#asMap [collection size: one] values [collection size: one]]" classname="com.google.common.collect.testing.testers.CollectionToStringTester" time="0.0"/>
  <testcase name="testToString_sizeSeveral[JsonObject#asMap [collection size: several] entrySet [collection size: several]]" classname="com.google.common.collect.testing.testers.CollectionToStringTester" time="0.001"/>
  <testcase name="testToString_minimal[JsonObject#asMap [collection size: several] entrySet [collection size: several]]" classname="com.google.common.collect.testing.testers.CollectionToStringTester" time="0.0"/>
  <testcase name="testToString_sizeSeveral[JsonObject#asMap [collection size: several] keys [collection size: several]]" classname="com.google.common.collect.testing.testers.CollectionToStringTester" time="0.0"/>
  <testcase name="testToString_minimal[JsonObject#asMap [collection size: several] keys [collection size: several]]" classname="com.google.common.collect.testing.testers.CollectionToStringTester" time="0.0"/>
  <testcase name="testToString_sizeSeveral[JsonObject#asMap [collection size: several] values [collection size: several]]" classname="com.google.common.collect.testing.testers.CollectionToStringTester" time="0.0"/>
  <testcase name="testToString_minimal[JsonObject#asMap [collection size: several] values [collection size: several]]" classname="com.google.common.collect.testing.testers.CollectionToStringTester" time="0.0"/>
  <testcase name="testHashCode[JsonObject#asMap [collection size: zero] entrySet [collection size: zero]]" classname="com.google.common.collect.testing.testers.SetHashCodeTester" time="0.0"/>
  <testcase name="testHashCode[JsonObject#asMap [collection size: zero] keys [collection size: zero]]" classname="com.google.common.collect.testing.testers.SetHashCodeTester" time="0.0"/>
  <testcase name="testHashCode[JsonObject#asMap [collection size: one] entrySet [collection size: one]]" classname="com.google.common.collect.testing.testers.SetHashCodeTester" time="0.0"/>
  <testcase name="testHashCode[JsonObject#asMap [collection size: one] keys [collection size: one]]" classname="com.google.common.collect.testing.testers.SetHashCodeTester" time="0.0"/>
  <testcase name="testHashCode[JsonObject#asMap [collection size: several] entrySet [collection size: several]]" classname="com.google.common.collect.testing.testers.SetHashCodeTester" time="0.0"/>
  <testcase name="testHashCode[JsonObject#asMap [collection size: several] keys [collection size: several]]" classname="com.google.common.collect.testing.testers.SetHashCodeTester" time="0.0"/>
  <testcase name="testEquals_list[JsonObject#asMap [collection size: zero] entrySet [collection size: zero]]" classname="com.google.common.collect.testing.testers.SetEqualsTester" time="0.0"/>
  <testcase name="testEquals_otherSetWithSameElements[JsonObject#asMap [collection size: zero] entrySet [collection size: zero]]" classname="com.google.common.collect.testing.testers.SetEqualsTester" time="0.0"/>
  <testcase name="testEquals_largerSet[JsonObject#asMap [collection size: zero] entrySet [collection size: zero]]" classname="com.google.common.collect.testing.testers.SetEqualsTester" time="0.0"/>
  <testcase name="testEquals_list[JsonObject#asMap [collection size: zero] keys [collection size: zero]]" classname="com.google.common.collect.testing.testers.SetEqualsTester" time="0.0"/>
  <testcase name="testEquals_otherSetWithSameElements[JsonObject#asMap [collection size: zero] keys [collection size: zero]]" classname="com.google.common.collect.testing.testers.SetEqualsTester" time="0.0"/>
  <testcase name="testEquals_largerSet[JsonObject#asMap [collection size: zero] keys [collection size: zero]]" classname="com.google.common.collect.testing.testers.SetEqualsTester" time="0.0"/>
  <testcase name="testEquals_list[JsonObject#asMap [collection size: one] entrySet [collection size: one]]" classname="com.google.common.collect.testing.testers.SetEqualsTester" time="0.0"/>
  <testcase name="testEquals_otherSetWithSameElements[JsonObject#asMap [collection size: one] entrySet [collection size: one]]" classname="com.google.common.collect.testing.testers.SetEqualsTester" time="0.0"/>
  <testcase name="testEquals_largerSet[JsonObject#asMap [collection size: one] entrySet [collection size: one]]" classname="com.google.common.collect.testing.testers.SetEqualsTester" time="0.0"/>
  <testcase name="testEquals_otherContainsNull[JsonObject#asMap [collection size: one] entrySet [collection size: one]]" classname="com.google.common.collect.testing.testers.SetEqualsTester" time="0.0"/>
  <testcase name="testEquals_smallerSet[JsonObject#asMap [collection size: one] entrySet [collection size: one]]" classname="com.google.common.collect.testing.testers.SetEqualsTester" time="0.0"/>
  <testcase name="testEquals_otherSetWithDifferentElements[JsonObject#asMap [collection size: one] entrySet [collection size: one]]" classname="com.google.common.collect.testing.testers.SetEqualsTester" time="0.0"/>
  <testcase name="testEquals_list[JsonObject#asMap [collection size: one] keys [collection size: one]]" classname="com.google.common.collect.testing.testers.SetEqualsTester" time="0.0"/>
  <testcase name="testEquals_otherSetWithSameElements[JsonObject#asMap [collection size: one] keys [collection size: one]]" classname="com.google.common.collect.testing.testers.SetEqualsTester" time="0.0"/>
  <testcase name="testEquals_largerSet[JsonObject#asMap [collection size: one] keys [collection size: one]]" classname="com.google.common.collect.testing.testers.SetEqualsTester" time="0.0"/>
  <testcase name="testEquals_otherContainsNull[JsonObject#asMap [collection size: one] keys [collection size: one]]" classname="com.google.common.collect.testing.testers.SetEqualsTester" time="0.0"/>
  <testcase name="testEquals_smallerSet[JsonObject#asMap [collection size: one] keys [collection size: one]]" classname="com.google.common.collect.testing.testers.SetEqualsTester" time="0.0"/>
  <testcase name="testEquals_otherSetWithDifferentElements[JsonObject#asMap [collection size: one] keys [collection size: one]]" classname="com.google.common.collect.testing.testers.SetEqualsTester" time="0.0"/>
  <testcase name="testEquals_list[JsonObject#asMap [collection size: several] entrySet [collection size: several]]" classname="com.google.common.collect.testing.testers.SetEqualsTester" time="0.0"/>
  <testcase name="testEquals_otherSetWithSameElements[JsonObject#asMap [collection size: several] entrySet [collection size: several]]" classname="com.google.common.collect.testing.testers.SetEqualsTester" time="0.0"/>
  <testcase name="testEquals_largerSet[JsonObject#asMap [collection size: several] entrySet [collection size: several]]" classname="com.google.common.collect.testing.testers.SetEqualsTester" time="0.0"/>
  <testcase name="testEquals_otherContainsNull[JsonObject#asMap [collection size: several] entrySet [collection size: several]]" classname="com.google.common.collect.testing.testers.SetEqualsTester" time="0.0"/>
  <testcase name="testEquals_smallerSet[JsonObject#asMap [collection size: several] entrySet [collection size: several]]" classname="com.google.common.collect.testing.testers.SetEqualsTester" time="0.0"/>
  <testcase name="testEquals_otherSetWithDifferentElements[JsonObject#asMap [collection size: several] entrySet [collection size: several]]" classname="com.google.common.collect.testing.testers.SetEqualsTester" time="0.0"/>
  <testcase name="testEquals_list[JsonObject#asMap [collection size: several] keys [collection size: several]]" classname="com.google.common.collect.testing.testers.SetEqualsTester" time="0.0"/>
  <testcase name="testEquals_otherSetWithSameElements[JsonObject#asMap [collection size: several] keys [collection size: several]]" classname="com.google.common.collect.testing.testers.SetEqualsTester" time="0.0"/>
  <testcase name="testEquals_largerSet[JsonObject#asMap [collection size: several] keys [collection size: several]]" classname="com.google.common.collect.testing.testers.SetEqualsTester" time="0.0"/>
  <testcase name="testEquals_otherContainsNull[JsonObject#asMap [collection size: several] keys [collection size: several]]" classname="com.google.common.collect.testing.testers.SetEqualsTester" time="0.0"/>
  <testcase name="testEquals_smallerSet[JsonObject#asMap [collection size: several] keys [collection size: several]]" classname="com.google.common.collect.testing.testers.SetEqualsTester" time="0.0"/>
  <testcase name="testEquals_otherSetWithDifferentElements[JsonObject#asMap [collection size: several] keys [collection size: several]]" classname="com.google.common.collect.testing.testers.SetEqualsTester" time="0.001"/>
  <testcase name="testCreateWithNullValueUnsupported[JsonObject#asMap [collection size: one]]" classname="com.google.common.collect.testing.testers.MapCreationTester" time="0.0"/>
  <testcase name="testCreateWithNullKeyUnsupported[JsonObject#asMap [collection size: one]]" classname="com.google.common.collect.testing.testers.MapCreationTester" time="0.0"/>
  <testcase name="testCreateWithNullValueUnsupported[JsonObject#asMap [collection size: several]]" classname="com.google.common.collect.testing.testers.MapCreationTester" time="0.0"/>
  <testcase name="testCreateWithDuplicates_nonNullDuplicatesNotRejected[JsonObject#asMap [collection size: several]]" classname="com.google.common.collect.testing.testers.MapCreationTester" time="0.001"/>
  <testcase name="testCreateWithNullKeyUnsupported[JsonObject#asMap [collection size: several]]" classname="com.google.common.collect.testing.testers.MapCreationTester" time="0.0"/>
  <testcase name="testCreateWithNull_unsupported[JsonObject#asMap [collection size: one] entrySet [collection size: one]]" classname="com.google.common.collect.testing.testers.CollectionCreationTester" time="0.0"/>
  <testcase name="testCreateWithNull_unsupported[JsonObject#asMap [collection size: one] keys [collection size: one]]" classname="com.google.common.collect.testing.testers.CollectionCreationTester" time="0.0"/>
  <testcase name="testCreateWithNull_unsupported[JsonObject#asMap [collection size: one] values [collection size: one]]" classname="com.google.common.collect.testing.testers.CollectionCreationTester" time="0.0"/>
  <testcase name="testCreateWithNull_unsupported[JsonObject#asMap [collection size: several] entrySet [collection size: several]]" classname="com.google.common.collect.testing.testers.CollectionCreationTester" time="0.0"/>
  <testcase name="testCreateWithNull_unsupported[JsonObject#asMap [collection size: several] keys [collection size: several]]" classname="com.google.common.collect.testing.testers.CollectionCreationTester" time="0.0"/>
  <testcase name="testCreateWithNull_unsupported[JsonObject#asMap [collection size: several] values [collection size: several]]" classname="com.google.common.collect.testing.testers.CollectionCreationTester" time="0.0"/>
  <testcase name="testRemove_present[JsonObject#asMap [collection size: one] entrySet [collection size: one]]" classname="com.google.common.collect.testing.testers.SetRemoveTester" time="0.0"/>
  <testcase name="testRemove_present[JsonObject#asMap [collection size: one] keys [collection size: one]]" classname="com.google.common.collect.testing.testers.SetRemoveTester" time="0.0"/>
  <testcase name="testRemove_present[JsonObject#asMap [collection size: several] entrySet [collection size: several]]" classname="com.google.common.collect.testing.testers.SetRemoveTester" time="0.0"/>
  <testcase name="testRemove_present[JsonObject#asMap [collection size: several] keys [collection size: several]]" classname="com.google.common.collect.testing.testers.SetRemoveTester" time="0.0"/>
  <testcase name="testCreateWithDuplicates_nonNullDuplicatesNotRejected[JsonObject#asMap [collection size: several] entrySet [collection size: several]]" classname="com.google.common.collect.testing.testers.SetCreationTester" time="0.0"/>
  <testcase name="testCreateWithDuplicates_nonNullDuplicatesNotRejected[JsonObject#asMap [collection size: several] keys [collection size: several]]" classname="com.google.common.collect.testing.testers.SetCreationTester" time="0.0"/>
</testsuite>