<?xml version="1.0" encoding="UTF-8"?>
<testsuite xmlns:xsi="http://www.w3.org/2001/XMLSchema-instance" xsi:noNamespaceSchemaLocation="https://maven.apache.org/surefire/maven-surefire-plugin/xsd/surefire-test-report.xsd" version="3.0.2" name="com.google.gson.JsonArrayAsListSuiteTest" time="0.696" tests="404" errors="0" skipped="0" failures="0">
  <properties>
[...]
</properties>
  <testcase name="testAddAll_supportedNothing[JsonArray#asList [collection size: zero]]" classname="com.google.common.collect.testing.testers.CollectionAddAllTester" time="0.0"/>
  <testcase name="testAddAll_supportedNonePresent[JsonArray#asList [collection size: zero]]" classname="com.google.common.collect.testing.testers.CollectionAddAllTester" time="0.0"/>
  <testcase name="testAddAll_nullUnsupported[JsonArray#asList [collection size: zero]]" classname="com.google.common.collect.testing.testers.CollectionAddAllTester" time="0.0"/>
  <testcase name="testAddAll_nullCollectionReference[JsonArray#asList [collection size: zero]]" classname="com.google.common.collect.testing.testers.CollectionAddAllTester" time="0.0"/>
  <testcase name="testAddAll_supportedNothing[JsonArray#asList [collection size: one]]" classname="com.google.common.collect.testing.testers.CollectionAddAllTester" time="0.0"/>
  <testcase name="testAddAll_supportedNonePresent[JsonArray#asList [collection size: one]]" classname="com.google.common.collect.testing.testers.CollectionAddAllTester" time="0.001"/>
  <testcase name="testAddAll_supportedSomePresent[JsonArray#asList [collection size: one]]" classname="com.google.common.collect.testing.testers.CollectionAddAllTester" time="0.0"/>
  <testcase name="testAddAll_nullUnsupported[JsonArray#asList [collection size: one]]" classname="com.google.common.collect.testing.testers.CollectionAddAllTester" time="0.0"/>
  <testcase name="testAddAll_nullCollectionReference[JsonArray#asList [collection size: one]]" classname="com.google.common.collect.testing.testers.CollectionAddAllTester" time="0.0"/>
  <testcase name="testAddAll_supportedNothing[JsonArray#asList [collection size: several]]" classname="com.google.common.collect.testing.testers.CollectionAddAllTester" time="0.0"/>
  <testcase name="testAddAll_supportedNonePresent[JsonArray#asList [collection size: several]]" classname="com.google.common.collect.testing.testers.CollectionAddAllTester" time="0.0"/>
  <testcase name="testAddAll_supportedSomePresent[JsonArray#asList [collection size: several]]" classname="com.google.common.collect.testing.testers.CollectionAddAllTester" time="0.0"/>
  <testcase name="testAddAll_nullUnsupported[JsonArray#asList [collection size: several]]" classname="com.google.common.collect.testing.testers.CollectionAddAllTester" time="0.0"/>
  <testcase name="testAddAll_nullCollectionReference[JsonArray#asList [collection size: several]]" classname="com.google.common.collect.testing.testers.CollectionAddAllTester" time="0.0"/>
  <testcase name="testAdd_nullUnsupported[JsonArray#asList [collection size: zero]]" classname="com.google.common.collect.testing.testers.CollectionAddTester" time="0.0"/>
  <testcase name="testAdd_supportedNotPresent[JsonArray#asList [collection size: zero]]" classname="com.google.common.collect.testing.testers.CollectionAddTester" time="0.0"/>
  <testcase name="testAdd_nullUnsupported[JsonArray#asList [collection size: one]]" classname="com.google.common.collect.testing.testers.CollectionAddTester" time="0.0"/>
  <testcase name="testAdd_supportedNotPresent[JsonArray#asList [collection size: one]]" classname="com.google.common.collect.testing.testers.CollectionAddTester" time="0.0"/>
  <testcase name="testAdd_nullUnsupported[JsonArray#asList [collection size: several]]" classname="com.google.common.collect.testing.testers.CollectionAddTester" time="0.0"/>
  <testcase name="testAdd_supportedNotPresent[JsonArray#asList [collection size: several]]" classname="com.google.common.collect.testing.testers.CollectionAddTester" time="0.0"/>
  <testcase name="testClear[JsonArray#asList [collection size: zero]]" classname="com.google.common.collect.testing.testers.CollectionClearTester" time="0.0"/>
  <testcase name="testClear[JsonArray#asList [collection size: one]]" classname="com.google.common.collect.testing.testers.CollectionClearTester" time="0.0"/>
  <testcase name="testClear[JsonArray#asList [collection size: several]]" classname="com.google.common.collect.testing.testers.CollectionClearTester" time="0.0"/>
  <testcase name="testContainsAll_nullAllowed[JsonArray#asList [collection size: zero]]" classname="com.google.common.collect.testing.testers.CollectionContainsAllTester" time="0.0"/>
  <testcase name="testContainsAll_disjoint[JsonArray#asList [collection size: zero]]" classname="com.google.common.collect.testing.testers.CollectionContainsAllTester" time="0.0"/>
  <testcase name="testContainsAll_self[JsonArray#asList [collection size: zero]]" classname="com.google.common.collect.testing.testers.CollectionContainsAllTester" time="0.0"/>
  <testcase name="testContainsAll_wrongType[JsonArray#asList [collection size: zero]]" classname="com.google.common.collect.testing.testers.CollectionContainsAllTester" time="0.0"/>
  <testcase name="testContainsAll_empty[JsonArray#asList [collection size: zero]]" classname="com.google.common.collect.testing.testers.CollectionContainsAllTester" time="0.0"/>
  <testcase name="testContainsAll_sameElements[JsonArray#asList [collection size: zero]]" classname="com.google.common.collect.testing.testers.CollectionContainsAllTester" time="0.0"/>
  <testcase name="testContainsAll_partialOverlap[JsonArray#asList [collection size: zero]]" classname="com.google.common.collect.testing.testers.CollectionContainsAllTester" time="0.0"/>
  <testcase name="testContainsAll_subset[JsonArray#asList [collection size: one]]" classname="com.google.common.collect.testing.testers.CollectionContainsAllTester" time="0.0"/>
  <testcase name="testContainsAll_nullAllowed[JsonArray#asList [collection size: one]]" classname="com.google.common.collect.testing.testers.CollectionContainsAllTester" time="0.0"/>
  <testcase name="testContainsAll_disjoint[JsonArray#asList [collection size: one]]" classname="com.google.common.collect.testing.testers.CollectionContainsAllTester" time="0.0"/>
  <testcase name="testContainsAll_self[JsonArray#asList [collection size: one]]" classname="com.google.common.collect.testing.testers.CollectionContainsAllTester" time="0.0"/>
  <testcase name="testContainsAll_wrongType[JsonArray#asList [collection size: one]]" classname="com.google.common.collect.testing.testers.CollectionContainsAllTester" time="0.0"/>
  <testcase name="testContainsAll_empty[JsonArray#asList [collection size: one]]" classname="com.google.common.collect.testing.testers.CollectionContainsAllTester" time="0.0"/>
  <testcase name="testContainsAll_sameElements[JsonArray#asList [collection size: one]]" classname="com.google.common.collect.testing.testers.CollectionContainsAllTester" time="0.0"/>
  <testcase name="testContainsAll_partialOverlap[JsonArray#asList [collection size: one]]" classname="com.google.common.collect.testing.testers.CollectionContainsAllTester" time="0.0"/>
  <testcase name="testContainsAll_subset[JsonArray#asList [collection size: several]]" classname="com.google.common.collect.testing.testers.CollectionContainsAllTester" time="0.0"/>
  <testcase name="testContainsAll_nullAllowed[JsonArray#asList [collection size: several]]" classname="com.google.common.collect.testing.testers.CollectionContainsAllTester" time="0.0"/>
  <testcase name="testContainsAll_disjoint[JsonArray#asList [collection size: several]]" classname="com.google.common.collect.testing.testers.CollectionContainsAllTester" time="0.0"/>
  <testcase name="testContainsAll_self[JsonArray#asList [collection size: several]]" classname="com.google.common.collect.testing.testers.CollectionContainsAllTester" time="0.0"/>
  <testcase name="testContainsAll_wrongType[JsonArray#asList [collection size: several]]" classname="com.google.common.collect.testing.testers.CollectionContainsAllTester" time="0.0"/>
  <testcase name="testContainsAll_empty[JsonArray#asList [collection size: several]]" classname="com.google.common.collect.testing.testers.CollectionContainsAllTester" time="0.0"/>
  <testcase name="testContainsAll_sameElements[JsonArray#asList [collection size: several]]" classname="com.google.common.collect.testing.testers.CollectionContainsAllTester" time="0.0"/>
  <testcase name="testContainsAll_partialOverlap[JsonArray#asList [collection size: several]]" classname="com.google.common.collect.testing.testers.CollectionContainsAllTester" time="0.0"/>
  <testcase name="testContains_nullNotContainedButQueriesSupported[JsonArray#asList [collection size: zero]]" classname="com.google.common.collect.testing.testers.CollectionContainsTester" time="0.0"/>
  <testcase name="testContains_no[JsonArray#asList [collection size: zero]]" classname="com.google.common.collect.testing.testers.CollectionContainsTester" time="0.0"/>
  <testcase name="testContains_wrongType[JsonArray#asList [collection size: zero]]" classname="com.google.common.collect.testing.testers.CollectionContainsTester" time="0.0"/>
  <testcase name="testContains_nullNotContainedButQueriesSupported[JsonArray#asList [collection size: one]]" classname="com.google.common.collect.testing.testers.CollectionContainsTester" time="0.0"/>
  <testcase name="testContains_yes[JsonArray#asList [collection size: one]]" classname="com.google.common.collect.testing.testers.CollectionContainsTester" time="0.0"/>
  <testcase name="testContains_no[JsonArray#asList [collection size: one]]" classname="com.google.common.collect.testing.testers.CollectionContainsTester" time="0.0"/>
  <testcase name="testContains_wrongType[JsonArray#asList [collection size: one]]" classname="com.google.common.collect.testing.testers.CollectionContainsTester" time="0.0"/>
  <testcase name="testContains_nullNotContainedButQueriesSupported[JsonArray#asList [collection size: several]]" classname="com.google.common.collect.testing.testers.CollectionContainsTester" time="0.0"/>
  <testcase name="testContains_yes[JsonArray#asList [collection size: several]]" classname="com.google.common.collect.testing.testers.CollectionContainsTester" time="0.0"/>
  <testcase name="testContains_no[JsonArray#asList [collection size: several]]" classname="com.google.common.collect.testing.testers.CollectionContainsTester" time="0.0"/>
  <testcase name="testContains_wrongType[JsonArray#asList [collection size: several]]" classname="com.google.common.collect.testing.testers.CollectionContainsTester" time="0.0"/>
  <testcase name="testEquals_null[JsonArray#asList [collection size: zero]]" classname="com.google.common.collect.testing.testers.CollectionEqualsTester" time="0.0"/>
  <testcase name="testEquals_self[JsonArray#asList [collection size: zero]]" classname="com.google.common.collect.testing.testers.CollectionEqualsTester" time="0.0"/>
  <testcase name="testEquals_notACollection[JsonArray#asList [collection size: zero]]" classname="com.google.common.collect.testing.testers.CollectionEqualsTester" time="0.0"/>
  <testcase name="testEquals_null[JsonArray#asList [collection size: one]]" classname="com.google.common.collect.testing.testers.CollectionEqualsTester" time="0.0"/>
  <testcase name="testEquals_self[JsonArray#asList [collection size: one]]" classname="com.google.common.collect.testing.testers.CollectionEqualsTester" time="0.0"/>
  <testcase name="testEquals_notACollection[JsonArray#asList [collection size: one]]" classname="com.google.common.collect.testing.testers.CollectionEqualsTester" time="0.0"/>
  <testcase name="testEquals_null[JsonArray#asList [collection size: several]]" classname="com.google.common.collect.testing.testers.CollectionEqualsTester" time="0.0"/>
  <testcase name="testEquals_self[JsonArray#asList [collection size: several]]" classname="com.google.common.collect.testing.testers.CollectionEqualsTester" time="0.0"/>
  <testcase name="testEquals_notACollection[JsonArray#asList [collection size: several]]" classname="com.google.common.collect.testing.testers.CollectionEqualsTester" time="0.0"/>
  <testcase name="testForEachKnownOrder[JsonArray#asList [collection size: zero]]" classname="com.google.common.collect.testing.testers.CollectionForEachTester" time="0.0"/>
  <testcase name="testForEachKnownOrder[JsonArray#asList [collection size: one]]" classname="com.google.common.collect.testing.testers.CollectionForEachTester" time="0.0"/>
  <testcase name="testForEachKnownOrder[JsonArray#asList [collection size: several]]" classname="com.google.common.collect.testing.testers.CollectionForEachTester" time="0.0"/>
  <testcase name="testIsEmpty_yes[JsonArray#asList [collection size: zero]]" classname="com.google.common.collect.testing.testers.CollectionIsEmptyTester" time="0.0"/>
  <testcase name="testIsEmpty_no[JsonArray#asList [collection size: one]]" classname="com.google.common.collect.testing.testers.CollectionIsEmptyTester" time="0.0"/>
  <testcase name="testIsEmpty_no[JsonArray#asList [collection size: several]]" classname="com.google.common.collect.testing.testers.CollectionIsEmptyTester" time="0.0"/>
  <testcase name="testIteratorNoSuchElementException[JsonArray#asList [collection size: zero]]" classname="com.google.common.collect.testing.testers.CollectionIteratorTester" time="0.0"/>
  <testcase name="testIterationOrdering[JsonArray#asList [collection size: zero]]" classname="com.google.common.collect.testing.testers.CollectionIteratorTester" time="0.0"/>
  <testcase name="testIterator_knownOrderRemoveSupported[JsonArray#asList [collection size: zero]]" classname="com.google.common.collect.testing.testers.CollectionIteratorTester" time="0.0"/>
  <testcase name="testIterator[JsonArray#asList [collection size: zero]]" classname="com.google.common.collect.testing.testers.CollectionIteratorTester" time="0.0"/>
  <testcase name="testIteratorNoSuchElementException[JsonArray#asList [collection size: one]]" classname="com.google.common.collect.testing.testers.CollectionIteratorTester" time="0.0"/>
  <testcase name="testIterationOrdering[JsonArray#asList [collection size: one]]" classname="com.google.common.collect.testing.testers.CollectionIteratorTester" time="0.0"/>
  <testcase name="testIterator_removeAffectsBackingCollection[JsonArray#asList [collection size: one]]" classname="com.google.common.collect.testing.testers.CollectionIteratorTester" time="0.0"/>
  <testcase name="testIterator_knownOrderRemoveSupported[JsonArray#asList [collection size: one]]" classname="com.google.common.collect.testing.testers.CollectionIteratorTester" time="0.012"/>
  <testcase name="testIterator[JsonArray#asList [collection size: one]]" classname="com.google.common.collect.testing.testers.CollectionIteratorTester" time="0.0"/>
  <testcase name="testIteratorNoSuchElementException[JsonArray#asList [collection size: several]]" classname="com.google.common.collect.testing.testers.CollectionIteratorTester" time="0.0"/>
  <testcase name="testIterationOrdering[JsonArray#asList [collection size: several]]" classname="com.google.common.collect.testing.testers.CollectionIteratorTester" time="0.0"/>
  <testcase name="testIterator_removeAffectsBackingCollection[JsonArray#asList [collection size: several]]" classname="com.google.common.collect.testing.testers.CollectionIteratorTester" time="0.0"/>
  <testcase name="testIterator_knownOrderRemoveSupported[JsonArray#asList [collection size: several]]" classname="com.google.common.collect.testing.testers.CollectionIteratorTester" time="0.01"/>
  <testcase name="testIterator[JsonArray#asList [collection size: several]]" classname="com.google.common.collect.testing.testers.CollectionIteratorTester" time="0.0"/>
  <testcase name="testRemoveAll_containsWrongType[JsonArray#asList [collection size: zero]]" classname="com.google.common.collect.testing.testers.CollectionRemoveAllTester" time="0.0"/>
  <testcase name="testRemoveAll_nullCollectionReferenceEmptySubject[JsonArray#asList [collection size: zero]]" classname="com.google.common.collect.testing.testers.CollectionRemoveAllTester" time="0.0"/>
  <testcase name="testRemoveAll_emptyCollection[JsonArray#asList [collection size: zero]]" classname="com.google.common.collect.testing.testers.CollectionRemoveAllTester" time="0.0"/>
  <testcase name="testRemoveAll_containsNullNoButAllowed[JsonArray#asList [collection size: zero]]" classname="com.google.common.collect.testing.testers.CollectionRemoveAllTester" time="0.0"/>
  <testcase name="testRemoveAll_nonePresent[JsonArray#asList [collection size: zero]]" classname="com.google.common.collect.testing.testers.CollectionRemoveAllTester" time="0.0"/>
  <testcase name="testRemoveAll_containsWrongType[JsonArray#asList [collection size: one]]" classname="com.google.common.collect.testing.testers.CollectionRemoveAllTester" time="0.0"/>
  <testcase name="testRemoveAll_allPresent[JsonArray#asList [collection size: one]]" classname="com.google.common.collect.testing.testers.CollectionRemoveAllTester" time="0.0"/>
  <testcase name="testRemoveAll_somePresent[JsonArray#asList [collection size: one]]" classname="com.google.common.collect.testing.testers.CollectionRemoveAllTester" time="0.0"/>
  <testcase name="testRemoveAll_nullCollectionReferenceNonEmptySubject[JsonArray#asList [collection size: one]]" classname="com.google.common.collect.testing.testers.CollectionRemoveAllTester" time="0.0"/>
  <testcase name="testRemoveAll_emptyCollection[JsonArray#asList [collection size: one]]" classname="com.google.common.collect.testing.testers.CollectionRemoveAllTester" time="0.0"/>
  <testcase name="testRemoveAll_containsNullNoButAllowed[JsonArray#asList [collection size: one]]" classname="com.google.common.collect.testing.testers.CollectionRemoveAllTester" time="0.0"/>
  <testcase name="testRemoveAll_nonePresent[JsonArray#asList [collection size: one]]" classname="com.google.common.collect.testing.testers.CollectionRemoveAllTester" time="0.0"/>
  <testcase name="testRemoveAll_somePresentLargeCollectionToRemove[JsonArray#asList [collection size: one]]" classname="com.google.common.collect.testing.testers.CollectionRemoveAllTester" time="0.0"/>
  <testcase name="testRemoveAll_containsWrongType[JsonArray#asList [collection size: several]]" classname="com.google.common.collect.testing.testers.CollectionRemoveAllTester" time="0.0"/>
  <testcase name="testRemoveAll_allPresent[JsonArray#asList [collection size: several]]" classname="com.google.common.collect.testing.testers.CollectionRemoveAllTester" time="0.001"/>
  <testcase name="testRemoveAll_somePresent[JsonArray#asList [collection size: several]]" classname="com.google.common.collect.testing.testers.CollectionRemoveAllTester" time="0.0"/>
  <testcase name="testRemoveAll_nullCollectionReferenceNonEmptySubject[JsonArray#asList [collection size: several]]" classname="com.google.common.collect.testing.testers.CollectionRemoveAllTester" time="0.0"/>
  <testcase name="testRemoveAll_emptyCollection[JsonArray#asList [collection size: several]]" classname="com.google.common.collect.testing.testers.CollectionRemoveAllTester" time="0.0"/>
  <testcase name="testRemoveAll_containsNullNoButAllowed[JsonArray#asList [collection size: several]]" classname="com.google.common.collect.testing.testers.CollectionRemoveAllTester" time="0.0"/>
  <testcase name="testRemoveAll_nonePresent[JsonArray#asList [collection size: several]]" classname="com.google.common.collect.testing.testers.CollectionRemoveAllTester" time="0.0"/>
  <testcase name="testRemoveAll_somePresentLargeCollectionToRemove[JsonArray#asList [collection size: several]]" classname="com.google.common.collect.testing.testers.CollectionRemoveAllTester" time="0.0"/>
  <testcase name="testRemoveIf_alwaysFalse[JsonArray#asList [collection size: zero]]" classname="com.google.common.collect.testing.testers.CollectionRemoveIfTester" time="0.0"/>
  <testcase name="testRemoveIf_alwaysFalse[JsonArray#asList [collection size: one]]" classname="com.google.common.collect.testing.testers.CollectionRemoveIfTester" time="0.0"/>
  <testcase name="testRemoveIf_allPresent[JsonArray#asList [collection size: one]]" classname="com.google.common.collect.testing.testers.CollectionRemoveIfTester" time="0.0"/>
  <testcase name="testRemoveIf_sometimesTrue[JsonArray#asList [collection size: one]]" classname="com.google.common.collect.testing.testers.CollectionRemoveIfTester" time="0.0"/>
  <testcase name="testRemoveIf_alwaysFalse[JsonArray#asList [collection size: several]]" classname="com.google.common.collect.testing.testers.CollectionRemoveIfTester" time="0.0"/>
  <testcase name="testRemoveIf_allPresent[JsonArray#asList [collection size: several]]" classname="com.google.common.collect.testing.testers.CollectionRemoveIfTester" time="0.0"/>
  <testcase name="testRemoveIf_sometimesTrue[JsonArray#asList [collection size: several]]" classname="com.google.common.collect.testing.testers.CollectionRemoveIfTester" time="0.0"/>
  <testcase name="testRemove_wrongType[JsonArray#asList [collection size: zero]]" classname="com.google.common.collect.testing.testers.CollectionRemoveTester" time="0.0"/>
  <testcase name="testRemove_nullAllowed[JsonArray#asList [collection size: zero]]" classname="com.google.common.collect.testing.testers.CollectionRemoveTester" time="0.0"/>
  <testcase name="testRemove_notPresent[JsonArray#asList [collection size: zero]]" classname="com.google.common.collect.testing.testers.CollectionRemoveTester" time="0.0"/>
  <testcase name="testRemove_present[JsonArray#asList [collection size: one]]" classname="com.google.common.collect.testing.testers.CollectionRemoveTester" time="0.0"/>
  <testcase name="testRemove_wrongType[JsonArray#asList [collection size: one]]" classname="com.google.common.collect.testing.testers.CollectionRemoveTester" time="0.0"/>
  <testcase name="testRemove_nullAllowed[JsonArray#asList [collection size: one]]" classname="com.google.common.collect.testing.testers.CollectionRemoveTester" time="0.0"/>
  <testcase name="testRemove_notPresent[JsonArray#asList [collection size: one]]" classname="com.google.common.collect.testing.testers.CollectionRemoveTester" time="0.0"/>
  <testcase name="testRemove_present[JsonArray#asList [collection size: several]]" classname="com.google.common.collect.testing.testers.CollectionRemoveTester" time="0.0"/>
  <testcase name="testRemove_wrongType[JsonArray#asList [collection size: several]]" classname="com.google.common.collect.testing.testers.CollectionRemoveTester" time="0.0"/>
  <testcase name="testRemove_nullAllowed[JsonArray#asList [collection size: several]]" classname="com.google.common.collect.testing.testers.CollectionRemoveTester" time="0.0"/>
  <testcase name="testRemove_notPresent[JsonArray#asList [collection size: several]]" classname="com.google.common.collect.testing.testers.CollectionRemoveTester" time="0.0"/>
  <testcase name="testRetainAll_emptyPreviouslyEmpty[JsonArray#asList [collection size: zero]]" classname="com.google.common.collect.testing.testers.CollectionRetainAllTester" time="0.0"/>
  <testcase name="testRetainAll_nullCollectionReferenceEmptySubject[JsonArray#asList [collection size: zero]]" classname="com.google.common.collect.testing.testers.CollectionRetainAllTester" time="0.0"/>
  <testcase name="testRetainAll_nullSingletonPreviouslyEmpty[JsonArray#asList [collection size: zero]]" classname="com.google.common.collect.testing.testers.CollectionRetainAllTester" time="0.0"/>
  <testcase name="testRetainAll_disjointPreviouslyEmpty[JsonArray#asList [collection size: zero]]" classname="com.google.common.collect.testing.testers.CollectionRetainAllTester" time="0.0"/>
  <testcase name="testRetainAll_superset[JsonArray#asList [collection size: zero]]" classname="com.google.common.collect.testing.testers.CollectionRetainAllTester" time="0.0"/>
  <testcase name="testRetainAll_sameElements[JsonArray#asList [collection size: zero]]" classname="com.google.common.collect.testing.testers.CollectionRetainAllTester" time="0.0"/>
  <testcase name="testRetainAll_nullSingletonPreviouslyNonEmpty[JsonArray#asList [collection size: one]]" classname="com.google.common.collect.testing.testers.CollectionRetainAllTester" time="0.0"/>
  <testcase name="testRetainAll_disjointPreviouslyNonEmpty[JsonArray#asList [collection size: one]]" classname="com.google.common.collect.testing.testers.CollectionRetainAllTester" time="0.0"/>
  <testcase name="testRetainAll_nullCollectionReferenceNonEmptySubject[JsonArray#asList [collection size: one]]" classname="com.google.common.collect.testing.testers.CollectionRetainAllTester" time="0.0"/>
  <testcase name="testRetainAll_superset[JsonArray#asList [collection size: one]]" classname="com.google.common.collect.testing.testers.CollectionRetainAllTester" time="0.0"/>
  <testcase name="testRetainAll_containsDuplicatesSizeOne[JsonArray#asList [collection size: one]]" classname="com.google.common.collect.testing.testers.CollectionRetainAllTester" time="0.0"/>
  <testcase name="testRetainAll_emptyPreviouslyNonEmpty[JsonArray#asList [collection size: one]]" classname="com.google.common.collect.testing.testers.CollectionRetainAllTester" time="0.0"/>
  <testcase name="testRetainAll_sameElements[JsonArray#asList [collection size: one]]" classname="com.google.common.collect.testing.testers.CollectionRetainAllTester" time="0.0"/>
  <testcase name="testRetainAll_nullSingletonPreviouslyNonEmpty[JsonArray#asList [collection size: several]]" classname="com.google.common.collect.testing.testers.CollectionRetainAllTester" time="0.0"/>
  <testcase name="testRetainAll_disjointPreviouslyNonEmpty[JsonArray#asList [collection size: several]]" classname="com.google.common.collect.testing.testers.CollectionRetainAllTester" time="0.0"/>
  <testcase name="testRetainAll_nullCollectionReferenceNonEmptySubject[JsonArray#asList [collection size: several]]" classname="com.google.common.collect.testing.testers.CollectionRetainAllTester" time="0.0"/>
  <testcase name="testRetainAll_superset[JsonArray#asList [collection size: several]]" classname="com.google.common.collect.testing.testers.CollectionRetainAllTester" time="0.0"/>
  <testcase name="testRetainAll_containsDuplicatesSizeSeveral[JsonArray#asList [collection size: several]]" classname="com.google.common.collect.testing.testers.CollectionRetainAllTester" time="0.002"/>
  <testcase name="testRetainAll_subset[JsonArray#asList [collection size: several]]" classname="com.google.common.collect.testing.testers.CollectionRetainAllTester" time="0.0"/>
  <testcase name="testRetainAll_emptyPreviouslyNonEmpty[JsonArray#asList [collection size: several]]" classname="com.google.common.collect.testing.testers.CollectionRetainAllTester" time="0.0"/>
  <testcase name="testRetainAll_sameElements[JsonArray#asList [collection size: several]]" classname="com.google.common.collect.testing.testers.CollectionRetainAllTester" time="0.0"/>
  <testcase name="testRetainAll_partialOverlap[JsonArray#asList [collection size: several]]" classname="com.google.common.collect.testing.testers.CollectionRetainAllTester" time="0.0"/>
  <testcase name="testSize[JsonArray#asList [collection size: zero]]" classname="com.google.common.collect.testing.testers.CollectionSizeTester" time="0.0"/>
  <testcase name="testSize[JsonArray#asList [collection size: one]]" classname="com.google.common.collect.testing.testers.CollectionSizeTester" time="0.0"/>
  <testcase name="testSize[JsonArray#asList [collection size: several]]" classname="com.google.common.collect.testing.testers.CollectionSizeTester" time="0.0"/>
  <testcase name="testSpliteratorNotImmutable_collectionAllowsRemove[JsonArray#asList [collection size: zero]]" classname="com.google.common.collect.testing.testers.CollectionSpliteratorTester" time="0.0"/>
  <testcase name="testSpliteratorKnownOrder[JsonArray#asList [collection size: zero]]" classname="com.google.common.collect.testing.testers.CollectionSpliteratorTester" time="0.0"/>
  <testcase name="testSpliteratorNotImmutable_collectionAllowsAdd[JsonArray#asList [collection size: zero]]" classname="com.google.common.collect.testing.testers.CollectionSpliteratorTester" time="0.0"/>
  <testcase name="testSpliteratorNotImmutable_collectionAllowsRemove[JsonArray#asList [collection size: one]]" classname="com.google.common.collect.testing.testers.CollectionSpliteratorTester" time="0.0"/>
  <testcase name="testSpliteratorKnownOrder[JsonArray#asList [collection size: one]]" classname="com.google.common.collect.testing.testers.CollectionSpliteratorTester" time="0.0"/>
  <testcase name="testSpliteratorNotImmutable_collectionAllowsAdd[JsonArray#asList [collection size: one]]" classname="com.google.common.collect.testing.testers.CollectionSpliteratorTester" time="0.0"/>
  <testcase name="testSpliteratorNotImmutable_collectionAllowsRemove[JsonArray#asList [collection size: several]]" classname="com.google.common.collect.testing.testers.CollectionSpliteratorTester" time="0.0"/>
  <testcase name="testSpliteratorKnownOrder[JsonArray#asList [collection size: several]]" classname="com.google.common.collect.testing.testers.CollectionSpliteratorTester" time="0.0"/>
  <testcase name="testSpliteratorNotImmutable_collectionAllowsAdd[JsonArray#asList [collection size: several]]" classname="com.google.common.collect.testing.testers.CollectionSpliteratorTester" time="0.0"/>
  <testcase name="testStreamToArrayKnownOrder[JsonArray#asList [collection size: zero]]" classname="com.google.common.collect.testing.testers.CollectionStreamTester" time="0.0"/>
  <testcase name="testStreamCount[JsonArray#asList [collection size: zero]]" classname="com.google.common.collect.testing.testers.CollectionStreamTester" time="0.0"/>
  <testcase name="testStreamToArrayKnownOrder[JsonArray#asList [collection size: one]]" classname="com.google.common.collect.testing.testers.CollectionStreamTester" time="0.0"/>
  <testcase name="testStreamCount[JsonArray#asList [collection size: one]]" classname="com.google.common.collect.testing.testers.CollectionStreamTester" time="0.0"/>
  <testcase name="testStreamToArrayKnownOrder[JsonArray#asList [collection size: several]]" classname="com.google.common.collect.testing.testers.CollectionStreamTester" time="0.0"/>
  <testcase name="testStreamCount[JsonArray#asList [collection size: several]]" classname="com.google.common.collect.testing.testers.CollectionStreamTester" time="0.0"/>
  <testcase name="testToArray_emptyArray[JsonArray#asList [collection size: zero]]" classname="com.google.common.collect.testing.testers.CollectionToArrayTester" time="0.0"/>
  <testcase name="testToArray_emptyArrayOfWrongTypeForEmptyCollection[JsonArray#asList [collection size: zero]]" classname="com.google.common.collect.testing.testers.CollectionToArrayTester" time="0.0"/>
  <testcase name="testToArray_oversizedArray[JsonArray#asList [collection size: zero]]" classname="com.google.common.collect.testing.testers.CollectionToArrayTester" time="0.0"/>
  <testcase name="testToArray_rightSizedArray_ordered[JsonArray#asList [collection size: zero]]" classname="com.google.common.collect.testing.testers.CollectionToArrayTester" time="0.0"/>
  <testcase name="testToArray_emptyArrayOfObject[JsonArray#asList [collection size: zero]]" classname="com.google.common.collect.testing.testers.CollectionToArrayTester" time="0.0"/>
  <testcase name="testToArray_rightSizedArrayOfObject_ordered[JsonArray#asList [collection size: zero]]" classname="com.google.common.collect.testing.testers.CollectionToArrayTester" time="0.0"/>
  <testcase name="testToArray_noArgs[JsonArray#asList [collection size: zero]]" classname="com.google.common.collect.testing.testers.CollectionToArrayTester" time="0.0"/>
  <testcase name="testToArray_oversizedArray_ordered[JsonArray#asList [collection size: zero]]" classname="com.google.common.collect.testing.testers.CollectionToArrayTester" time="0.0"/>
  <testcase name="testToArray_isPlainObjectArray[JsonArray#asList [collection size: zero]]" classname="com.google.common.collect.testing.testers.CollectionToArrayTester" time="0.0"/>
  <testcase name="testToArray_rightSizedArrayOfObject[JsonArray#asList [collection size: zero]]" classname="com.google.common.collect.testing.testers.CollectionToArrayTester" time="0.0"/>
  <testcase name="testToArray_emptyArray_ordered[JsonArray#asList [collection size: zero]]" classname="com.google.common.collect.testing.testers.CollectionToArrayTester" time="0.0"/>
  <testcase name="testToArray_rightSizedArray[JsonArray#asList [collection size: zero]]" classname="com.google.common.collect.testing.testers.CollectionToArrayTester" time="0.0"/>
  <testcase name="testToArray_emptyArray[JsonArray#asList [collection size: one]]" classname="com.google.common.collect.testing.testers.CollectionToArrayTester" time="0.0"/>
  <testcase name="testToArray_oversizedArray[JsonArray#asList [collection size: one]]" classname="com.google.common.collect.testing.testers.CollectionToArrayTester" time="0.0"/>
  <testcase name="testToArray_rightSizedArray_ordered[JsonArray#asList [collection size: one]]" classname="com.google.common.collect.testing.testers.CollectionToArrayTester" time="0.0"/>
  <testcase name="testToArray_emptyArrayOfObject[JsonArray#asList [collection size: one]]" classname="com.google.common.collect.testing.testers.CollectionToArrayTester" time="0.0"/>
  <testcase name="testToArray_rightSizedArrayOfObject_ordered[JsonArray#asList [collection size: one]]" classname="com.google.common.collect.testing.testers.CollectionToArrayTester" time="0.0"/>
  <testcase name="testToArray_emptyArrayOfWrongTypeForNonEmptyCollection[JsonArray#asList [collection size: one]]" classname="com.google.common.collect.testing.testers.CollectionToArrayTester" time="0.0"/>
  <testcase name="testToArray_noArgs[JsonArray#asList [collection size: one]]" classname="com.google.common.collect.testing.testers.CollectionToArrayTester" time="0.0"/>
  <testcase name="testToArray_oversizedArray_ordered[JsonArray#asList [collection size: one]]" classname="com.google.common.collect.testing.testers.CollectionToArrayTester" time="0.0"/>
  <testcase name="testToArray_isPlainObjectArray[JsonArray#asList [collection size: one]]" classname="com.google.common.collect.testing.testers.CollectionToArrayTester" time="0.0"/>
  <testcase name="testToArray_rightSizedArrayOfObject[JsonArray#asList [collection size: one]]" classname="com.google.common.collect.testing.testers.CollectionToArrayTester" time="0.0"/>
  <testcase name="testToArray_emptyArray_ordered[JsonArray#asList [collection size: one]]" classname="com.google.common.collect.testing.testers.CollectionToArrayTester" time="0.0"/>
  <testcase name="testToArray_rightSizedArray[JsonArray#asList [collection size: one]]" classname="com.google.common.collect.testing.testers.CollectionToArrayTester" time="0.0"/>
  <testcase name="testToArray_emptyArray[JsonArray#asList [collection size: several]]" classname="com.google.common.collect.testing.testers.CollectionToArrayTester" time="0.0"/>
  <testcase name="testToArray_oversizedArray[JsonArray#asList [collection size: several]]" classname="com.google.common.collect.testing.testers.CollectionToArrayTester" time="0.0"/>
  <testcase name="testToArray_rightSizedArray_ordered[JsonArray#asList [collection size: several]]" classname="com.google.common.collect.testing.testers.CollectionToArrayTester" time="0.0"/>
  <testcase name="testToArray_emptyArrayOfObject[JsonArray#asList [collection size: several]]" classname="com.google.common.collect.testing.testers.CollectionToArrayTester" time="0.0"/>
  <testcase name="testToArray_rightSizedArrayOfObject_ordered[JsonArray#asList [collection size: several]]" classname="com.google.common.collect.testing.testers.CollectionToArrayTester" time="0.0"/>
  <testcase name="testToArray_emptyArrayOfWrongTypeForNonEmptyCollection[JsonArray#asList [collection size: several]]" classname="com.google.common.collect.testing.testers.CollectionToArrayTester" time="0.0"/>
  <testcase name="testToArray_noArgs[JsonArray#asList [collection size: several]]" classname="com.google.common.collect.testing.testers.CollectionToArrayTester" time="0.0"/>
  <testcase name="testToArray_oversizedArray_ordered[JsonArray#asList [collection size: several]]" classname="com.google.common.collect.testing.testers.CollectionToArrayTester" time="0.0"/>
  <testcase name="testToArray_isPlainObjectArray[JsonArray#asList [collection size: several]]" classname="com.google.common.collect.testing.testers.CollectionToArrayTester" time="0.0"/>
  <testcase name="testToArray_rightSizedArrayOfObject[JsonArray#asList [collection size: several]]" classname="com.google.common.collect.testing.testers.CollectionToArrayTester" time="0.0"/>
  <testcase name="testToArray_emptyArray_ordered[JsonArray#asList [collection size: several]]" classname="com.google.common.collect.testing.testers.CollectionToArrayTester" time="0.0"/>
  <testcase name="testToArray_rightSizedArray[JsonArray#asList [collection size: several]]" classname="com.google.common.collect.testing.testers.CollectionToArrayTester" time="0.0"/>
  <testcase name="testToString_size0[JsonArray#asList [collection size: zero]]" classname="com.google.common.collect.testing.testers.CollectionToStringTester" time="0.0"/>
  <testcase name="testToString_minimal[JsonArray#asList [collection size: zero]]" classname="com.google.common.collect.testing.testers.CollectionToStringTester" time="0.0"/>
  <testcase name="testToString_size1[JsonArray#asList [collection size: one]]" classname="com.google.common.collect.testing.testers.CollectionToStringTester" time="0.0"/>
  <testcase name="testToString_minimal[JsonArray#asList [collection size: one]]" classname="com.google.common.collect.testing.testers.CollectionToStringTester" time="0.0"/>
  <testcase name="testToString_sizeSeveral[JsonArray#asList [collection size: several]]" classname="com.google.common.collect.testing.testers.CollectionToStringTester" time="0.0"/>
  <testcase name="testToString_minimal[JsonArray#asList [collection size: several]]" classname="com.google.common.collect.testing.testers.CollectionToStringTester" time="0.0"/>
  <testcase name="testAddAllAtIndex_negative[JsonArray#asList [collection size: zero]]" classname="com.google.common.collect.testing.testers.ListAddAllAtIndexTester" time="0.0"/>
  <testcase name="testAddAllAtIndex_nullCollectionReference[JsonArray#asList [collection size: zero]]" classname="com.google.common.collect.testing.testers.ListAddAllAtIndexTester" time="0.0"/>
  <testcase name="testAddAllAtIndex_withDuplicates[JsonArray#asList [collection size: zero]]" classname="com.google.common.collect.testing.testers.ListAddAllAtIndexTester" time="0.0"/>
  <testcase name="testAddAllAtIndex_nullUnsupported[JsonArray#asList [collection size: zero]]" classname="com.google.common.collect.testing.testers.ListAddAllAtIndexTester" time="0.0"/>
  <testcase name="testAddAllAtIndex_supportedNothing[JsonArray#asList [collection size: zero]]" classname="com.google.common.collect.testing.testers.ListAddAllAtIndexTester" time="0.0"/>
  <testcase name="testAddAllAtIndex_tooLarge[JsonArray#asList [collection size: zero]]" classname="com.google.common.collect.testing.testers.ListAddAllAtIndexTester" time="0.0"/>
  <testcase name="testAddAllAtIndex_supportedSomePresent[JsonArray#asList [collection size: one]]" classname="com.google.common.collect.testing.testers.ListAddAllAtIndexTester" time="0.001"/>
  <testcase name="testAddAllAtIndex_negative[JsonArray#asList [collection size: one]]" classname="com.google.common.collect.testing.testers.ListAddAllAtIndexTester" time="0.0"/>
  <testcase name="testAddAllAtIndex_nullCollectionReference[JsonArray#asList [collection size: one]]" classname="com.google.common.collect.testing.testers.ListAddAllAtIndexTester" time="0.0"/>
  <testcase name="testAddAllAtIndex_supportedAllPresent[JsonArray#asList [collection size: one]]" classname="com.google.common.collect.testing.testers.ListAddAllAtIndexTester" time="0.0"/>
  <testcase name="testAddAllAtIndex_end[JsonArray#asList [collection size: one]]" classname="com.google.common.collect.testing.testers.ListAddAllAtIndexTester" time="0.001"/>
  <testcase name="testAddAllAtIndex_withDuplicates[JsonArray#asList [collection size: one]]" classname="com.google.common.collect.testing.testers.ListAddAllAtIndexTester" time="0.0"/>
  <testcase name="testAddAllAtIndex_nullUnsupported[JsonArray#asList [collection size: one]]" classname="com.google.common.collect.testing.testers.ListAddAllAtIndexTester" time="0.0"/>
  <testcase name="testAddAllAtIndex_supportedNothing[JsonArray#asList [collection size: one]]" classname="com.google.common.collect.testing.testers.ListAddAllAtIndexTester" time="0.001"/>
  <testcase name="testAddAllAtIndex_tooLarge[JsonArray#asList [collection size: one]]" classname="com.google.common.collect.testing.testers.ListAddAllAtIndexTester" time="0.0"/>
  <testcase name="testAddAllAtIndex_middle[JsonArray#asList [collection size: several]]" classname="com.google.common.collect.testing.testers.ListAddAllAtIndexTester" time="0.001"/>
  <testcase name="testAddAllAtIndex_supportedSomePresent[JsonArray#asList [collection size: several]]" classname="com.google.common.collect.testing.testers.ListAddAllAtIndexTester" time="0.0"/>
  <testcase name="testAddAllAtIndex_negative[JsonArray#asList [collection size: several]]" classname="com.google.common.collect.testing.testers.ListAddAllAtIndexTester" time="0.0"/>
  <testcase name="testAddAllAtIndex_nullCollectionReference[JsonArray#asList [collection size: several]]" classname="com.google.common.collect.testing.testers.ListAddAllAtIndexTester" time="0.001"/>
  <testcase name="testAddAllAtIndex_supportedAllPresent[JsonArray#asList [collection size: several]]" classname="com.google.common.collect.testing.testers.ListAddAllAtIndexTester" time="0.0"/>
  <testcase name="testAddAllAtIndex_end[JsonArray#asList [collection size: several]]" classname="com.google.common.collect.testing.testers.ListAddAllAtIndexTester" time="0.0"/>
  <testcase name="testAddAllAtIndex_withDuplicates[JsonArray#asList [collection size: several]]" classname="com.google.common.collect.testing.testers.ListAddAllAtIndexTester" time="0.0"/>
  <testcase name="testAddAllAtIndex_nullUnsupported[JsonArray#asList [collection size: several]]" classname="com.google.common.collect.testing.testers.ListAddAllAtIndexTester" time="0.0"/>
  <testcase name="testAddAllAtIndex_supportedNothing[JsonArray#asList [collection size: several]]" classname="com.google.common.collect.testing.testers.ListAddAllAtIndexTester" time="0.0"/>
  <testcase name="testAddAllAtIndex_tooLarge[JsonArray#asList [collection size: several]]" classname="com.google.common.collect.testing.testers.ListAddAllAtIndexTester" time="0.0"/>
  <testcase name="testAddAll_withDuplicates[JsonArray#asList [collection size: zero]]" classname="com.google.common.collect.testing.testers.ListAddAllTester" time="0.0"/>
  <testcase name="testAddAll_supportedAllPresent[JsonArray#asList [collection size: one]]" classname="com.google.common.collect.testing.testers.ListAddAllTester" time="0.0"/>
  <testcase name="testAddAll_withDuplicates[JsonArray#asList [collection size: one]]" classname="com.google.common.collect.testing.testers.ListAddAllTester" time="0.0"/>
  <testcase name="testAddAll_supportedAllPresent[JsonArray#asList [collection size: several]]" classname="com.google.common.collect.testing.testers.ListAddAllTester" time="0.0"/>
  <testcase name="testAddAll_withDuplicates[JsonArray#asList [collection size: several]]" classname="com.google.common.collect.testing.testers.ListAddAllTester" time="0.0"/>
  <testcase name="testAddAtIndex_nullUnsupported[JsonArray#asList [collection size: zero]]" classname="com.google.common.collect.testing.testers.ListAddAtIndexTester" time="0.0"/>
  <testcase name="testAddAtIndex_tooLarge[JsonArray#asList [collection size: zero]]" classname="com.google.common.collect.testing.testers.ListAddAtIndexTester" time="0.0"/>
  <testcase name="testAddAtIndex_supportedNotPresent[JsonArray#asList [collection size: zero]]" classname="com.google.common.collect.testing.testers.ListAddAtIndexTester" time="0.0"/>
  <testcase name="testAddAtIndex_negative[JsonArray#asList [collection size: zero]]" classname="com.google.common.collect.testing.testers.ListAddAtIndexTester" time="0.0"/>
  <testcase name="testAddAtIndex_supportedPresent[JsonArray#asList [collection size: one]]" classname="com.google.common.collect.testing.testers.ListAddAtIndexTester" time="0.0"/>
  <testcase name="testAddAtIndex_nullUnsupported[JsonArray#asList [collection size: one]]" classname="com.google.common.collect.testing.testers.ListAddAtIndexTester" time="0.0"/>
  <testcase name="testAddAtIndex_tooLarge[JsonArray#asList [collection size: one]]" classname="com.google.common.collect.testing.testers.ListAddAtIndexTester" time="0.0"/>
  <testcase name="testAddAtIndex_supportedNotPresent[JsonArray#asList [collection size: one]]" classname="com.google.common.collect.testing.testers.ListAddAtIndexTester" time="0.0"/>
  <testcase name="testAddAtIndex_negative[JsonArray#asList [collection size: one]]" classname="com.google.common.collect.testing.testers.ListAddAtIndexTester" time="0.0"/>
  <testcase name="testAddAtIndex_end[JsonArray#asList [collection size: one]]" classname="com.google.common.collect.testing.testers.ListAddAtIndexTester" time="0.0"/>
  <testcase name="testAddAtIndex_supportedPresent[JsonArray#asList [collection size: several]]" classname="com.google.common.collect.testing.testers.ListAddAtIndexTester" time="0.0"/>
  <testcase name="testAddAtIndex_nullUnsupported[JsonArray#asList [collection size: several]]" classname="com.google.common.collect.testing.testers.ListAddAtIndexTester" time="0.0"/>
  <testcase name="testAddAtIndex_tooLarge[JsonArray#asList [collection size: several]]" classname="com.google.common.collect.testing.testers.ListAddAtIndexTester" time="0.001"/>
  <testcase name="testAddAtIndex_supportedNotPresent[JsonArray#asList [collection size: several]]" classname="com.google.common.collect.testing.testers.ListAddAtIndexTester" time="0.0"/>
  <testcase name="testAddAtIndex_middle[JsonArray#asList [collection size: several]]" classname="com.google.common.collect.testing.testers.ListAddAtIndexTester" time="0.0"/>
  <testcase name="testAddAtIndex_negative[JsonArray#asList [collection size: several]]" classname="com.google.common.collect.testing.testers.ListAddAtIndexTester" time="0.0"/>
  <testcase name="testAddAtIndex_end[JsonArray#asList [collection size: several]]" classname="com.google.common.collect.testing.testers.ListAddAtIndexTester" time="0.0"/>
  <testcase name="testEquals_longerList[JsonArray#asList [collection size: zero]]" classname="com.google.common.collect.testing.testers.ListEqualsTester" time="0.0"/>
  <testcase name="testEquals_set[JsonArray#asList [collection size: zero]]" classname="com.google.common.collect.testing.testers.ListEqualsTester" time="0.0"/>
  <testcase name="testEquals_otherListWithSameElements[JsonArray#asList [collection size: zero]]" classname="com.google.common.collect.testing.testers.ListEqualsTester" time="0.0"/>
  <testcase name="testEquals_shorterList[JsonArray#asList [collection size: one]]" classname="com.google.common.collect.testing.testers.ListEqualsTester" time="0.0"/>
  <testcase name="testEquals_longerList[JsonArray#asList [collection size: one]]" classname="com.google.common.collect.testing.testers.ListEqualsTester" time="0.0"/>
  <testcase name="testEquals_set[JsonArray#asList [collection size: one]]" classname="com.google.common.collect.testing.testers.ListEqualsTester" time="0.0"/>
  <testcase name="testEquals_otherListWithDifferentElements[JsonArray#asList [collection size: one]]" classname="com.google.common.collect.testing.testers.ListEqualsTester" time="0.0"/>
  <testcase name="testEquals_otherListWithSameElements[JsonArray#asList [collection size: one]]" classname="com.google.common.collect.testing.testers.ListEqualsTester" time="0.0"/>
  <testcase name="testEquals_otherListContainingNull[JsonArray#asList [collection size: one]]" classname="com.google.common.collect.testing.testers.ListEqualsTester" time="0.0"/>
  <testcase name="testEquals_shorterList[JsonArray#asList [collection size: several]]" classname="com.google.common.collect.testing.testers.ListEqualsTester" time="0.0"/>
  <testcase name="testEquals_longerList[JsonArray#asList [collection size: several]]" classname="com.google.common.collect.testing.testers.ListEqualsTester" time="0.0"/>
  <testcase name="testEquals_set[JsonArray#asList [collection size: several]]" classname="com.google.common.collect.testing.testers.ListEqualsTester" time="0.0"/>
  <testcase name="testEquals_otherListWithDifferentElements[JsonArray#asList [collection size: several]]" classname="com.google.common.collect.testing.testers.ListEqualsTester" time="0.0"/>
  <testcase name="testEquals_otherListWithSameElements[JsonArray#asList [collection size: several]]" classname="com.google.common.collect.testing.testers.ListEqualsTester" time="0.0"/>
  <testcase name="testEquals_otherListContainingNull[JsonArray#asList [collection size: several]]" classname="com.google.common.collect.testing.testers.ListEqualsTester" time="0.0"/>
  <testcase name="testGet_tooLarge[JsonArray#asList [collection size: zero]]" classname="com.google.common.collect.testing.testers.ListGetTester" time="0.0"/>
  <testcase name="testGet_negative[JsonArray#asList [collection size: zero]]" classname="com.google.common.collect.testing.testers.ListGetTester" time="0.0"/>
  <testcase name="testGet_valid[JsonArray#asList [collection size: zero]]" classname="com.google.common.collect.testing.testers.ListGetTester" time="0.0"/>
  <testcase name="testGet_tooLarge[JsonArray#asList [collection size: one]]" classname="com.google.common.collect.testing.testers.ListGetTester" time="0.0"/>
  <testcase name="testGet_negative[JsonArray#asList [collection size: one]]" classname="com.google.common.collect.testing.testers.ListGetTester" time="0.0"/>
  <testcase name="testGet_valid[JsonArray#asList [collection size: one]]" classname="com.google.common.collect.testing.testers.ListGetTester" time="0.0"/>
  <testcase name="testGet_tooLarge[JsonArray#asList [collection size: several]]" classname="com.google.common.collect.testing.testers.ListGetTester" time="0.001"/>
  <testcase name="testGet_negative[JsonArray#asList [collection size: several]]" classname="com.google.common.collect.testing.testers.ListGetTester" time="0.0"/>
  <testcase name="testGet_valid[JsonArray#asList [collection size: several]]" classname="com.google.common.collect.testing.testers.ListGetTester" time="0.0"/>
  <testcase name="testHashCode[JsonArray#asList [collection size: zero]]" classname="com.google.common.collect.testing.testers.ListHashCodeTester" time="0.0"/>
  <testcase name="testHashCode[JsonArray#asList [collection size: one]]" classname="com.google.common.collect.testing.testers.ListHashCodeTester" time="0.0"/>
  <testcase name="testHashCode[JsonArray#asList [collection size: several]]" classname="com.google.common.collect.testing.testers.ListHashCodeTester" time="0.0"/>
  <testcase name="testFind_wrongType[JsonArray#asList [collection size: zero]]" classname="com.google.common.collect.testing.testers.ListIndexOfTester" time="0.0"/>
  <testcase name="testFind_no[JsonArray#asList [collection size: zero]]" classname="com.google.common.collect.testing.testers.ListIndexOfTester" time="0.0"/>
  <testcase name="testFind_nullNotContainedAndUnsupported[JsonArray#asList [collection size: zero]]" classname="com.google.common.collect.testing.testers.ListIndexOfTester" time="0.0"/>
  <testcase name="testFind_wrongType[JsonArray#asList [collection size: one]]" classname="com.google.common.collect.testing.testers.ListIndexOfTester" time="0.0"/>
  <testcase name="testFind_no[JsonArray#asList [collection size: one]]" classname="com.google.common.collect.testing.testers.ListIndexOfTester" time="0.0"/>
  <testcase name="testFind_nullNotContainedAndUnsupported[JsonArray#asList [collection size: one]]" classname="com.google.common.collect.testing.testers.ListIndexOfTester" time="0.0"/>
  <testcase name="testFind_yes[JsonArray#asList [collection size: one]]" classname="com.google.common.collect.testing.testers.ListIndexOfTester" time="0.003"/>
  <testcase name="testIndexOf_duplicate[JsonArray#asList [collection size: several]]" classname="com.google.common.collect.testing.testers.ListIndexOfTester" time="0.0"/>
  <testcase name="testFind_wrongType[JsonArray#asList [collection size: several]]" classname="com.google.common.collect.testing.testers.ListIndexOfTester" time="0.0"/>
  <testcase name="testFind_no[JsonArray#asList [collection size: several]]" classname="com.google.common.collect.testing.testers.ListIndexOfTester" time="0.0"/>
  <testcase name="testFind_nullNotContainedAndUnsupported[JsonArray#asList [collection size: several]]" classname="com.google.common.collect.testing.testers.ListIndexOfTester" time="0.0"/>
  <testcase name="testFind_yes[JsonArray#asList [collection size: several]]" classname="com.google.common.collect.testing.testers.ListIndexOfTester" time="0.0"/>
  <testcase name="testFind_wrongType[JsonArray#asList [collection size: zero]]" classname="com.google.common.collect.testing.testers.ListLastIndexOfTester" time="0.0"/>
  <testcase name="testFind_no[JsonArray#asList [collection size: zero]]" classname="com.google.common.collect.testing.testers.ListLastIndexOfTester" time="0.0"/>
  <testcase name="testFind_nullNotContainedAndUnsupported[JsonArray#asList [collection size: zero]]" classname="com.google.common.collect.testing.testers.ListLastIndexOfTester" time="0.0"/>
  <testcase name="testFind_wrongType[JsonArray#asList [collection size: one]]" classname="com.google.common.collect.testing.testers.ListLastIndexOfTester" time="0.0"/>
  <testcase name="testFind_no[JsonArray#asList [collection size: one]]" classname="com.google.common.collect.testing.testers.ListLastIndexOfTester" time="0.0"/>
  <testcase name="testFind_nullNotContainedAndUnsupported[JsonArray#asList [collection size: one]]" classname="com.google.common.collect.testing.testers.ListLastIndexOfTester" time="0.0"/>
  <testcase name="testFind_yes[JsonArray#asList [collection size: one]]" classname="com.google.common.collect.testing.testers.ListLastIndexOfTester" time="0.0"/>
  <testcase name="testLastIndexOf_duplicate[JsonArray#asList [collection size: several]]" classname="com.google.common.collect.testing.testers.ListLastIndexOfTester" time="0.0"/>
  <testcase name="testFind_wrongType[JsonArray#asList [collection size: several]]" classname="com.google.common.collect.testing.testers.ListLastIndexOfTester" time="0.0"/>
  <testcase name="testFind_no[JsonArray#asList [collection size: several]]" classname="com.google.common.collect.testing.testers.ListLastIndexOfTester" time="0.0"/>
  <testcase name="testFind_nullNotContainedAndUnsupported[JsonArray#asList [collection size: several]]" classname="com.google.common.collect.testing.testers.ListLastIndexOfTester" time="0.0"/>
  <testcase name="testFind_yes[JsonArray#asList [collection size: several]]" classname="com.google.common.collect.testing.testers.ListLastIndexOfTester" time="0.0"/>
  <testcase name="testListIterator_tooHigh[JsonArray#asList [collection size: zero]]" classname="com.google.common.collect.testing.testers.ListListIteratorTester" time="0.0"/>
  <testcase name="testListIterator_fullyModifiable[JsonArray#asList [collection size: zero]]" classname="com.google.common.collect.testing.testers.ListListIteratorTester" time="0.241"/>
  <testcase name="testListIterator_atSize[JsonArray#asList [collection size: zero]]" classname="com.google.common.collect.testing.testers.ListListIteratorTester" time="0.0"/>
  <testcase name="testListIterator_tooLow[JsonArray#asList [collection size: zero]]" classname="com.google.common.collect.testing.testers.ListListIteratorTester" time="0.0"/>
  <testcase name="testListIterator_tooHigh[JsonArray#asList [collection size: one]]" classname="com.google.common.collect.testing.testers.ListListIteratorTester" time="0.0"/>
  <testcase name="testListIterator_fullyModifiable[JsonArray#asList [collection size: one]]" classname="com.google.common.collect.testing.testers.ListListIteratorTester" time="0.214"/>
  <testcase name="testListIterator_atSize[JsonArray#asList [collection size: one]]" classname="com.google.common.collect.testing.testers.ListListIteratorTester" time="0.0"/>
  <testcase name="testListIterator_tooLow[JsonArray#asList [collection size: one]]" classname="com.google.common.collect.testing.testers.ListListIteratorTester" time="0.0"/>
  <testcase name="testListIterator_tooHigh[JsonArray#asList [collection size: several]]" classname="com.google.common.collect.testing.testers.ListListIteratorTester" time="0.0"/>
  <testcase name="testListIterator_fullyModifiable[JsonArray#asList [collection size: several]]" classname="com.google.common.collect.testing.testers.ListListIteratorTester" time="0.166"/>
  <testcase name="testListIterator_atSize[JsonArray#asList [collection size: several]]" classname="com.google.common.collect.testing.testers.ListListIteratorTester" time="0.0"/>
  <testcase name="testListIterator_tooLow[JsonArray#asList [collection size: several]]" classname="com.google.common.collect.testing.testers.ListListIteratorTester" time="0.0"/>
  <testcase name="testRemoveAtIndex_tooLarge[JsonArray#asList [collection size: zero]]" classname="com.google.common.collect.testing.testers.ListRemoveAtIndexTester" time="0.0"/>
  <testcase name="testRemoveAtIndex_negative[JsonArray#asList [collection size: zero]]" classname="com.google.common.collect.testing.testers.ListRemoveAtIndexTester" time="0.001"/>
  <testcase name="testRemoveAtIndex_tooLarge[JsonArray#asList [collection size: one]]" classname="com.google.common.collect.testing.testers.ListRemoveAtIndexTester" time="0.001"/>
  <testcase name="testRemoveAtIndex_last[JsonArray#asList [collection size: one]]" classname="com.google.common.collect.testing.testers.ListRemoveAtIndexTester" time="0.0"/>
  <testcase name="testRemoveAtIndex_first[JsonArray#asList [collection size: one]]" classname="com.google.common.collect.testing.testers.ListRemoveAtIndexTester" time="0.0"/>
  <testcase name="testRemoveAtIndex_negative[JsonArray#asList [collection size: one]]" classname="com.google.common.collect.testing.testers.ListRemoveAtIndexTester" time="0.002"/>
  <testcase name="testRemoveAtIndex_middle[JsonArray#asList [collection size: several]]" classname="com.google.common.collect.testing.testers.ListRemoveAtIndexTester" time="0.0"/>
  <testcase name="testRemoveAtIndex_tooLarge[JsonArray#asList [collection size: several]]" classname="com.google.common.collect.testing.testers.ListRemoveAtIndexTester" time="0.0"/>
  <testcase name="testRemoveAtIndex_last[JsonArray#asList [collection size: several]]" classname="com.google.common.collect.testing.testers.ListRemoveAtIndexTester" time="0.0"/>
  <testcase name="testRemoveAtIndex_first[JsonArray#asList [collection size: several]]" classname="com.google.common.collect.testing.testers.ListRemoveAtIndexTester" time="0.0"/>
  <testcase name="testRemoveAtIndex_negative[JsonArray#asList [collection size: several]]" classname="com.google.common.collect.testing.testers.ListRemoveAtIndexTester" time="0.001"/>
  <testcase name="testReplaceAll[JsonArray#asList [collection size: zero]]" classname="com.google.common.collect.testing.testers.ListReplaceAllTester" time="0.002"/>
  <testcase name="testReplaceAll_changesSome[JsonArray#asList [collection size: zero]]" classname="com.google.common.collect.testing.testers.ListReplaceAllTester" time="0.0"/>
  <testcase name="testReplaceAll[JsonArray#asList [collection size: one]]" classname="com.google.common.collect.testing.testers.ListReplaceAllTester" time="0.0"/>
  <testcase name="testReplaceAll_changesSome[JsonArray#asList [collection size: one]]" classname="com.google.common.collect.testing.testers.ListReplaceAllTester" time="0.0"/>
  <testcase name="testReplaceAll[JsonArray#asList [collection size: several]]" classname="com.google.common.collect.testing.testers.ListReplaceAllTester" time="0.001"/>
  <testcase name="testReplaceAll_changesSome[JsonArray#asList [collection size: several]]" classname="com.google.common.collect.testing.testers.ListReplaceAllTester" time="0.0"/>
  <testcase name="testSet_indexTooLow[JsonArray#asList [collection size: zero]]" classname="com.google.common.collect.testing.testers.ListSetTester" time="0.0"/>
  <testcase name="testSet_indexTooHigh[JsonArray#asList [collection size: zero]]" classname="com.google.common.collect.testing.testers.ListSetTester" time="0.001"/>
  <testcase name="testSet[JsonArray#asList [collection size: one]]" classname="com.google.common.collect.testing.testers.ListSetTester" time="0.0"/>
  <testcase name="testSet_indexTooLow[JsonArray#asList [collection size: one]]" classname="com.google.common.collect.testing.testers.ListSetTester" time="0.0"/>
  <testcase name="testSet_nullUnsupported[JsonArray#asList [collection size: one]]" classname="com.google.common.collect.testing.testers.ListSetTester" time="0.003"/>
  <testcase name="testSet_indexTooHigh[JsonArray#asList [collection size: one]]" classname="com.google.common.collect.testing.testers.ListSetTester" time="0.0"/>
  <testcase name="testSet[JsonArray#asList [collection size: several]]" classname="com.google.common.collect.testing.testers.ListSetTester" time="0.0"/>
  <testcase name="testSet_indexTooLow[JsonArray#asList [collection size: several]]" classname="com.google.common.collect.testing.testers.ListSetTester" time="0.0"/>
  <testcase name="testSet_nullUnsupported[JsonArray#asList [collection size: several]]" classname="com.google.common.collect.testing.testers.ListSetTester" time="0.0"/>
  <testcase name="testSet_indexTooHigh[JsonArray#asList [collection size: several]]" classname="com.google.common.collect.testing.testers.ListSetTester" time="0.0"/>
  <testcase name="testSubList_ofSubListEmpty[JsonArray#asList [collection size: zero]]" classname="com.google.common.collect.testing.testers.ListSubListTester" time="0.0"/>
  <testcase name="testSubList_subListAddAffectsOriginal[JsonArray#asList [collection size: zero]]" classname="com.google.common.collect.testing.testers.ListSubListTester" time="0.0"/>
  <testcase name="testSubList_empty[JsonArray#asList [collection size: zero]]" classname="com.google.common.collect.testing.testers.ListSubListTester" time="0.0"/>
  <testcase name="testSubList_startGreaterThanEnd[JsonArray#asList [collection size: zero]]" classname="com.google.common.collect.testing.testers.ListSubListTester" time="0.0"/>
  <testcase name="testSubList_startNegative[JsonArray#asList [collection size: zero]]" classname="com.google.common.collect.testing.testers.ListSubListTester" time="0.002"/>
  <testcase name="testSubList_entireList[JsonArray#asList [collection size: zero]]" classname="com.google.common.collect.testing.testers.ListSubListTester" time="0.0"/>
  <testcase name="testSubList_endTooLarge[JsonArray#asList [collection size: zero]]" classname="com.google.common.collect.testing.testers.ListSubListTester" time="0.0"/>
  <testcase name="testSubList_ofSubListEmpty[JsonArray#asList [collection size: one]]" classname="com.google.common.collect.testing.testers.ListSubListTester" time="0.0"/>
  <testcase name="testSubList_subListAddAffectsOriginal[JsonArray#asList [collection size: one]]" classname="com.google.common.collect.testing.testers.ListSubListTester" time="0.0"/>
  <testcase name="testSubList_empty[JsonArray#asList [collection size: one]]" classname="com.google.common.collect.testing.testers.ListSubListTester" time="0.0"/>
  <testcase name="testSubList_startGreaterThanEnd[JsonArray#asList [collection size: one]]" classname="com.google.common.collect.testing.testers.ListSubListTester" time="0.0"/>
  <testcase name="testSubList_startNegative[JsonArray#asList [collection size: one]]" classname="com.google.common.collect.testing.testers.ListSubListTester" time="0.0"/>
  <testcase name="testSubList_subListSetAffectsOriginal[JsonArray#asList [collection size: one]]" classname="com.google.common.collect.testing.testers.ListSubListTester" time="0.001"/>
  <testcase name="testSubList_entireList[JsonArray#asList [collection size: one]]" classname="com.google.common.collect.testing.testers.ListSubListTester" time="0.0"/>
  <testcase name="testSubList_isEmpty[JsonArray#asList [collection size: one]]" classname="com.google.common.collect.testing.testers.ListSubListTester" time="0.003"/>
  <testcase name="testSubList_subListRemoveAffectsOriginal[JsonArray#asList [collection size: one]]" classname="com.google.common.collect.testing.testers.ListSubListTester" time="0.0"/>
  <testcase name="testSubList_originalListSetAffectsSubList[JsonArray#asList [collection size: one]]" classname="com.google.common.collect.testing.testers.ListSubListTester" time="0.0"/>
  <testcase name="testSubList_endTooLarge[JsonArray#asList [collection size: one]]" classname="com.google.common.collect.testing.testers.ListSubListTester" time="0.0"/>
  <testcase name="testSubList_size[JsonArray#asList [collection size: one]]" classname="com.google.common.collect.testing.testers.ListSubListTester" time="0.0"/>
  <testcase name="testSubList_subListClearAffectsOriginal[JsonArray#asList [collection size: one]]" classname="com.google.common.collect.testing.testers.ListSubListTester" time="0.0"/>
  <testcase name="testSubList_ofSubListEmpty[JsonArray#asList [collection size: several]]" classname="com.google.common.collect.testing.testers.ListSubListTester" time="0.0"/>
  <testcase name="testSubList_originalListSetAffectsSubListLargeList[JsonArray#asList [collection size: several]]" classname="com.google.common.collect.testing.testers.ListSubListTester" time="0.0"/>
  <testcase name="testSubList_subListAddAffectsOriginal[JsonArray#asList [collection size: several]]" classname="com.google.common.collect.testing.testers.ListSubListTester" time="0.0"/>
  <testcase name="testSubList_empty[JsonArray#asList [collection size: several]]" classname="com.google.common.collect.testing.testers.ListSubListTester" time="0.0"/>
  <testcase name="testSubList_subListRemoveAffectsOriginalLargeList[JsonArray#asList [collection size: several]]" classname="com.google.common.collect.testing.testers.ListSubListTester" time="0.0"/>
  <testcase name="testSubList_subListSetAffectsOriginalLargeList[JsonArray#asList [collection size: several]]" classname="com.google.common.collect.testing.testers.ListSubListTester" time="0.0"/>
  <testcase name="testSubList_startGreaterThanEnd[JsonArray#asList [collection size: several]]" classname="com.google.common.collect.testing.testers.ListSubListTester" time="0.002"/>
  <testcase name="testSubList_lastIndexOf[JsonArray#asList [collection size: several]]" classname="com.google.common.collect.testing.testers.ListSubListTester" time="0.0"/>
  <testcase name="testSubList_startNegative[JsonArray#asList [collection size: several]]" classname="com.google.common.collect.testing.testers.ListSubListTester" time="0.0"/>
  <testcase name="testSubList_subListSetAffectsOriginal[JsonArray#asList [collection size: several]]" classname="com.google.common.collect.testing.testers.ListSubListTester" time="0.0"/>
  <testcase name="testSubList_subListAddAtIndexAffectsOriginalLargeList[JsonArray#asList [collection size: several]]" classname="com.google.common.collect.testing.testers.ListSubListTester" time="0.0"/>
  <testcase name="testSubList_entireList[JsonArray#asList [collection size: several]]" classname="com.google.common.collect.testing.testers.ListSubListTester" time="0.001"/>
  <testcase name="testSubList_contains[JsonArray#asList [collection size: several]]" classname="com.google.common.collect.testing.testers.ListSubListTester" time="0.0"/>
  <testcase name="testSubList_indexOf[JsonArray#asList [collection size: several]]" classname="com.google.common.collect.testing.testers.ListSubListTester" time="0.001"/>
  <testcase name="testSubList_isEmpty[JsonArray#asList [collection size: several]]" classname="com.google.common.collect.testing.testers.ListSubListTester" time="0.0"/>
  <testcase name="testSubList_ofSubListNonEmpty[JsonArray#asList [collection size: several]]" classname="com.google.common.collect.testing.testers.ListSubListTester" time="0.0"/>
  <testcase name="testSubList_subListRemoveAffectsOriginal[JsonArray#asList [collection size: several]]" classname="com.google.common.collect.testing.testers.ListSubListTester" time="0.0"/>
  <testcase name="testSubList_originalListSetAffectsSubList[JsonArray#asList [collection size: several]]" classname="com.google.common.collect.testing.testers.ListSubListTester" time="0.0"/>
  <testcase name="testSubList_endTooLarge[JsonArray#asList [collection size: several]]" classname="com.google.common.collect.testing.testers.ListSubListTester" time="0.001"/>
  <testcase name="testSubList_size[JsonArray#asList [collection size: several]]" classname="com.google.common.collect.testing.testers.ListSubListTester" time="0.0"/>
  <testcase name="testSubList_subListClearAffectsOriginal[JsonArray#asList [collection size: several]]" classname="com.google.common.collect.testing.testers.ListSubListTester" time="0.0"/>
  <testcase name="testSubList_get[JsonArray#asList [collection size: several]]" classname="com.google.common.collect.testing.testers.ListSubListTester" time="0.007"/>
  <testcase name="testToArray_largeEnough[JsonArray#asList [collection size: zero]]" classname="com.google.common.collect.testing.testers.ListToArrayTester" time="0.0"/>
  <testcase name="testToArray_noArg[JsonArray#asList [collection size: zero]]" classname="com.google.common.collect.testing.testers.ListToArrayTester" time="0.0"/>
  <testcase name="testToArray_tooSmall[JsonArray#asList [collection size: one]]" classname="com.google.common.collect.testing.testers.ListToArrayTester" time="0.0"/>
  <testcase name="testToArray_largeEnough[JsonArray#asList [collection size: one]]" classname="com.google.common.collect.testing.testers.ListToArrayTester" time="0.0"/>
  <testcase name="testToArray_noArg[JsonArray#asList [collection size: one]]" classname="com.google.common.collect.testing.testers.ListToArrayTester" time="0.0"/>
  <testcase name="testToArray_tooSmall[JsonArray#asList [collection size: several]]" classname="com.google.common.collect.testing.testers.ListToArrayTester" time="0.0"/>
  <testcase name="testToArray_largeEnough[JsonArray#asList [collection size: several]]" classname="com.google.common.collect.testing.testers.ListToArrayTester" time="0.0"/>
  <testcase name="testToArray_noArg[JsonArray#asList [collection size: several]]" classname="com.google.common.collect.testing.testers.ListToArrayTester" time="0.0"/>
  <testcase name="testCreateWithNull_unsupported[JsonArray#asList [collection size: one]]" classname="com.google.common.collect.testing.testers.CollectionCreationTester" time="0.0"/>
  <testcase name="testCreateWithNull_unsupported[JsonArray#asList [collection size: several]]" classname="com.google.common.collect.testing.testers.CollectionCreationTester" time="0.0"/>
  <testcase name="testAdd_supportedPresent[JsonArray#asList [collection size: one]]" classname="com.google.common.collect.testing.testers.ListAddTester" time="0.0"/>
  <testcase name="testAdd_supportedPresent[JsonArray#asList [collection size: several]]" classname="com.google.common.collect.testing.testers.ListAddTester" time="0.0"/>
  <testcase name="testCreateWithDuplicates[JsonArray#asList [collection size: several]]" classname="com.google.common.collect.testing.testers.ListCreationTester" time="0.0"/>
  <testcase name="testRemoveAll_duplicate[JsonArray#asList [collection size: several]]" classname="com.google.common.collect.testing.testers.ListRemoveAllTester" time="0.001"/>
  <testcase name="testRemove_duplicate[JsonArray#asList [collection size: several]]" classname="com.google.common.collect.testing.testers.ListRemoveTester" time="0.0"/>
  <testcase name="testRetainAll_duplicatesRemoved[JsonArray#asList [collection size: several]]" classname="com.google.common.collect.testing.testers.ListRetainAllTester" time="0.0"/>
  <testcase name="testRetainAll_countIgnored[JsonArray#asList [collection size: several]]" classname="com.google.common.collect.testing.testers.ListRetainAllTester" time="0.0"/>
  <testcase name="testRetainAll_duplicatesKept[JsonArray#asList [collection size: several]]" classname="com.google.common.collect.testing.testers.ListRetainAllTester" time="0.0"/>
</testsuite>